mode: atomic
github.com/goodrain/rainbond-operator/pkg/controller/rainbondcluster/rainbondcluster_controller.go:34.37,36.2 1 0
github.com/goodrain/rainbond-operator/pkg/controller/rainbondcluster/rainbondcluster_controller.go:39.62,41.2 1 0
github.com/goodrain/rainbond-operator/pkg/controller/rainbondcluster/rainbondcluster_controller.go:44.61,47.16 2 0
github.com/goodrain/rainbond-operator/pkg/controller/rainbondcluster/rainbondcluster_controller.go:53.2,59.16 2 0
github.com/goodrain/rainbond-operator/pkg/controller/rainbondcluster/rainbondcluster_controller.go:63.2,63.12 1 0
github.com/goodrain/rainbond-operator/pkg/controller/rainbondcluster/rainbondcluster_controller.go:47.16,49.3 1 0
github.com/goodrain/rainbond-operator/pkg/controller/rainbondcluster/rainbondcluster_controller.go:59.16,61.3 1 0
github.com/goodrain/rainbond-operator/pkg/controller/rainbondcluster/rainbondcluster_controller.go:82.99,92.16 7 0
github.com/goodrain/rainbond-operator/pkg/controller/rainbondcluster/rainbondcluster_controller.go:103.2,103.75 1 0
github.com/goodrain/rainbond-operator/pkg/controller/rainbondcluster/rainbondcluster_controller.go:107.2,108.16 2 0
github.com/goodrain/rainbond-operator/pkg/controller/rainbondcluster/rainbondcluster_controller.go:112.2,113.71 2 0
github.com/goodrain/rainbond-operator/pkg/controller/rainbondcluster/rainbondcluster_controller.go:118.2,118.42 1 0
github.com/goodrain/rainbond-operator/pkg/controller/rainbondcluster/rainbondcluster_controller.go:133.2,133.46 1 0
github.com/goodrain/rainbond-operator/pkg/controller/rainbondcluster/rainbondcluster_controller.go:92.16,93.29 1 0
github.com/goodrain/rainbond-operator/pkg/controller/rainbondcluster/rainbondcluster_controller.go:100.3,100.33 1 0
github.com/goodrain/rainbond-operator/pkg/controller/rainbondcluster/rainbondcluster_controller.go:93.29,98.4 1 0
github.com/goodrain/rainbond-operator/pkg/controller/rainbondcluster/rainbondcluster_controller.go:103.75,105.3 1 0
github.com/goodrain/rainbond-operator/pkg/controller/rainbondcluster/rainbondcluster_controller.go:108.16,111.3 2 0
github.com/goodrain/rainbond-operator/pkg/controller/rainbondcluster/rainbondcluster_controller.go:113.71,116.3 2 0
github.com/goodrain/rainbond-operator/pkg/controller/rainbondcluster/rainbondcluster_controller.go:118.42,122.17 3 0
github.com/goodrain/rainbond-operator/pkg/controller/rainbondcluster/rainbondcluster_controller.go:126.3,127.62 2 0
github.com/goodrain/rainbond-operator/pkg/controller/rainbondcluster/rainbondcluster_controller.go:122.17,125.4 2 0
github.com/goodrain/rainbond-operator/pkg/controller/rainbondcluster/rainbondcluster_controller.go:127.62,130.4 2 0
github.com/goodrain/rainbond-operator/pkg/controller/rainbondcluster/rainbondcluster_controller.go:136.95,141.81 4 0
github.com/goodrain/rainbond-operator/pkg/controller/rainbondcluster/rainbondcluster_controller.go:146.2,147.44 2 0
github.com/goodrain/rainbond-operator/pkg/controller/rainbondcluster/rainbondcluster_controller.go:155.2,155.23 1 0
github.com/goodrain/rainbond-operator/pkg/controller/rainbondcluster/rainbondcluster_controller.go:141.81,144.3 2 0
github.com/goodrain/rainbond-operator/pkg/controller/rainbondcluster/rainbondcluster_controller.go:147.44,153.3 2 0
github.com/goodrain/rainbond-operator/pkg/controller/rainbondcluster/rainbondcluster_controller.go:158.42,160.16 2 0
github.com/goodrain/rainbond-operator/pkg/controller/rainbondcluster/rainbondcluster_controller.go:163.2,163.15 1 0
github.com/goodrain/rainbond-operator/pkg/controller/rainbondcluster/rainbondcluster_controller.go:164.2,164.13 1 0
github.com/goodrain/rainbond-operator/pkg/controller/rainbondcluster/rainbondcluster_controller.go:160.16,162.3 1 0
github.com/goodrain/rainbond-operator/pkg/controller/rainbondcluster/rainbondcluster_controller.go:163.15,163.32 1 0
github.com/goodrain/rainbond-operator/pkg/controller/rainbondcluster/rainbondcluster_controller.go:169.187,174.16 4 0
github.com/goodrain/rainbond-operator/pkg/controller/rainbondcluster/rainbondcluster_controller.go:178.2,191.15 4 0
github.com/goodrain/rainbond-operator/pkg/controller/rainbondcluster/rainbondcluster_controller.go:174.16,176.3 1 0
github.com/goodrain/rainbond-operator/pkg/controller/rainbondcluster/rainbondcluster_controller.go:194.92,196.50 2 0
github.com/goodrain/rainbond-operator/pkg/controller/rainbondcluster/rainbondcluster_controller.go:200.2,201.35 2 0
github.com/goodrain/rainbond-operator/pkg/controller/rainbondcluster/rainbondcluster_controller.go:211.2,211.19 1 0
github.com/goodrain/rainbond-operator/pkg/controller/rainbondcluster/rainbondcluster_controller.go:196.50,199.3 2 0
github.com/goodrain/rainbond-operator/pkg/controller/rainbondcluster/rainbondcluster_controller.go:201.35,202.32 1 0
github.com/goodrain/rainbond-operator/pkg/controller/rainbondcluster/rainbondcluster_controller.go:202.32,203.60 1 0
github.com/goodrain/rainbond-operator/pkg/controller/rainbondcluster/rainbondcluster_controller.go:206.4,206.103 1 0
github.com/goodrain/rainbond-operator/pkg/controller/rainbondcluster/rainbondcluster_controller.go:203.60,205.5 1 0
github.com/goodrain/rainbond-operator/pkg/controller/rainbondcluster/rainbondcluster_controller.go:206.103,208.5 1 0
github.com/goodrain/rainbond-operator/pkg/controller/rainbondcluster/rainbondcluster_controller.go:214.127,215.32 1 0
github.com/goodrain/rainbond-operator/pkg/controller/rainbondcluster/rainbondcluster_controller.go:240.2,240.40 1 0
github.com/goodrain/rainbond-operator/pkg/controller/rainbondcluster/rainbondcluster_controller.go:244.2,246.8 1 0
github.com/goodrain/rainbond-operator/pkg/controller/rainbondcluster/rainbondcluster_controller.go:215.32,227.17 5 0
github.com/goodrain/rainbond-operator/pkg/controller/rainbondcluster/rainbondcluster_controller.go:230.3,232.17 3 0
github.com/goodrain/rainbond-operator/pkg/controller/rainbondcluster/rainbondcluster_controller.go:235.3,235.38 1 0
github.com/goodrain/rainbond-operator/pkg/controller/rainbondcluster/rainbondcluster_controller.go:238.3,238.13 1 0
github.com/goodrain/rainbond-operator/pkg/controller/rainbondcluster/rainbondcluster_controller.go:227.17,229.4 1 0
github.com/goodrain/rainbond-operator/pkg/controller/rainbondcluster/rainbondcluster_controller.go:232.17,234.4 1 0
github.com/goodrain/rainbond-operator/pkg/controller/rainbondcluster/rainbondcluster_controller.go:235.38,237.4 1 0
github.com/goodrain/rainbond-operator/pkg/controller/rainbondcluster/rainbondcluster_controller.go:240.40,242.3 1 0
github.com/goodrain/rainbond-operator/pkg/controller/rainbondcluster/rainbondcluster_controller.go:249.111,256.2 2 0
github.com/goodrain/rainbond-operator/pkg/controller/rainbondcluster/rainbondcluster_controller.go:258.131,263.2 2 0
github.com/goodrain/rainbond-operator/pkg/controller/rainbondcluster/rainbondcluster_controller.go:265.98,268.25 3 0
github.com/goodrain/rainbond-operator/pkg/controller/rainbondcluster/rainbondcluster_controller.go:282.2,282.15 1 0
github.com/goodrain/rainbond-operator/pkg/controller/rainbondcluster/rainbondcluster_controller.go:268.25,271.37 3 0
github.com/goodrain/rainbond-operator/pkg/controller/rainbondcluster/rainbondcluster_controller.go:278.3,278.9 1 0
github.com/goodrain/rainbond-operator/pkg/controller/rainbondcluster/rainbondcluster_controller.go:271.37,272.67 1 0
github.com/goodrain/rainbond-operator/pkg/controller/rainbondcluster/rainbondcluster_controller.go:272.67,275.10 3 0
github.com/goodrain/rainbond-operator/pkg/controller/rainbondcluster/rainbondcluster_controller.go:278.9,280.4 1 0
github.com/goodrain/rainbond-operator/pkg/controller/rainbondcluster/rainbondcluster_controller.go:285.109,289.2 1 0
github.com/goodrain/rainbond-operator/pkg/controller/rainbondcluster/rainbondcluster_controller.go:291.128,294.2 2 0
github.com/goodrain/rainbond-operator/pkg/controller/rainbondcluster/rainbondcluster_controller.go:296.129,301.66 3 0
github.com/goodrain/rainbond-operator/pkg/controller/rainbondcluster/rainbondcluster_controller.go:306.2,306.92 1 0
github.com/goodrain/rainbond-operator/pkg/controller/rainbondcluster/rainbondcluster_controller.go:315.2,316.38 2 0
github.com/goodrain/rainbond-operator/pkg/controller/rainbondcluster/rainbondcluster_controller.go:325.2,325.17 1 0
github.com/goodrain/rainbond-operator/pkg/controller/rainbondcluster/rainbondcluster_controller.go:301.66,304.3 2 0
github.com/goodrain/rainbond-operator/pkg/controller/rainbondcluster/rainbondcluster_controller.go:306.92,307.37 1 0
github.com/goodrain/rainbond-operator/pkg/controller/rainbondcluster/rainbondcluster_controller.go:312.3,312.12 1 0
github.com/goodrain/rainbond-operator/pkg/controller/rainbondcluster/rainbondcluster_controller.go:307.37,308.35 1 0
github.com/goodrain/rainbond-operator/pkg/controller/rainbondcluster/rainbondcluster_controller.go:308.35,310.5 1 0
github.com/goodrain/rainbond-operator/pkg/controller/rainbondcluster/rainbondcluster_controller.go:316.38,323.3 2 0
github.com/goodrain/rainbond-operator/pkg/controller/rainbondpackage/rainbondpackage_controller.go:53.37,55.2 1 0
github.com/goodrain/rainbond-operator/pkg/controller/rainbondpackage/rainbondpackage_controller.go:58.62,60.2 1 0
github.com/goodrain/rainbond-operator/pkg/controller/rainbondpackage/rainbondpackage_controller.go:63.61,66.16 2 0
github.com/goodrain/rainbond-operator/pkg/controller/rainbondpackage/rainbondpackage_controller.go:71.2,77.16 2 0
github.com/goodrain/rainbond-operator/pkg/controller/rainbondpackage/rainbondpackage_controller.go:81.2,81.12 1 0
github.com/goodrain/rainbond-operator/pkg/controller/rainbondpackage/rainbondpackage_controller.go:66.16,68.3 1 0
github.com/goodrain/rainbond-operator/pkg/controller/rainbondpackage/rainbondpackage_controller.go:77.16,79.3 1 0
github.com/goodrain/rainbond-operator/pkg/controller/rainbondpackage/rainbondpackage_controller.go:100.99,110.16 7 0
github.com/goodrain/rainbond-operator/pkg/controller/rainbondpackage/rainbondpackage_controller.go:120.2,121.18 2 0
github.com/goodrain/rainbond-operator/pkg/controller/rainbondpackage/rainbondpackage_controller.go:128.2,128.15 1 0
github.com/goodrain/rainbond-operator/pkg/controller/rainbondpackage/rainbondpackage_controller.go:132.2,133.16 2 0
github.com/goodrain/rainbond-operator/pkg/controller/rainbondpackage/rainbondpackage_controller.go:141.2,141.34 1 0
github.com/goodrain/rainbond-operator/pkg/controller/rainbondpackage/rainbondpackage_controller.go:152.2,152.32 1 0
github.com/goodrain/rainbond-operator/pkg/controller/rainbondpackage/rainbondpackage_controller.go:110.16,111.29 1 0
github.com/goodrain/rainbond-operator/pkg/controller/rainbondpackage/rainbondpackage_controller.go:118.3,118.33 1 0
github.com/goodrain/rainbond-operator/pkg/controller/rainbondpackage/rainbondpackage_controller.go:111.29,116.4 1 0
github.com/goodrain/rainbond-operator/pkg/controller/rainbondpackage/rainbondpackage_controller.go:121.18,122.55 1 0
github.com/goodrain/rainbond-operator/pkg/controller/rainbondpackage/rainbondpackage_controller.go:126.3,126.33 1 0
github.com/goodrain/rainbond-operator/pkg/controller/rainbondpackage/rainbondpackage_controller.go:122.55,125.4 2 0
github.com/goodrain/rainbond-operator/pkg/controller/rainbondpackage/rainbondpackage_controller.go:128.15,130.3 1 0
github.com/goodrain/rainbond-operator/pkg/controller/rainbondpackage/rainbondpackage_controller.go:133.16,139.3 5 0
github.com/goodrain/rainbond-operator/pkg/controller/rainbondpackage/rainbondpackage_controller.go:141.34,142.42 1 0
github.com/goodrain/rainbond-operator/pkg/controller/rainbondpackage/rainbondpackage_controller.go:149.3,149.62 1 0
github.com/goodrain/rainbond-operator/pkg/controller/rainbondpackage/rainbondpackage_controller.go:142.42,144.4 1 0
github.com/goodrain/rainbond-operator/pkg/controller/rainbondpackage/rainbondpackage_controller.go:144.9,144.47 1 0
github.com/goodrain/rainbond-operator/pkg/controller/rainbondpackage/rainbondpackage_controller.go:144.47,146.4 1 0
github.com/goodrain/rainbond-operator/pkg/controller/rainbondpackage/rainbondpackage_controller.go:146.9,148.4 1 0
github.com/goodrain/rainbond-operator/pkg/controller/rainbondpackage/rainbondpackage_controller.go:154.66,190.2 1 1
github.com/goodrain/rainbond-operator/pkg/controller/rainbondpackage/rainbondpackage_controller.go:193.108,194.23 1 0
github.com/goodrain/rainbond-operator/pkg/controller/rainbondpackage/rainbondpackage_controller.go:198.2,199.45 2 0
github.com/goodrain/rainbond-operator/pkg/controller/rainbondpackage/rainbondpackage_controller.go:211.2,211.50 1 0
github.com/goodrain/rainbond-operator/pkg/controller/rainbondpackage/rainbondpackage_controller.go:214.2,214.19 1 0
github.com/goodrain/rainbond-operator/pkg/controller/rainbondpackage/rainbondpackage_controller.go:194.23,197.3 2 0
github.com/goodrain/rainbond-operator/pkg/controller/rainbondpackage/rainbondpackage_controller.go:199.45,200.46 1 0
github.com/goodrain/rainbond-operator/pkg/controller/rainbondpackage/rainbondpackage_controller.go:204.3,204.45 1 0
github.com/goodrain/rainbond-operator/pkg/controller/rainbondpackage/rainbondpackage_controller.go:207.3,207.48 1 0
github.com/goodrain/rainbond-operator/pkg/controller/rainbondpackage/rainbondpackage_controller.go:200.46,202.4 1 0
github.com/goodrain/rainbond-operator/pkg/controller/rainbondpackage/rainbondpackage_controller.go:204.45,206.4 1 0
github.com/goodrain/rainbond-operator/pkg/controller/rainbondpackage/rainbondpackage_controller.go:207.48,209.4 1 0
github.com/goodrain/rainbond-operator/pkg/controller/rainbondpackage/rainbondpackage_controller.go:211.50,213.3 1 0
github.com/goodrain/rainbond-operator/pkg/controller/rainbondpackage/rainbondpackage_controller.go:236.130,238.16 2 1
github.com/goodrain/rainbond-operator/pkg/controller/rainbondpackage/rainbondpackage_controller.go:242.2,252.17 2 1
github.com/goodrain/rainbond-operator/pkg/controller/rainbondpackage/rainbondpackage_controller.go:238.16,241.3 2 0
github.com/goodrain/rainbond-operator/pkg/controller/rainbondpackage/rainbondpackage_controller.go:255.69,256.29 1 1
github.com/goodrain/rainbond-operator/pkg/controller/rainbondpackage/rainbondpackage_controller.go:259.2,259.60 1 1
github.com/goodrain/rainbond-operator/pkg/controller/rainbondpackage/rainbondpackage_controller.go:262.2,262.33 1 0
github.com/goodrain/rainbond-operator/pkg/controller/rainbondpackage/rainbondpackage_controller.go:265.2,295.12 6 0
github.com/goodrain/rainbond-operator/pkg/controller/rainbondpackage/rainbondpackage_controller.go:256.29,258.3 1 0
github.com/goodrain/rainbond-operator/pkg/controller/rainbondpackage/rainbondpackage_controller.go:259.60,261.3 1 1
github.com/goodrain/rainbond-operator/pkg/controller/rainbondpackage/rainbondpackage_controller.go:262.33,264.3 1 0
github.com/goodrain/rainbond-operator/pkg/controller/rainbondpackage/rainbondpackage_controller.go:298.38,299.56 1 0
github.com/goodrain/rainbond-operator/pkg/controller/rainbondpackage/rainbondpackage_controller.go:303.2,303.12 1 0
github.com/goodrain/rainbond-operator/pkg/controller/rainbondpackage/rainbondpackage_controller.go:299.56,302.3 2 0
github.com/goodrain/rainbond-operator/pkg/controller/rainbondpackage/rainbondpackage_controller.go:306.88,310.16 4 0
github.com/goodrain/rainbond-operator/pkg/controller/rainbondpackage/rainbondpackage_controller.go:316.2,316.12 1 0
github.com/goodrain/rainbond-operator/pkg/controller/rainbondpackage/rainbondpackage_controller.go:310.16,312.17 2 0
github.com/goodrain/rainbond-operator/pkg/controller/rainbondpackage/rainbondpackage_controller.go:312.17,314.4 1 0
github.com/goodrain/rainbond-operator/pkg/controller/rainbondpackage/rainbondpackage_controller.go:319.42,323.126 4 0
github.com/goodrain/rainbond-operator/pkg/controller/rainbondpackage/rainbondpackage_controller.go:327.2,327.46 1 0
github.com/goodrain/rainbond-operator/pkg/controller/rainbondpackage/rainbondpackage_controller.go:330.2,330.34 1 0
github.com/goodrain/rainbond-operator/pkg/controller/rainbondpackage/rainbondpackage_controller.go:349.2,349.12 1 0
github.com/goodrain/rainbond-operator/pkg/controller/rainbondpackage/rainbondpackage_controller.go:323.126,326.3 2 0
github.com/goodrain/rainbond-operator/pkg/controller/rainbondpackage/rainbondpackage_controller.go:327.46,329.3 1 0
github.com/goodrain/rainbond-operator/pkg/controller/rainbondpackage/rainbondpackage_controller.go:331.52,332.27 1 0
github.com/goodrain/rainbond-operator/pkg/controller/rainbondpackage/rainbondpackage_controller.go:333.10,336.34 3 0
github.com/goodrain/rainbond-operator/pkg/controller/rainbondpackage/rainbondpackage_controller.go:339.3,339.35 1 0
github.com/goodrain/rainbond-operator/pkg/controller/rainbondpackage/rainbondpackage_controller.go:345.3,345.30 1 0
github.com/goodrain/rainbond-operator/pkg/controller/rainbondpackage/rainbondpackage_controller.go:336.34,338.4 1 0
github.com/goodrain/rainbond-operator/pkg/controller/rainbondpackage/rainbondpackage_controller.go:339.35,341.45 2 0
github.com/goodrain/rainbond-operator/pkg/controller/rainbondpackage/rainbondpackage_controller.go:341.45,343.5 1 0
github.com/goodrain/rainbond-operator/pkg/controller/rainbondpackage/rainbondpackage_controller.go:345.30,347.4 1 0
github.com/goodrain/rainbond-operator/pkg/controller/rainbondpackage/rainbondpackage_controller.go:352.108,353.52 1 0
github.com/goodrain/rainbond-operator/pkg/controller/rainbondpackage/rainbondpackage_controller.go:358.2,358.12 1 0
github.com/goodrain/rainbond-operator/pkg/controller/rainbondpackage/rainbondpackage_controller.go:353.52,354.29 1 0
github.com/goodrain/rainbond-operator/pkg/controller/rainbondpackage/rainbondpackage_controller.go:354.29,356.4 1 0
github.com/goodrain/rainbond-operator/pkg/controller/rainbondpackage/rainbondpackage_controller.go:360.129,361.52 1 0
github.com/goodrain/rainbond-operator/pkg/controller/rainbondpackage/rainbondpackage_controller.go:361.52,362.29 1 0
github.com/goodrain/rainbond-operator/pkg/controller/rainbondpackage/rainbondpackage_controller.go:362.29,363.51 1 0
github.com/goodrain/rainbond-operator/pkg/controller/rainbondpackage/rainbondpackage_controller.go:366.4,368.44 3 0
github.com/goodrain/rainbond-operator/pkg/controller/rainbondpackage/rainbondpackage_controller.go:373.4,373.9 1 0
github.com/goodrain/rainbond-operator/pkg/controller/rainbondpackage/rainbondpackage_controller.go:363.51,365.5 1 0
github.com/goodrain/rainbond-operator/pkg/controller/rainbondpackage/rainbondpackage_controller.go:368.44,372.5 3 0
github.com/goodrain/rainbond-operator/pkg/controller/rainbondpackage/rainbondpackage_controller.go:377.105,378.52 1 0
github.com/goodrain/rainbond-operator/pkg/controller/rainbondpackage/rainbondpackage_controller.go:378.52,379.29 1 0
github.com/goodrain/rainbond-operator/pkg/controller/rainbondpackage/rainbondpackage_controller.go:379.29,383.9 4 0
github.com/goodrain/rainbond-operator/pkg/controller/rainbondpackage/rainbondpackage_controller.go:387.104,388.20 1 0
github.com/goodrain/rainbond-operator/pkg/controller/rainbondpackage/rainbondpackage_controller.go:391.2,391.52 1 0
github.com/goodrain/rainbond-operator/pkg/controller/rainbondpackage/rainbondpackage_controller.go:400.2,400.14 1 0
github.com/goodrain/rainbond-operator/pkg/controller/rainbondpackage/rainbondpackage_controller.go:388.20,390.3 1 0
github.com/goodrain/rainbond-operator/pkg/controller/rainbondpackage/rainbondpackage_controller.go:391.52,392.29 1 0
github.com/goodrain/rainbond-operator/pkg/controller/rainbondpackage/rainbondpackage_controller.go:392.29,394.60 2 0
github.com/goodrain/rainbond-operator/pkg/controller/rainbondpackage/rainbondpackage_controller.go:394.60,397.5 2 0
github.com/goodrain/rainbond-operator/pkg/controller/rainbondpackage/rainbondpackage_controller.go:402.79,403.16 1 0
github.com/goodrain/rainbond-operator/pkg/controller/rainbondpackage/rainbondpackage_controller.go:406.2,407.27 2 0
github.com/goodrain/rainbond-operator/pkg/controller/rainbondpackage/rainbondpackage_controller.go:403.16,405.3 1 0
github.com/goodrain/rainbond-operator/pkg/controller/rainbondpackage/rainbondpackage_controller.go:409.78,410.16 1 0
github.com/goodrain/rainbond-operator/pkg/controller/rainbondpackage/rainbondpackage_controller.go:413.2,414.27 2 0
github.com/goodrain/rainbond-operator/pkg/controller/rainbondpackage/rainbondpackage_controller.go:410.16,412.3 1 0
github.com/goodrain/rainbond-operator/pkg/controller/rainbondpackage/rainbondpackage_controller.go:416.34,417.74 1 0
github.com/goodrain/rainbond-operator/pkg/controller/rainbondpackage/rainbondpackage_controller.go:433.2,433.14 1 0
github.com/goodrain/rainbond-operator/pkg/controller/rainbondpackage/rainbondpackage_controller.go:417.74,418.45 1 0
github.com/goodrain/rainbond-operator/pkg/controller/rainbondpackage/rainbondpackage_controller.go:431.3,431.15 1 0
github.com/goodrain/rainbond-operator/pkg/controller/rainbondpackage/rainbondpackage_controller.go:418.45,419.26 1 0
github.com/goodrain/rainbond-operator/pkg/controller/rainbondpackage/rainbondpackage_controller.go:426.4,426.50 1 0
github.com/goodrain/rainbond-operator/pkg/controller/rainbondpackage/rainbondpackage_controller.go:429.4,429.15 1 0
github.com/goodrain/rainbond-operator/pkg/controller/rainbondpackage/rainbondpackage_controller.go:419.26,421.52 2 0
github.com/goodrain/rainbond-operator/pkg/controller/rainbondpackage/rainbondpackage_controller.go:424.5,424.17 1 0
github.com/goodrain/rainbond-operator/pkg/controller/rainbondpackage/rainbondpackage_controller.go:421.52,423.6 1 0
github.com/goodrain/rainbond-operator/pkg/controller/rainbondpackage/rainbondpackage_controller.go:426.50,428.5 1 0
github.com/goodrain/rainbond-operator/pkg/controller/rainbondpackage/rainbondpackage_controller.go:436.32,437.74 1 0
github.com/goodrain/rainbond-operator/pkg/controller/rainbondpackage/rainbondpackage_controller.go:458.2,458.14 1 0
github.com/goodrain/rainbond-operator/pkg/controller/rainbondpackage/rainbondpackage_controller.go:437.74,439.47 1 0
github.com/goodrain/rainbond-operator/pkg/controller/rainbondpackage/rainbondpackage_controller.go:442.3,442.77 1 0
github.com/goodrain/rainbond-operator/pkg/controller/rainbondpackage/rainbondpackage_controller.go:439.47,441.4 1 0
github.com/goodrain/rainbond-operator/pkg/controller/rainbondpackage/rainbondpackage_controller.go:442.77,444.48 1 0
github.com/goodrain/rainbond-operator/pkg/controller/rainbondpackage/rainbondpackage_controller.go:444.48,445.27 1 0
github.com/goodrain/rainbond-operator/pkg/controller/rainbondpackage/rainbondpackage_controller.go:451.5,451.53 1 0
github.com/goodrain/rainbond-operator/pkg/controller/rainbondpackage/rainbondpackage_controller.go:454.5,454.16 1 0
github.com/goodrain/rainbond-operator/pkg/controller/rainbondpackage/rainbondpackage_controller.go:445.27,446.55 1 0
github.com/goodrain/rainbond-operator/pkg/controller/rainbondpackage/rainbondpackage_controller.go:449.6,449.18 1 0
github.com/goodrain/rainbond-operator/pkg/controller/rainbondpackage/rainbondpackage_controller.go:446.55,448.7 1 0
github.com/goodrain/rainbond-operator/pkg/controller/rainbondpackage/rainbondpackage_controller.go:451.53,453.6 1 0
github.com/goodrain/rainbond-operator/pkg/controller/rainbondpackage/rainbondpackage_controller.go:460.35,461.76 1 0
github.com/goodrain/rainbond-operator/pkg/controller/rainbondpackage/rainbondpackage_controller.go:474.2,474.14 1 0
github.com/goodrain/rainbond-operator/pkg/controller/rainbondpackage/rainbondpackage_controller.go:461.76,462.49 1 0
github.com/goodrain/rainbond-operator/pkg/controller/rainbondpackage/rainbondpackage_controller.go:465.3,465.71 1 0
github.com/goodrain/rainbond-operator/pkg/controller/rainbondpackage/rainbondpackage_controller.go:462.49,464.4 1 0
github.com/goodrain/rainbond-operator/pkg/controller/rainbondpackage/rainbondpackage_controller.go:465.71,466.47 1 0
github.com/goodrain/rainbond-operator/pkg/controller/rainbondpackage/rainbondpackage_controller.go:466.47,467.52 1 0
github.com/goodrain/rainbond-operator/pkg/controller/rainbondpackage/rainbondpackage_controller.go:470.5,470.16 1 0
github.com/goodrain/rainbond-operator/pkg/controller/rainbondpackage/rainbondpackage_controller.go:467.52,469.6 1 0
github.com/goodrain/rainbond-operator/pkg/controller/rainbondpackage/rainbondpackage_controller.go:477.31,478.115 1 0
github.com/goodrain/rainbond-operator/pkg/controller/rainbondpackage/rainbondpackage_controller.go:481.2,481.14 1 0
github.com/goodrain/rainbond-operator/pkg/controller/rainbondpackage/rainbondpackage_controller.go:478.115,480.3 1 0
github.com/goodrain/rainbond-operator/pkg/controller/rainbondpackage/rainbondpackage_controller.go:483.37,484.63 1 0
github.com/goodrain/rainbond-operator/pkg/controller/rainbondpackage/rainbondpackage_controller.go:493.2,493.12 1 0
github.com/goodrain/rainbond-operator/pkg/controller/rainbondpackage/rainbondpackage_controller.go:484.63,485.47 1 0
github.com/goodrain/rainbond-operator/pkg/controller/rainbondpackage/rainbondpackage_controller.go:485.47,487.45 2 0
github.com/goodrain/rainbond-operator/pkg/controller/rainbondpackage/rainbondpackage_controller.go:487.45,490.5 2 0
github.com/goodrain/rainbond-operator/pkg/controller/rainbondpackage/rainbondpackage_controller.go:497.40,506.17 4 0
github.com/goodrain/rainbond-operator/pkg/controller/rainbondpackage/rainbondpackage_controller.go:514.2,516.12 3 0
github.com/goodrain/rainbond-operator/pkg/controller/rainbondpackage/rainbondpackage_controller.go:535.2,535.52 1 0
github.com/goodrain/rainbond-operator/pkg/controller/rainbondpackage/rainbondpackage_controller.go:546.2,548.12 3 0
github.com/goodrain/rainbond-operator/pkg/controller/rainbondpackage/rainbondpackage_controller.go:506.17,509.17 3 0
github.com/goodrain/rainbond-operator/pkg/controller/rainbondpackage/rainbondpackage_controller.go:509.17,512.4 2 0
github.com/goodrain/rainbond-operator/pkg/controller/rainbondpackage/rainbondpackage_controller.go:516.12,518.7 2 0
github.com/goodrain/rainbond-operator/pkg/controller/rainbondpackage/rainbondpackage_controller.go:518.7,519.11 1 0
github.com/goodrain/rainbond-operator/pkg/controller/rainbondpackage/rainbondpackage_controller.go:520.20,524.82 3 0
github.com/goodrain/rainbond-operator/pkg/controller/rainbondpackage/rainbondpackage_controller.go:530.16,531.11 1 0
github.com/goodrain/rainbond-operator/pkg/controller/rainbondpackage/rainbondpackage_controller.go:524.82,525.47 1 0
github.com/goodrain/rainbond-operator/pkg/controller/rainbondpackage/rainbondpackage_controller.go:525.47,528.7 1 0
github.com/goodrain/rainbond-operator/pkg/controller/rainbondpackage/rainbondpackage_controller.go:535.52,540.17 5 0
github.com/goodrain/rainbond-operator/pkg/controller/rainbondpackage/rainbondpackage_controller.go:540.17,543.4 2 0
github.com/goodrain/rainbond-operator/pkg/controller/rainbondpackage/rainbondpackage_controller.go:552.30,555.47 2 0
github.com/goodrain/rainbond-operator/pkg/controller/rainbondpackage/rainbondpackage_controller.go:567.2,567.42 1 0
github.com/goodrain/rainbond-operator/pkg/controller/rainbondpackage/rainbondpackage_controller.go:574.2,574.21 1 0
github.com/goodrain/rainbond-operator/pkg/controller/rainbondpackage/rainbondpackage_controller.go:590.2,590.19 1 0
github.com/goodrain/rainbond-operator/pkg/controller/rainbondpackage/rainbondpackage_controller.go:605.2,605.22 1 0
github.com/goodrain/rainbond-operator/pkg/controller/rainbondpackage/rainbondpackage_controller.go:630.2,630.18 1 0
github.com/goodrain/rainbond-operator/pkg/controller/rainbondpackage/rainbondpackage_controller.go:635.2,635.12 1 0
github.com/goodrain/rainbond-operator/pkg/controller/rainbondpackage/rainbondpackage_controller.go:555.47,558.79 2 0
github.com/goodrain/rainbond-operator/pkg/controller/rainbondpackage/rainbondpackage_controller.go:561.3,564.13 4 0
github.com/goodrain/rainbond-operator/pkg/controller/rainbondpackage/rainbondpackage_controller.go:558.79,560.4 1 0
github.com/goodrain/rainbond-operator/pkg/controller/rainbondpackage/rainbondpackage_controller.go:567.42,573.3 5 0
github.com/goodrain/rainbond-operator/pkg/controller/rainbondpackage/rainbondpackage_controller.go:574.21,578.46 3 0
github.com/goodrain/rainbond-operator/pkg/controller/rainbondpackage/rainbondpackage_controller.go:585.3,587.28 3 0
github.com/goodrain/rainbond-operator/pkg/controller/rainbondpackage/rainbondpackage_controller.go:578.46,584.4 5 0
github.com/goodrain/rainbond-operator/pkg/controller/rainbondpackage/rainbondpackage_controller.go:590.19,594.38 3 0
github.com/goodrain/rainbond-operator/pkg/controller/rainbondpackage/rainbondpackage_controller.go:600.3,602.28 3 0
github.com/goodrain/rainbond-operator/pkg/controller/rainbondpackage/rainbondpackage_controller.go:594.38,599.4 4 0
github.com/goodrain/rainbond-operator/pkg/controller/rainbondpackage/rainbondpackage_controller.go:605.22,608.24 3 0
github.com/goodrain/rainbond-operator/pkg/controller/rainbondpackage/rainbondpackage_controller.go:625.3,627.28 3 0
github.com/goodrain/rainbond-operator/pkg/controller/rainbondpackage/rainbondpackage_controller.go:608.24,610.48 2 0
github.com/goodrain/rainbond-operator/pkg/controller/rainbondpackage/rainbondpackage_controller.go:610.48,615.5 4 0
github.com/goodrain/rainbond-operator/pkg/controller/rainbondpackage/rainbondpackage_controller.go:616.9,618.47 2 0
github.com/goodrain/rainbond-operator/pkg/controller/rainbondpackage/rainbondpackage_controller.go:618.47,623.5 4 0
github.com/goodrain/rainbond-operator/pkg/controller/rainbondpackage/rainbondpackage_controller.go:630.18,633.3 2 0
github.com/goodrain/rainbond-operator/pkg/controller/rainbondpackage/rainbondpackage_controller.go:638.32,641.14 3 0
github.com/goodrain/rainbond-operator/pkg/controller/rainbondpackage/rainbondpackage_controller.go:644.2,644.16 1 0
github.com/goodrain/rainbond-operator/pkg/controller/rainbondpackage/rainbondpackage_controller.go:647.2,648.12 2 0
github.com/goodrain/rainbond-operator/pkg/controller/rainbondpackage/rainbondpackage_controller.go:667.2,668.69 2 0
github.com/goodrain/rainbond-operator/pkg/controller/rainbondpackage/rainbondpackage_controller.go:671.2,672.12 2 0
github.com/goodrain/rainbond-operator/pkg/controller/rainbondpackage/rainbondpackage_controller.go:641.14,643.3 1 0
github.com/goodrain/rainbond-operator/pkg/controller/rainbondpackage/rainbondpackage_controller.go:644.16,646.3 1 0
github.com/goodrain/rainbond-operator/pkg/controller/rainbondpackage/rainbondpackage_controller.go:648.12,651.7 3 0
github.com/goodrain/rainbond-operator/pkg/controller/rainbondpackage/rainbondpackage_controller.go:651.7,652.11 1 0
github.com/goodrain/rainbond-operator/pkg/controller/rainbondpackage/rainbondpackage_controller.go:653.20,656.76 3 0
github.com/goodrain/rainbond-operator/pkg/controller/rainbondpackage/rainbondpackage_controller.go:662.16,663.11 1 0
github.com/goodrain/rainbond-operator/pkg/controller/rainbondpackage/rainbondpackage_controller.go:656.76,657.47 1 0
github.com/goodrain/rainbond-operator/pkg/controller/rainbondpackage/rainbondpackage_controller.go:657.47,660.7 1 0
github.com/goodrain/rainbond-operator/pkg/controller/rainbondpackage/rainbondpackage_controller.go:668.69,670.3 1 0
github.com/goodrain/rainbond-operator/pkg/controller/rainbondpackage/rainbondpackage_controller.go:675.40,679.60 4 0
github.com/goodrain/rainbond-operator/pkg/controller/rainbondpackage/rainbondpackage_controller.go:692.2,692.33 1 0
github.com/goodrain/rainbond-operator/pkg/controller/rainbondpackage/rainbondpackage_controller.go:711.2,711.12 1 0
github.com/goodrain/rainbond-operator/pkg/controller/rainbondpackage/rainbondpackage_controller.go:679.60,680.50 1 0
github.com/goodrain/rainbond-operator/pkg/controller/rainbondpackage/rainbondpackage_controller.go:683.3,683.73 1 0
github.com/goodrain/rainbond-operator/pkg/controller/rainbondpackage/rainbondpackage_controller.go:686.3,686.49 1 0
github.com/goodrain/rainbond-operator/pkg/controller/rainbondpackage/rainbondpackage_controller.go:689.3,689.13 1 0
github.com/goodrain/rainbond-operator/pkg/controller/rainbondpackage/rainbondpackage_controller.go:680.50,682.4 1 0
github.com/goodrain/rainbond-operator/pkg/controller/rainbondpackage/rainbondpackage_controller.go:683.73,685.4 1 0
github.com/goodrain/rainbond-operator/pkg/controller/rainbondpackage/rainbondpackage_controller.go:686.49,688.4 1 0
github.com/goodrain/rainbond-operator/pkg/controller/rainbondpackage/rainbondpackage_controller.go:692.33,695.62 3 0
github.com/goodrain/rainbond-operator/pkg/controller/rainbondpackage/rainbondpackage_controller.go:701.3,704.70 4 0
github.com/goodrain/rainbond-operator/pkg/controller/rainbondpackage/rainbondpackage_controller.go:709.3,709.61 1 0
github.com/goodrain/rainbond-operator/pkg/controller/rainbondpackage/rainbondpackage_controller.go:695.62,697.18 2 0
github.com/goodrain/rainbond-operator/pkg/controller/rainbondpackage/rainbondpackage_controller.go:697.18,699.5 1 0
github.com/goodrain/rainbond-operator/pkg/controller/rainbondpackage/rainbondpackage_controller.go:704.70,705.45 1 0
github.com/goodrain/rainbond-operator/pkg/controller/rainbondpackage/rainbondpackage_controller.go:705.45,707.5 1 0
github.com/goodrain/rainbond-operator/pkg/controller/rainbondpackage/rainbondpackage_controller.go:713.41,717.65 4 0
github.com/goodrain/rainbond-operator/pkg/controller/rainbondpackage/rainbondpackage_controller.go:767.2,767.38 1 0
github.com/goodrain/rainbond-operator/pkg/controller/rainbondpackage/rainbondpackage_controller.go:717.65,719.17 2 0
github.com/goodrain/rainbond-operator/pkg/controller/rainbondpackage/rainbondpackage_controller.go:723.3,723.31 1 0
github.com/goodrain/rainbond-operator/pkg/controller/rainbondpackage/rainbondpackage_controller.go:726.3,726.26 1 0
github.com/goodrain/rainbond-operator/pkg/controller/rainbondpackage/rainbondpackage_controller.go:731.3,731.29 1 0
github.com/goodrain/rainbond-operator/pkg/controller/rainbondpackage/rainbondpackage_controller.go:764.3,764.46 1 0
github.com/goodrain/rainbond-operator/pkg/controller/rainbondpackage/rainbondpackage_controller.go:719.17,722.4 2 0
github.com/goodrain/rainbond-operator/pkg/controller/rainbondpackage/rainbondpackage_controller.go:723.31,725.4 1 0
github.com/goodrain/rainbond-operator/pkg/controller/rainbondpackage/rainbondpackage_controller.go:726.26,729.4 2 0
github.com/goodrain/rainbond-operator/pkg/controller/rainbondpackage/rainbondpackage_controller.go:731.29,733.18 2 0
github.com/goodrain/rainbond-operator/pkg/controller/rainbondpackage/rainbondpackage_controller.go:738.4,739.22 2 0
github.com/goodrain/rainbond-operator/pkg/controller/rainbondpackage/rainbondpackage_controller.go:743.4,743.66 1 0
github.com/goodrain/rainbond-operator/pkg/controller/rainbondpackage/rainbondpackage_controller.go:748.4,748.47 1 0
github.com/goodrain/rainbond-operator/pkg/controller/rainbondpackage/rainbondpackage_controller.go:752.4,755.71 4 0
github.com/goodrain/rainbond-operator/pkg/controller/rainbondpackage/rainbondpackage_controller.go:760.4,761.20 2 0
github.com/goodrain/rainbond-operator/pkg/controller/rainbondpackage/rainbondpackage_controller.go:733.18,736.5 2 0
github.com/goodrain/rainbond-operator/pkg/controller/rainbondpackage/rainbondpackage_controller.go:739.22,741.5 1 0
github.com/goodrain/rainbond-operator/pkg/controller/rainbondpackage/rainbondpackage_controller.go:743.66,746.5 2 0
github.com/goodrain/rainbond-operator/pkg/controller/rainbondpackage/rainbondpackage_controller.go:748.47,751.5 2 0
github.com/goodrain/rainbond-operator/pkg/controller/rainbondpackage/rainbondpackage_controller.go:755.71,756.46 1 0
github.com/goodrain/rainbond-operator/pkg/controller/rainbondpackage/rainbondpackage_controller.go:756.46,758.6 1 0
github.com/goodrain/rainbond-operator/pkg/controller/rainbondpackage/rainbondpackage_controller.go:770.54,773.16 3 0
github.com/goodrain/rainbond-operator/pkg/controller/rainbondpackage/rainbondpackage_controller.go:776.2,778.16 3 0
github.com/goodrain/rainbond-operator/pkg/controller/rainbondpackage/rainbondpackage_controller.go:781.2,782.21 2 0
github.com/goodrain/rainbond-operator/pkg/controller/rainbondpackage/rainbondpackage_controller.go:811.2,811.21 1 0
github.com/goodrain/rainbond-operator/pkg/controller/rainbondpackage/rainbondpackage_controller.go:814.2,815.23 2 0
github.com/goodrain/rainbond-operator/pkg/controller/rainbondpackage/rainbondpackage_controller.go:773.16,775.3 1 0
github.com/goodrain/rainbond-operator/pkg/controller/rainbondpackage/rainbondpackage_controller.go:778.16,780.3 1 0
github.com/goodrain/rainbond-operator/pkg/controller/rainbondpackage/rainbondpackage_controller.go:782.21,785.7 3 0
github.com/goodrain/rainbond-operator/pkg/controller/rainbondpackage/rainbondpackage_controller.go:785.7,786.11 1 0
github.com/goodrain/rainbond-operator/pkg/controller/rainbondpackage/rainbondpackage_controller.go:792.4,793.42 2 0
github.com/goodrain/rainbond-operator/pkg/controller/rainbondpackage/rainbondpackage_controller.go:799.4,799.23 1 0
github.com/goodrain/rainbond-operator/pkg/controller/rainbondpackage/rainbondpackage_controller.go:802.4,805.19 3 0
github.com/goodrain/rainbond-operator/pkg/controller/rainbondpackage/rainbondpackage_controller.go:808.4,808.55 1 0
github.com/goodrain/rainbond-operator/pkg/controller/rainbondpackage/rainbondpackage_controller.go:787.24,789.27 2 0
github.com/goodrain/rainbond-operator/pkg/controller/rainbondpackage/rainbondpackage_controller.go:790.12,790.12 0 0
github.com/goodrain/rainbond-operator/pkg/controller/rainbondpackage/rainbondpackage_controller.go:793.42,794.22 1 0
github.com/goodrain/rainbond-operator/pkg/controller/rainbondpackage/rainbondpackage_controller.go:797.5,797.68 1 0
github.com/goodrain/rainbond-operator/pkg/controller/rainbondpackage/rainbondpackage_controller.go:794.22,795.11 1 0
github.com/goodrain/rainbond-operator/pkg/controller/rainbondpackage/rainbondpackage_controller.go:799.23,801.5 1 0
github.com/goodrain/rainbond-operator/pkg/controller/rainbondpackage/rainbondpackage_controller.go:805.19,807.5 1 0
github.com/goodrain/rainbond-operator/pkg/controller/rainbondpackage/rainbondpackage_controller.go:811.21,813.3 1 0
github.com/goodrain/rainbond-operator/pkg/controller/rainbondpackage/rainbondpackage_controller.go:818.45,828.16 7 0
github.com/goodrain/rainbond-operator/pkg/controller/rainbondpackage/rainbondpackage_controller.go:831.2,835.16 5 0
github.com/goodrain/rainbond-operator/pkg/controller/rainbondpackage/rainbondpackage_controller.go:839.2,839.16 1 0
github.com/goodrain/rainbond-operator/pkg/controller/rainbondpackage/rainbondpackage_controller.go:863.2,864.12 2 0
github.com/goodrain/rainbond-operator/pkg/controller/rainbondpackage/rainbondpackage_controller.go:828.16,830.3 1 0
github.com/goodrain/rainbond-operator/pkg/controller/rainbondpackage/rainbondpackage_controller.go:835.16,838.3 2 0
github.com/goodrain/rainbond-operator/pkg/controller/rainbondpackage/rainbondpackage_controller.go:839.16,843.7 3 0
github.com/goodrain/rainbond-operator/pkg/controller/rainbondpackage/rainbondpackage_controller.go:843.7,844.11 1 0
github.com/goodrain/rainbond-operator/pkg/controller/rainbondpackage/rainbondpackage_controller.go:850.4,851.42 2 0
github.com/goodrain/rainbond-operator/pkg/controller/rainbondpackage/rainbondpackage_controller.go:857.4,857.23 1 0
github.com/goodrain/rainbond-operator/pkg/controller/rainbondpackage/rainbondpackage_controller.go:860.4,860.66 1 0
github.com/goodrain/rainbond-operator/pkg/controller/rainbondpackage/rainbondpackage_controller.go:845.22,847.23 2 0
github.com/goodrain/rainbond-operator/pkg/controller/rainbondpackage/rainbondpackage_controller.go:848.12,848.12 0 0
github.com/goodrain/rainbond-operator/pkg/controller/rainbondpackage/rainbondpackage_controller.go:851.42,852.22 1 0
github.com/goodrain/rainbond-operator/pkg/controller/rainbondpackage/rainbondpackage_controller.go:855.5,855.64 1 0
github.com/goodrain/rainbond-operator/pkg/controller/rainbondpackage/rainbondpackage_controller.go:852.22,853.11 1 0
github.com/goodrain/rainbond-operator/pkg/controller/rainbondpackage/rainbondpackage_controller.go:857.23,859.5 1 0
github.com/goodrain/rainbond-operator/pkg/controller/rainbondpackage/rainbondpackage_controller.go:867.45,872.16 5 0
github.com/goodrain/rainbond-operator/pkg/controller/rainbondpackage/rainbondpackage_controller.go:876.2,877.16 2 0
github.com/goodrain/rainbond-operator/pkg/controller/rainbondpackage/rainbondpackage_controller.go:880.2,880.16 1 0
github.com/goodrain/rainbond-operator/pkg/controller/rainbondpackage/rainbondpackage_controller.go:903.2,904.12 2 0
github.com/goodrain/rainbond-operator/pkg/controller/rainbondpackage/rainbondpackage_controller.go:872.16,875.3 2 0
github.com/goodrain/rainbond-operator/pkg/controller/rainbondpackage/rainbondpackage_controller.go:877.16,879.3 1 0
github.com/goodrain/rainbond-operator/pkg/controller/rainbondpackage/rainbondpackage_controller.go:880.16,883.7 3 0
github.com/goodrain/rainbond-operator/pkg/controller/rainbondpackage/rainbondpackage_controller.go:883.7,884.11 1 0
github.com/goodrain/rainbond-operator/pkg/controller/rainbondpackage/rainbondpackage_controller.go:890.4,891.42 2 0
github.com/goodrain/rainbond-operator/pkg/controller/rainbondpackage/rainbondpackage_controller.go:897.4,897.23 1 0
github.com/goodrain/rainbond-operator/pkg/controller/rainbondpackage/rainbondpackage_controller.go:900.4,900.68 1 0
github.com/goodrain/rainbond-operator/pkg/controller/rainbondpackage/rainbondpackage_controller.go:885.22,887.21 2 0
github.com/goodrain/rainbond-operator/pkg/controller/rainbondpackage/rainbondpackage_controller.go:888.12,888.12 0 0
github.com/goodrain/rainbond-operator/pkg/controller/rainbondpackage/rainbondpackage_controller.go:891.42,892.22 1 0
github.com/goodrain/rainbond-operator/pkg/controller/rainbondpackage/rainbondpackage_controller.go:895.5,895.64 1 0
github.com/goodrain/rainbond-operator/pkg/controller/rainbondpackage/rainbondpackage_controller.go:892.22,893.11 1 0
github.com/goodrain/rainbond-operator/pkg/controller/rainbondpackage/rainbondpackage_controller.go:897.23,899.5 1 0
github.com/goodrain/rainbond-operator/pkg/controller/rainbondpackage/rainbondpackage_controller.go:907.68,909.16 2 1
github.com/goodrain/rainbond-operator/pkg/controller/rainbondpackage/rainbondpackage_controller.go:913.2,915.17 2 1
github.com/goodrain/rainbond-operator/pkg/controller/rainbondpackage/rainbondpackage_controller.go:909.16,912.3 2 0
github.com/goodrain/rainbond-operator/pkg/controller/rainbondpackage/rainbondpackage_controller.go:918.40,919.46 1 1
github.com/goodrain/rainbond-operator/pkg/controller/rainbondpackage/rainbondpackage_controller.go:922.2,925.12 4 1
github.com/goodrain/rainbond-operator/pkg/controller/rainbondpackage/rainbondpackage_controller.go:919.46,921.3 1 0
github.com/goodrain/rainbond-operator/pkg/controller/rainbondpackage/rainbondpackage_controller.go:928.71,930.16 2 0
github.com/goodrain/rainbond-operator/pkg/controller/rainbondpackage/rainbondpackage_controller.go:933.2,933.52 1 0
github.com/goodrain/rainbond-operator/pkg/controller/rainbondpackage/rainbondpackage_controller.go:930.16,932.3 1 0
github.com/goodrain/rainbond-operator/pkg/controller/rainbondpackage/rainbondpackage_controller.go:936.36,937.40 1 1
github.com/goodrain/rainbond-operator/pkg/controller/rainbondpackage/rainbondpackage_controller.go:940.2,940.38 1 0
github.com/goodrain/rainbond-operator/pkg/controller/rainbondpackage/rainbondpackage_controller.go:937.40,939.3 1 1
github.com/goodrain/rainbond-operator/pkg/controller/rainbondpackage/rainbondpackage_controller.go:943.36,946.78 3 0
github.com/goodrain/rainbond-operator/pkg/controller/rainbondpackage/rainbondpackage_controller.go:961.2,961.14 1 0
github.com/goodrain/rainbond-operator/pkg/controller/rainbondpackage/rainbondpackage_controller.go:946.78,947.17 1 0
github.com/goodrain/rainbond-operator/pkg/controller/rainbondpackage/rainbondpackage_controller.go:951.3,951.31 1 0
github.com/goodrain/rainbond-operator/pkg/controller/rainbondpackage/rainbondpackage_controller.go:954.3,954.26 1 0
github.com/goodrain/rainbond-operator/pkg/controller/rainbondpackage/rainbondpackage_controller.go:957.3,958.13 2 0
github.com/goodrain/rainbond-operator/pkg/controller/rainbondpackage/rainbondpackage_controller.go:947.17,950.4 2 0
github.com/goodrain/rainbond-operator/pkg/controller/rainbondpackage/rainbondpackage_controller.go:951.31,953.4 1 0
github.com/goodrain/rainbond-operator/pkg/controller/rainbondpackage/rainbondpackage_controller.go:954.26,956.4 1 0
github.com/goodrain/rainbond-operator/pkg/controller/rainbondpackage/rainbondpackage_controller.go:964.37,966.63 2 0
github.com/goodrain/rainbond-operator/pkg/controller/rainbondpackage/rainbondpackage_controller.go:969.2,969.13 1 0
github.com/goodrain/rainbond-operator/pkg/controller/rainbondpackage/rainbondpackage_controller.go:966.63,968.3 1 0
github.com/goodrain/rainbond-operator/pkg/controller/rainbondpackage/rainbondpackage_controller.go:972.67,974.16 2 0
github.com/goodrain/rainbond-operator/pkg/controller/rainbondpackage/rainbondpackage_controller.go:978.2,981.42 4 0
github.com/goodrain/rainbond-operator/pkg/controller/rainbondpackage/rainbondpackage_controller.go:984.2,984.49 1 0
github.com/goodrain/rainbond-operator/pkg/controller/rainbondpackage/rainbondpackage_controller.go:974.16,977.3 2 0
github.com/goodrain/rainbond-operator/pkg/controller/rainbondpackage/rainbondpackage_controller.go:981.42,983.3 1 0
github.com/goodrain/rainbond-operator/pkg/controller/rainbondvolume/plugin_factory.go:14.126,17.9 3 0
github.com/goodrain/rainbond-operator/pkg/controller/rainbondvolume/plugin_factory.go:25.2,25.14 1 0
github.com/goodrain/rainbond-operator/pkg/controller/rainbondvolume/plugin_factory.go:28.2,28.15 1 0
github.com/goodrain/rainbond-operator/pkg/controller/rainbondvolume/plugin_factory.go:18.33,19.51 1 0
github.com/goodrain/rainbond-operator/pkg/controller/rainbondvolume/plugin_factory.go:20.27,21.45 1 0
github.com/goodrain/rainbond-operator/pkg/controller/rainbondvolume/plugin_factory.go:22.21,23.39 1 0
github.com/goodrain/rainbond-operator/pkg/controller/rainbondvolume/plugin_factory.go:25.14,27.3 1 0
github.com/goodrain/rainbond-operator/pkg/controller/rainbondvolume/rainbondvolume_controller.go:34.37,36.2 1 0
github.com/goodrain/rainbond-operator/pkg/controller/rainbondvolume/rainbondvolume_controller.go:39.62,41.2 1 0
github.com/goodrain/rainbond-operator/pkg/controller/rainbondvolume/rainbondvolume_controller.go:44.61,47.16 2 0
github.com/goodrain/rainbond-operator/pkg/controller/rainbondvolume/rainbondvolume_controller.go:52.2,53.16 2 0
github.com/goodrain/rainbond-operator/pkg/controller/rainbondvolume/rainbondvolume_controller.go:59.2,63.16 2 0
github.com/goodrain/rainbond-operator/pkg/controller/rainbondvolume/rainbondvolume_controller.go:67.2,67.12 1 0
github.com/goodrain/rainbond-operator/pkg/controller/rainbondvolume/rainbondvolume_controller.go:47.16,49.3 1 0
github.com/goodrain/rainbond-operator/pkg/controller/rainbondvolume/rainbondvolume_controller.go:53.16,55.3 1 0
github.com/goodrain/rainbond-operator/pkg/controller/rainbondvolume/rainbondvolume_controller.go:63.16,65.3 1 0
github.com/goodrain/rainbond-operator/pkg/controller/rainbondvolume/rainbondvolume_controller.go:86.98,98.16 7 3
github.com/goodrain/rainbond-operator/pkg/controller/rainbondvolume/rainbondvolume_controller.go:109.2,110.25 2 3
github.com/goodrain/rainbond-operator/pkg/controller/rainbondvolume/rainbondvolume_controller.go:117.2,118.31 2 2
github.com/goodrain/rainbond-operator/pkg/controller/rainbondvolume/rainbondvolume_controller.go:134.2,135.18 2 0
github.com/goodrain/rainbond-operator/pkg/controller/rainbondvolume/rainbondvolume_controller.go:154.2,154.32 1 0
github.com/goodrain/rainbond-operator/pkg/controller/rainbondvolume/rainbondvolume_controller.go:98.16,99.29 1 0
github.com/goodrain/rainbond-operator/pkg/controller/rainbondvolume/rainbondvolume_controller.go:106.3,106.33 1 0
github.com/goodrain/rainbond-operator/pkg/controller/rainbondvolume/rainbondvolume_controller.go:99.29,104.4 1 0
github.com/goodrain/rainbond-operator/pkg/controller/rainbondvolume/rainbondvolume_controller.go:110.25,111.59 1 1
github.com/goodrain/rainbond-operator/pkg/controller/rainbondvolume/rainbondvolume_controller.go:114.3,114.33 1 1
github.com/goodrain/rainbond-operator/pkg/controller/rainbondvolume/rainbondvolume_controller.go:111.59,113.4 1 0
github.com/goodrain/rainbond-operator/pkg/controller/rainbondvolume/rainbondvolume_controller.go:118.31,120.17 2 2
github.com/goodrain/rainbond-operator/pkg/controller/rainbondvolume/rainbondvolume_controller.go:123.3,124.68 2 2
github.com/goodrain/rainbond-operator/pkg/controller/rainbondvolume/rainbondvolume_controller.go:127.3,127.59 1 2
github.com/goodrain/rainbond-operator/pkg/controller/rainbondvolume/rainbondvolume_controller.go:131.3,131.46 1 2
github.com/goodrain/rainbond-operator/pkg/controller/rainbondvolume/rainbondvolume_controller.go:120.17,122.4 1 0
github.com/goodrain/rainbond-operator/pkg/controller/rainbondvolume/rainbondvolume_controller.go:124.68,126.4 1 0
github.com/goodrain/rainbond-operator/pkg/controller/rainbondvolume/rainbondvolume_controller.go:127.59,129.4 1 0
github.com/goodrain/rainbond-operator/pkg/controller/rainbondvolume/rainbondvolume_controller.go:135.18,137.17 2 0
github.com/goodrain/rainbond-operator/pkg/controller/rainbondvolume/rainbondvolume_controller.go:143.3,143.66 1 0
github.com/goodrain/rainbond-operator/pkg/controller/rainbondvolume/rainbondvolume_controller.go:149.3,149.68 1 0
github.com/goodrain/rainbond-operator/pkg/controller/rainbondvolume/rainbondvolume_controller.go:137.17,138.60 1 0
github.com/goodrain/rainbond-operator/pkg/controller/rainbondvolume/rainbondvolume_controller.go:141.4,141.34 1 0
github.com/goodrain/rainbond-operator/pkg/controller/rainbondvolume/rainbondvolume_controller.go:138.60,140.5 1 0
github.com/goodrain/rainbond-operator/pkg/controller/rainbondvolume/rainbondvolume_controller.go:143.66,144.60 1 0
github.com/goodrain/rainbond-operator/pkg/controller/rainbondvolume/rainbondvolume_controller.go:147.4,147.34 1 0
github.com/goodrain/rainbond-operator/pkg/controller/rainbondvolume/rainbondvolume_controller.go:144.60,146.5 1 0
github.com/goodrain/rainbond-operator/pkg/controller/rainbondvolume/rainbondvolume_controller.go:149.68,151.4 1 0
github.com/goodrain/rainbond-operator/pkg/controller/rainbondvolume/rainbondvolume_controller.go:157.143,158.28 1 1
github.com/goodrain/rainbond-operator/pkg/controller/rainbondvolume/rainbondvolume_controller.go:166.2,167.42 2 0
github.com/goodrain/rainbond-operator/pkg/controller/rainbondvolume/rainbondvolume_controller.go:177.2,178.32 2 0
github.com/goodrain/rainbond-operator/pkg/controller/rainbondvolume/rainbondvolume_controller.go:193.2,193.43 1 0
github.com/goodrain/rainbond-operator/pkg/controller/rainbondvolume/rainbondvolume_controller.go:158.28,159.48 1 1
github.com/goodrain/rainbond-operator/pkg/controller/rainbondvolume/rainbondvolume_controller.go:162.3,163.13 2 1
github.com/goodrain/rainbond-operator/pkg/controller/rainbondvolume/rainbondvolume_controller.go:159.48,161.4 1 1
github.com/goodrain/rainbond-operator/pkg/controller/rainbondvolume/rainbondvolume_controller.go:167.42,169.17 2 0
github.com/goodrain/rainbond-operator/pkg/controller/rainbondvolume/rainbondvolume_controller.go:172.3,172.98 1 0
github.com/goodrain/rainbond-operator/pkg/controller/rainbondvolume/rainbondvolume_controller.go:169.17,170.12 1 0
github.com/goodrain/rainbond-operator/pkg/controller/rainbondvolume/rainbondvolume_controller.go:172.98,174.4 1 0
github.com/goodrain/rainbond-operator/pkg/controller/rainbondvolume/rainbondvolume_controller.go:178.32,180.17 2 0
github.com/goodrain/rainbond-operator/pkg/controller/rainbondvolume/rainbondvolume_controller.go:184.3,184.102 1 0
github.com/goodrain/rainbond-operator/pkg/controller/rainbondvolume/rainbondvolume_controller.go:187.3,187.98 1 0
github.com/goodrain/rainbond-operator/pkg/controller/rainbondvolume/rainbondvolume_controller.go:180.17,181.12 1 0
github.com/goodrain/rainbond-operator/pkg/controller/rainbondvolume/rainbondvolume_controller.go:184.102,186.4 1 0
github.com/goodrain/rainbond-operator/pkg/controller/rainbondvolume/rainbondvolume_controller.go:187.98,189.4 1 0
github.com/goodrain/rainbond-operator/pkg/controller/rainbondvolume/rainbondvolume_controller.go:196.125,200.16 3 0
github.com/goodrain/rainbond-operator/pkg/controller/rainbondvolume/rainbondvolume_controller.go:214.2,215.64 2 0
github.com/goodrain/rainbond-operator/pkg/controller/rainbondvolume/rainbondvolume_controller.go:200.16,201.33 1 0
github.com/goodrain/rainbond-operator/pkg/controller/rainbondvolume/rainbondvolume_controller.go:205.3,207.17 3 0
github.com/goodrain/rainbond-operator/pkg/controller/rainbondvolume/rainbondvolume_controller.go:211.3,211.13 1 0
github.com/goodrain/rainbond-operator/pkg/controller/rainbondvolume/rainbondvolume_controller.go:201.33,203.4 1 0
github.com/goodrain/rainbond-operator/pkg/controller/rainbondvolume/rainbondvolume_controller.go:207.17,210.4 2 0
github.com/goodrain/rainbond-operator/pkg/controller/rainbondvolume/rainbondvolume_controller.go:215.64,217.3 1 0
github.com/goodrain/rainbond-operator/pkg/controller/rainbondvolume/rainbondvolume_controller.go:220.122,223.21 3 3
github.com/goodrain/rainbond-operator/pkg/controller/rainbondvolume/rainbondvolume_controller.go:226.2,226.40 1 3
github.com/goodrain/rainbond-operator/pkg/controller/rainbondvolume/rainbondvolume_controller.go:232.2,233.72 2 3
github.com/goodrain/rainbond-operator/pkg/controller/rainbondvolume/rainbondvolume_controller.go:236.2,236.12 1 0
github.com/goodrain/rainbond-operator/pkg/controller/rainbondvolume/rainbondvolume_controller.go:223.21,225.3 1 3
github.com/goodrain/rainbond-operator/pkg/controller/rainbondvolume/rainbondvolume_controller.go:226.40,228.3 1 0
github.com/goodrain/rainbond-operator/pkg/controller/rainbondvolume/rainbondvolume_controller.go:228.8,230.3 1 3
github.com/goodrain/rainbond-operator/pkg/controller/rainbondvolume/rainbondvolume_controller.go:233.72,235.3 1 3
github.com/goodrain/rainbond-operator/pkg/controller/rainbondvolume/rainbondvolume_controller.go:239.137,240.64 1 3
github.com/goodrain/rainbond-operator/pkg/controller/rainbondvolume/rainbondvolume_controller.go:240.64,242.3 1 3
github.com/goodrain/rainbond-operator/pkg/controller/rainbondvolume/rainbondvolume_controller.go:245.131,246.64 1 2
github.com/goodrain/rainbond-operator/pkg/controller/rainbondvolume/rainbondvolume_controller.go:246.64,248.3 1 2
github.com/goodrain/rainbond-operator/pkg/controller/rainbondvolume/rainbondvolume_controller.go:251.142,255.16 3 2
github.com/goodrain/rainbond-operator/pkg/controller/rainbondvolume/rainbondvolume_controller.go:258.2,258.32 1 1
github.com/goodrain/rainbond-operator/pkg/controller/rainbondvolume/rainbondvolume_controller.go:262.2,263.49 2 1
github.com/goodrain/rainbond-operator/pkg/controller/rainbondvolume/rainbondvolume_controller.go:266.2,266.21 1 1
github.com/goodrain/rainbond-operator/pkg/controller/rainbondvolume/rainbondvolume_controller.go:255.16,257.3 1 1
github.com/goodrain/rainbond-operator/pkg/controller/rainbondvolume/rainbondvolume_controller.go:258.32,260.3 1 0
github.com/goodrain/rainbond-operator/pkg/controller/rainbondvolume/rainbondvolume_controller.go:263.49,265.3 1 0
github.com/goodrain/rainbond-operator/pkg/controller/rainbondvolume/rainbondvolume_controller.go:269.101,280.2 2 1
github.com/goodrain/rainbond-operator/pkg/controller/rbdcomponent/handler/errors.go:14.46,16.2 1 5
github.com/goodrain/rainbond-operator/pkg/controller/rbdcomponent/handler/errors.go:18.38,20.2 1 3
github.com/goodrain/rainbond-operator/pkg/controller/rbdcomponent/handler/errors.go:23.36,26.2 2 1
github.com/goodrain/rainbond-operator/pkg/controller/rbdcomponent/handler/errors.go:29.45,31.9 2 4
github.com/goodrain/rainbond-operator/pkg/controller/rbdcomponent/handler/errors.go:34.2,34.42 1 4
github.com/goodrain/rainbond-operator/pkg/controller/rbdcomponent/handler/errors.go:31.9,33.3 1 0
github.com/goodrain/rainbond-operator/pkg/controller/rbdcomponent/handler/gateway.go:33.201,42.2 1 0
github.com/goodrain/rainbond-operator/pkg/controller/rbdcomponent/handler/gateway.go:44.34,46.16 2 0
github.com/goodrain/rainbond-operator/pkg/controller/rbdcomponent/handler/gateway.go:49.2,51.12 2 0
github.com/goodrain/rainbond-operator/pkg/controller/rbdcomponent/handler/gateway.go:46.16,48.3 1 0
github.com/goodrain/rainbond-operator/pkg/controller/rbdcomponent/handler/gateway.go:54.45,58.2 1 0
github.com/goodrain/rainbond-operator/pkg/controller/rbdcomponent/handler/gateway.go:60.33,62.2 1 0
github.com/goodrain/rainbond-operator/pkg/controller/rbdcomponent/handler/gateway.go:64.44,73.25 4 0
github.com/goodrain/rainbond-operator/pkg/controller/rbdcomponent/handler/gateway.go:80.2,81.54 2 0
github.com/goodrain/rainbond-operator/pkg/controller/rbdcomponent/handler/gateway.go:85.2,143.11 2 0
github.com/goodrain/rainbond-operator/pkg/controller/rbdcomponent/handler/gateway.go:73.25,78.3 4 0
github.com/goodrain/rainbond-operator/pkg/controller/rbdcomponent/handler/gateway.go:81.54,83.3 1 0
github.com/goodrain/rainbond-operator/pkg/controller/rbdcomponent/handler/hub.go:41.197,50.2 1 0
github.com/goodrain/rainbond-operator/pkg/controller/rbdcomponent/handler/hub.go:52.30,53.36 1 0
github.com/goodrain/rainbond-operator/pkg/controller/rbdcomponent/handler/hub.go:57.2,57.86 1 0
github.com/goodrain/rainbond-operator/pkg/controller/rbdcomponent/handler/hub.go:61.2,61.12 1 0
github.com/goodrain/rainbond-operator/pkg/controller/rbdcomponent/handler/hub.go:53.36,55.3 1 0
github.com/goodrain/rainbond-operator/pkg/controller/rbdcomponent/handler/hub.go:57.86,59.3 1 0
github.com/goodrain/rainbond-operator/pkg/controller/rbdcomponent/handler/hub.go:64.41,72.2 1 0
github.com/goodrain/rainbond-operator/pkg/controller/rbdcomponent/handler/hub.go:74.29,76.2 1 0
github.com/goodrain/rainbond-operator/pkg/controller/rbdcomponent/handler/hub.go:78.49,80.2 1 0
github.com/goodrain/rainbond-operator/pkg/controller/rbdcomponent/handler/hub.go:82.40,130.2 2 0
github.com/goodrain/rainbond-operator/pkg/controller/rbdcomponent/handler/hub.go:132.43,154.2 2 0
github.com/goodrain/rainbond-operator/pkg/controller/rbdcomponent/handler/hub.go:156.57,159.51 3 0
github.com/goodrain/rainbond-operator/pkg/controller/rbdcomponent/handler/hub.go:162.2,180.12 2 0
github.com/goodrain/rainbond-operator/pkg/controller/rbdcomponent/handler/hub.go:159.51,161.3 1 0
github.com/goodrain/rainbond-operator/pkg/controller/rbdcomponent/handler/hub.go:183.43,227.2 2 0
github.com/goodrain/rainbond-operator/pkg/controller/rbdcomponent/handler/hub.go:229.42,231.19 2 0
github.com/goodrain/rainbond-operator/pkg/controller/rbdcomponent/handler/hub.go:234.2,250.15 5 0
github.com/goodrain/rainbond-operator/pkg/controller/rbdcomponent/handler/hub.go:231.19,233.3 1 0
github.com/goodrain/rainbond-operator/pkg/controller/rbdcomponent/handler/hub.go:253.62,255.2 1 0
github.com/goodrain/rainbond-operator/pkg/controller/rbdcomponent/handler/api.go:48.197,58.2 1 0
github.com/goodrain/rainbond-operator/pkg/controller/rbdcomponent/handler/api.go:60.30,62.16 2 0
github.com/goodrain/rainbond-operator/pkg/controller/rbdcomponent/handler/api.go:65.2,68.16 3 0
github.com/goodrain/rainbond-operator/pkg/controller/rbdcomponent/handler/api.go:71.2,73.86 2 0
github.com/goodrain/rainbond-operator/pkg/controller/rbdcomponent/handler/api.go:77.2,77.12 1 0
github.com/goodrain/rainbond-operator/pkg/controller/rbdcomponent/handler/api.go:62.16,64.3 1 0
github.com/goodrain/rainbond-operator/pkg/controller/rbdcomponent/handler/api.go:68.16,70.3 1 0
github.com/goodrain/rainbond-operator/pkg/controller/rbdcomponent/handler/api.go:73.86,75.3 1 0
github.com/goodrain/rainbond-operator/pkg/controller/rbdcomponent/handler/api.go:80.41,87.2 6 0
github.com/goodrain/rainbond-operator/pkg/controller/rbdcomponent/handler/api.go:89.29,91.2 1 0
github.com/goodrain/rainbond-operator/pkg/controller/rbdcomponent/handler/api.go:93.63,95.2 1 0
github.com/goodrain/rainbond-operator/pkg/controller/rbdcomponent/handler/api.go:97.63,99.2 1 0
github.com/goodrain/rainbond-operator/pkg/controller/rbdcomponent/handler/api.go:101.58,107.2 1 0
github.com/goodrain/rainbond-operator/pkg/controller/rbdcomponent/handler/api.go:109.40,145.25 4 0
github.com/goodrain/rainbond-operator/pkg/controller/rbdcomponent/handler/api.go:151.2,151.27 1 0
github.com/goodrain/rainbond-operator/pkg/controller/rbdcomponent/handler/api.go:162.2,210.11 3 0
github.com/goodrain/rainbond-operator/pkg/controller/rbdcomponent/handler/api.go:145.25,150.3 4 0
github.com/goodrain/rainbond-operator/pkg/controller/rbdcomponent/handler/api.go:151.27,161.3 4 0
github.com/goodrain/rainbond-operator/pkg/controller/rbdcomponent/handler/api.go:213.45,255.2 3 0
github.com/goodrain/rainbond-operator/pkg/controller/rbdcomponent/handler/api.go:257.62,259.2 1 0
github.com/goodrain/rainbond-operator/pkg/controller/rbdcomponent/handler/api.go:260.44,265.25 5 0
github.com/goodrain/rainbond-operator/pkg/controller/rbdcomponent/handler/api.go:280.2,280.15 1 0
github.com/goodrain/rainbond-operator/pkg/controller/rbdcomponent/handler/api.go:288.2,289.16 2 0
github.com/goodrain/rainbond-operator/pkg/controller/rbdcomponent/handler/api.go:293.2,294.16 2 0
github.com/goodrain/rainbond-operator/pkg/controller/rbdcomponent/handler/api.go:298.2,299.16 2 0
github.com/goodrain/rainbond-operator/pkg/controller/rbdcomponent/handler/api.go:303.2,332.11 8 0
github.com/goodrain/rainbond-operator/pkg/controller/rbdcomponent/handler/api.go:265.25,268.89 2 0
github.com/goodrain/rainbond-operator/pkg/controller/rbdcomponent/handler/api.go:271.3,272.22 2 0
github.com/goodrain/rainbond-operator/pkg/controller/rbdcomponent/handler/api.go:268.89,270.4 1 0
github.com/goodrain/rainbond-operator/pkg/controller/rbdcomponent/handler/api.go:272.22,274.18 2 0
github.com/goodrain/rainbond-operator/pkg/controller/rbdcomponent/handler/api.go:274.18,277.5 2 0
github.com/goodrain/rainbond-operator/pkg/controller/rbdcomponent/handler/api.go:280.15,282.17 2 0
github.com/goodrain/rainbond-operator/pkg/controller/rbdcomponent/handler/api.go:282.17,285.4 2 0
github.com/goodrain/rainbond-operator/pkg/controller/rbdcomponent/handler/api.go:289.16,292.3 2 0
github.com/goodrain/rainbond-operator/pkg/controller/rbdcomponent/handler/api.go:294.16,297.3 2 0
github.com/goodrain/rainbond-operator/pkg/controller/rbdcomponent/handler/api.go:299.16,302.3 2 0
github.com/goodrain/rainbond-operator/pkg/controller/rbdcomponent/handler/api.go:335.43,356.2 2 0
github.com/goodrain/rainbond-operator/pkg/controller/rbdcomponent/handler/api.go:358.49,378.2 2 0
github.com/goodrain/rainbond-operator/pkg/controller/rbdcomponent/handler/chaos.go:41.199,50.2 1 0
github.com/goodrain/rainbond-operator/pkg/controller/rbdcomponent/handler/chaos.go:52.32,54.16 2 0
github.com/goodrain/rainbond-operator/pkg/controller/rbdcomponent/handler/chaos.go:57.2,60.16 3 0
github.com/goodrain/rainbond-operator/pkg/controller/rbdcomponent/handler/chaos.go:63.2,65.86 2 0
github.com/goodrain/rainbond-operator/pkg/controller/rbdcomponent/handler/chaos.go:69.2,69.12 1 0
github.com/goodrain/rainbond-operator/pkg/controller/rbdcomponent/handler/chaos.go:54.16,56.3 1 0
github.com/goodrain/rainbond-operator/pkg/controller/rbdcomponent/handler/chaos.go:60.16,62.3 1 0
github.com/goodrain/rainbond-operator/pkg/controller/rbdcomponent/handler/chaos.go:65.86,67.3 1 0
github.com/goodrain/rainbond-operator/pkg/controller/rbdcomponent/handler/chaos.go:72.43,76.2 1 0
github.com/goodrain/rainbond-operator/pkg/controller/rbdcomponent/handler/chaos.go:78.31,80.2 1 0
github.com/goodrain/rainbond-operator/pkg/controller/rbdcomponent/handler/chaos.go:82.65,84.2 1 0
github.com/goodrain/rainbond-operator/pkg/controller/rbdcomponent/handler/chaos.go:86.60,91.2 1 0
github.com/goodrain/rainbond-operator/pkg/controller/rbdcomponent/handler/chaos.go:93.42,141.25 4 0
github.com/goodrain/rainbond-operator/pkg/controller/rbdcomponent/handler/chaos.go:148.2,149.52 2 0
github.com/goodrain/rainbond-operator/pkg/controller/rbdcomponent/handler/chaos.go:153.2,233.11 2 0
github.com/goodrain/rainbond-operator/pkg/controller/rbdcomponent/handler/chaos.go:141.25,146.3 4 0
github.com/goodrain/rainbond-operator/pkg/controller/rbdcomponent/handler/chaos.go:149.52,151.3 1 0
github.com/goodrain/rainbond-operator/pkg/controller/rbdcomponent/handler/webcli.go:33.200,42.2 1 0
github.com/goodrain/rainbond-operator/pkg/controller/rbdcomponent/handler/webcli.go:44.33,46.16 2 0
github.com/goodrain/rainbond-operator/pkg/controller/rbdcomponent/handler/webcli.go:49.2,51.12 2 0
github.com/goodrain/rainbond-operator/pkg/controller/rbdcomponent/handler/webcli.go:46.16,48.3 1 0
github.com/goodrain/rainbond-operator/pkg/controller/rbdcomponent/handler/webcli.go:54.44,58.2 1 0
github.com/goodrain/rainbond-operator/pkg/controller/rbdcomponent/handler/webcli.go:60.32,62.2 1 0
github.com/goodrain/rainbond-operator/pkg/controller/rbdcomponent/handler/webcli.go:64.43,72.25 4 0
github.com/goodrain/rainbond-operator/pkg/controller/rbdcomponent/handler/webcli.go:79.2,123.11 2 0
github.com/goodrain/rainbond-operator/pkg/controller/rbdcomponent/handler/webcli.go:72.25,77.3 4 0
github.com/goodrain/rainbond-operator/pkg/controller/rbdcomponent/handler/worker.go:38.200,47.2 1 0
github.com/goodrain/rainbond-operator/pkg/controller/rbdcomponent/handler/worker.go:49.33,51.16 2 0
github.com/goodrain/rainbond-operator/pkg/controller/rbdcomponent/handler/worker.go:54.2,57.16 3 0
github.com/goodrain/rainbond-operator/pkg/controller/rbdcomponent/handler/worker.go:60.2,62.86 2 0
github.com/goodrain/rainbond-operator/pkg/controller/rbdcomponent/handler/worker.go:66.2,66.12 1 0
github.com/goodrain/rainbond-operator/pkg/controller/rbdcomponent/handler/worker.go:51.16,53.3 1 0
github.com/goodrain/rainbond-operator/pkg/controller/rbdcomponent/handler/worker.go:57.16,59.3 1 0
github.com/goodrain/rainbond-operator/pkg/controller/rbdcomponent/handler/worker.go:62.86,64.3 1 0
github.com/goodrain/rainbond-operator/pkg/controller/rbdcomponent/handler/worker.go:69.44,73.2 1 0
github.com/goodrain/rainbond-operator/pkg/controller/rbdcomponent/handler/worker.go:75.32,77.2 1 0
github.com/goodrain/rainbond-operator/pkg/controller/rbdcomponent/handler/worker.go:79.66,81.2 1 0
github.com/goodrain/rainbond-operator/pkg/controller/rbdcomponent/handler/worker.go:83.61,88.2 1 0
github.com/goodrain/rainbond-operator/pkg/controller/rbdcomponent/handler/worker.go:90.43,114.25 4 0
github.com/goodrain/rainbond-operator/pkg/controller/rbdcomponent/handler/worker.go:121.2,173.11 2 0
github.com/goodrain/rainbond-operator/pkg/controller/rbdcomponent/handler/worker.go:114.25,119.3 4 0
github.com/goodrain/rainbond-operator/pkg/controller/rbdcomponent/handler/mq.go:32.196,41.2 1 0
github.com/goodrain/rainbond-operator/pkg/controller/rbdcomponent/handler/mq.go:43.29,45.16 2 0
github.com/goodrain/rainbond-operator/pkg/controller/rbdcomponent/handler/mq.go:48.2,49.12 2 0
github.com/goodrain/rainbond-operator/pkg/controller/rbdcomponent/handler/mq.go:45.16,47.3 1 0
github.com/goodrain/rainbond-operator/pkg/controller/rbdcomponent/handler/mq.go:52.40,56.2 1 0
github.com/goodrain/rainbond-operator/pkg/controller/rbdcomponent/handler/mq.go:58.28,60.2 1 0
github.com/goodrain/rainbond-operator/pkg/controller/rbdcomponent/handler/mq.go:62.39,70.25 4 0
github.com/goodrain/rainbond-operator/pkg/controller/rbdcomponent/handler/mq.go:77.2,120.11 2 0
github.com/goodrain/rainbond-operator/pkg/controller/rbdcomponent/handler/mq.go:70.25,75.3 4 0
github.com/goodrain/rainbond-operator/pkg/controller/rbdcomponent/handler/repo.go:31.198,40.2 1 0
github.com/goodrain/rainbond-operator/pkg/controller/rbdcomponent/handler/repo.go:42.31,43.86 1 0
github.com/goodrain/rainbond-operator/pkg/controller/rbdcomponent/handler/repo.go:46.2,46.12 1 0
github.com/goodrain/rainbond-operator/pkg/controller/rbdcomponent/handler/repo.go:43.86,45.3 1 0
github.com/goodrain/rainbond-operator/pkg/controller/rbdcomponent/handler/repo.go:49.42,54.2 1 0
github.com/goodrain/rainbond-operator/pkg/controller/rbdcomponent/handler/repo.go:56.30,58.2 1 0
github.com/goodrain/rainbond-operator/pkg/controller/rbdcomponent/handler/repo.go:60.64,62.2 1 0
github.com/goodrain/rainbond-operator/pkg/controller/rbdcomponent/handler/repo.go:64.42,108.2 4 0
github.com/goodrain/rainbond-operator/pkg/controller/rbdcomponent/handler/repo.go:110.45,128.2 2 0
github.com/goodrain/rainbond-operator/pkg/controller/rbdcomponent/handler/dns.go:29.197,36.2 1 0
github.com/goodrain/rainbond-operator/pkg/controller/rbdcomponent/handler/dns.go:38.30,40.2 1 0
github.com/goodrain/rainbond-operator/pkg/controller/rbdcomponent/handler/dns.go:42.41,47.2 1 0
github.com/goodrain/rainbond-operator/pkg/controller/rbdcomponent/handler/dns.go:49.29,51.2 1 0
github.com/goodrain/rainbond-operator/pkg/controller/rbdcomponent/handler/dns.go:53.40,117.2 2 0
github.com/goodrain/rainbond-operator/pkg/controller/rbdcomponent/handler/dns.go:119.43,141.2 2 0
github.com/goodrain/rainbond-operator/pkg/controller/rbdcomponent/handler/eventlog.go:40.202,49.2 1 0
github.com/goodrain/rainbond-operator/pkg/controller/rbdcomponent/handler/eventlog.go:51.35,53.16 2 0
github.com/goodrain/rainbond-operator/pkg/controller/rbdcomponent/handler/eventlog.go:56.2,59.16 3 0
github.com/goodrain/rainbond-operator/pkg/controller/rbdcomponent/handler/eventlog.go:62.2,64.86 2 0
github.com/goodrain/rainbond-operator/pkg/controller/rbdcomponent/handler/eventlog.go:68.2,68.12 1 0
github.com/goodrain/rainbond-operator/pkg/controller/rbdcomponent/handler/eventlog.go:53.16,55.3 1 0
github.com/goodrain/rainbond-operator/pkg/controller/rbdcomponent/handler/eventlog.go:59.16,61.3 1 0
github.com/goodrain/rainbond-operator/pkg/controller/rbdcomponent/handler/eventlog.go:64.86,66.3 1 0
github.com/goodrain/rainbond-operator/pkg/controller/rbdcomponent/handler/eventlog.go:71.46,75.2 1 0
github.com/goodrain/rainbond-operator/pkg/controller/rbdcomponent/handler/eventlog.go:77.34,79.2 1 0
github.com/goodrain/rainbond-operator/pkg/controller/rbdcomponent/handler/eventlog.go:81.68,83.2 1 0
github.com/goodrain/rainbond-operator/pkg/controller/rbdcomponent/handler/eventlog.go:85.63,90.2 1 0
github.com/goodrain/rainbond-operator/pkg/controller/rbdcomponent/handler/eventlog.go:92.45,117.25 4 0
github.com/goodrain/rainbond-operator/pkg/controller/rbdcomponent/handler/eventlog.go:124.2,175.11 2 0
github.com/goodrain/rainbond-operator/pkg/controller/rbdcomponent/handler/eventlog.go:117.25,122.3 4 0
github.com/goodrain/rainbond-operator/pkg/controller/rbdcomponent/handler/eventlog.go:178.34,184.2 1 0
github.com/goodrain/rainbond-operator/pkg/controller/rbdcomponent/handler/db.go:38.196,49.2 1 0
github.com/goodrain/rainbond-operator/pkg/controller/rbdcomponent/handler/db.go:51.29,52.78 1 0
github.com/goodrain/rainbond-operator/pkg/controller/rbdcomponent/handler/db.go:56.2,57.122 2 0
github.com/goodrain/rainbond-operator/pkg/controller/rbdcomponent/handler/db.go:63.2,65.12 2 0
github.com/goodrain/rainbond-operator/pkg/controller/rbdcomponent/handler/db.go:52.78,54.3 1 0
github.com/goodrain/rainbond-operator/pkg/controller/rbdcomponent/handler/db.go:57.122,58.33 1 0
github.com/goodrain/rainbond-operator/pkg/controller/rbdcomponent/handler/db.go:61.3,61.15 1 0
github.com/goodrain/rainbond-operator/pkg/controller/rbdcomponent/handler/db.go:58.33,60.4 1 0
github.com/goodrain/rainbond-operator/pkg/controller/rbdcomponent/handler/db.go:68.40,77.2 1 0
github.com/goodrain/rainbond-operator/pkg/controller/rbdcomponent/handler/db.go:79.28,81.2 1 0
github.com/goodrain/rainbond-operator/pkg/controller/rbdcomponent/handler/db.go:83.45,214.2 2 0
github.com/goodrain/rainbond-operator/pkg/controller/rbdcomponent/handler/db.go:216.41,235.2 2 0
github.com/goodrain/rainbond-operator/pkg/controller/rbdcomponent/handler/db.go:237.47,255.2 1 0
github.com/goodrain/rainbond-operator/pkg/controller/rbdcomponent/handler/db.go:257.43,283.2 2 0
github.com/goodrain/rainbond-operator/pkg/controller/rbdcomponent/handler/db.go:285.42,301.2 2 0
github.com/goodrain/rainbond-operator/pkg/controller/rbdcomponent/handler/db.go:303.40,304.21 1 0
github.com/goodrain/rainbond-operator/pkg/controller/rbdcomponent/handler/db.go:307.2,316.3 1 0
github.com/goodrain/rainbond-operator/pkg/controller/rbdcomponent/handler/db.go:304.21,306.3 1 0
github.com/goodrain/rainbond-operator/pkg/controller/rbdcomponent/handler/etcd.go:26.198,35.2 3 0
github.com/goodrain/rainbond-operator/pkg/controller/rbdcomponent/handler/etcd.go:37.31,38.38 1 0
github.com/goodrain/rainbond-operator/pkg/controller/rbdcomponent/handler/etcd.go:42.2,42.12 1 0
github.com/goodrain/rainbond-operator/pkg/controller/rbdcomponent/handler/etcd.go:38.38,40.3 1 0
github.com/goodrain/rainbond-operator/pkg/controller/rbdcomponent/handler/etcd.go:45.42,50.2 1 0
github.com/goodrain/rainbond-operator/pkg/controller/rbdcomponent/handler/etcd.go:52.30,54.2 1 0
github.com/goodrain/rainbond-operator/pkg/controller/rbdcomponent/handler/etcd.go:56.49,140.2 2 0
github.com/goodrain/rainbond-operator/pkg/controller/rbdcomponent/handler/etcd.go:142.45,166.2 2 0
github.com/goodrain/rainbond-operator/pkg/controller/rbdcomponent/handler/metrics_server.go:41.207,50.2 1 0
github.com/goodrain/rainbond-operator/pkg/controller/rbdcomponent/handler/metrics_server.go:52.40,54.100 2 0
github.com/goodrain/rainbond-operator/pkg/controller/rbdcomponent/handler/metrics_server.go:60.2,61.24 2 0
github.com/goodrain/rainbond-operator/pkg/controller/rbdcomponent/handler/metrics_server.go:64.2,64.12 1 0
github.com/goodrain/rainbond-operator/pkg/controller/rbdcomponent/handler/metrics_server.go:54.100,55.33 1 0
github.com/goodrain/rainbond-operator/pkg/controller/rbdcomponent/handler/metrics_server.go:58.3,58.13 1 0
github.com/goodrain/rainbond-operator/pkg/controller/rbdcomponent/handler/metrics_server.go:55.33,57.4 1 0
github.com/goodrain/rainbond-operator/pkg/controller/rbdcomponent/handler/metrics_server.go:61.24,63.3 1 0
github.com/goodrain/rainbond-operator/pkg/controller/rbdcomponent/handler/metrics_server.go:67.51,72.2 1 0
github.com/goodrain/rainbond-operator/pkg/controller/rbdcomponent/handler/metrics_server.go:74.39,77.100 3 0
github.com/goodrain/rainbond-operator/pkg/controller/rbdcomponent/handler/metrics_server.go:87.2,89.62 3 0
github.com/goodrain/rainbond-operator/pkg/controller/rbdcomponent/handler/metrics_server.go:92.2,92.12 1 0
github.com/goodrain/rainbond-operator/pkg/controller/rbdcomponent/handler/metrics_server.go:77.100,78.33 1 0
github.com/goodrain/rainbond-operator/pkg/controller/rbdcomponent/handler/metrics_server.go:81.3,81.63 1 0
github.com/goodrain/rainbond-operator/pkg/controller/rbdcomponent/handler/metrics_server.go:84.3,84.13 1 0
github.com/goodrain/rainbond-operator/pkg/controller/rbdcomponent/handler/metrics_server.go:78.33,80.4 1 0
github.com/goodrain/rainbond-operator/pkg/controller/rbdcomponent/handler/metrics_server.go:81.63,83.4 1 0
github.com/goodrain/rainbond-operator/pkg/controller/rbdcomponent/handler/metrics_server.go:89.62,91.3 1 0
github.com/goodrain/rainbond-operator/pkg/controller/rbdcomponent/handler/metrics_server.go:95.50,163.2 2 0
github.com/goodrain/rainbond-operator/pkg/controller/rbdcomponent/handler/metrics_server.go:165.63,189.2 5 0
github.com/goodrain/rainbond-operator/pkg/controller/rbdcomponent/handler/metrics_server.go:191.88,208.2 1 0
github.com/goodrain/rainbond-operator/pkg/controller/rbdcomponent/handler/monitor.go:37.201,47.2 1 0
github.com/goodrain/rainbond-operator/pkg/controller/rbdcomponent/handler/monitor.go:49.34,51.16 2 0
github.com/goodrain/rainbond-operator/pkg/controller/rbdcomponent/handler/monitor.go:54.2,56.86 2 0
github.com/goodrain/rainbond-operator/pkg/controller/rbdcomponent/handler/monitor.go:60.2,60.12 1 0
github.com/goodrain/rainbond-operator/pkg/controller/rbdcomponent/handler/monitor.go:51.16,53.3 1 0
github.com/goodrain/rainbond-operator/pkg/controller/rbdcomponent/handler/monitor.go:56.86,58.3 1 0
github.com/goodrain/rainbond-operator/pkg/controller/rbdcomponent/handler/monitor.go:63.45,68.2 1 0
github.com/goodrain/rainbond-operator/pkg/controller/rbdcomponent/handler/monitor.go:70.33,72.2 1 0
github.com/goodrain/rainbond-operator/pkg/controller/rbdcomponent/handler/monitor.go:74.53,76.2 1 0
github.com/goodrain/rainbond-operator/pkg/controller/rbdcomponent/handler/monitor.go:78.45,98.25 6 0
github.com/goodrain/rainbond-operator/pkg/controller/rbdcomponent/handler/monitor.go:105.2,150.11 2 0
github.com/goodrain/rainbond-operator/pkg/controller/rbdcomponent/handler/monitor.go:98.25,103.3 4 0
github.com/goodrain/rainbond-operator/pkg/controller/rbdcomponent/handler/monitor.go:153.51,175.2 2 0
github.com/goodrain/rainbond-operator/pkg/controller/rbdcomponent/handler/node.go:41.198,50.2 1 0
github.com/goodrain/rainbond-operator/pkg/controller/rbdcomponent/handler/node.go:52.31,54.16 2 0
github.com/goodrain/rainbond-operator/pkg/controller/rbdcomponent/handler/node.go:57.2,59.86 2 0
github.com/goodrain/rainbond-operator/pkg/controller/rbdcomponent/handler/node.go:63.2,63.12 1 0
github.com/goodrain/rainbond-operator/pkg/controller/rbdcomponent/handler/node.go:54.16,56.3 1 0
github.com/goodrain/rainbond-operator/pkg/controller/rbdcomponent/handler/node.go:59.86,61.3 1 0
github.com/goodrain/rainbond-operator/pkg/controller/rbdcomponent/handler/node.go:66.42,70.2 1 0
github.com/goodrain/rainbond-operator/pkg/controller/rbdcomponent/handler/node.go:72.30,74.2 1 0
github.com/goodrain/rainbond-operator/pkg/controller/rbdcomponent/handler/node.go:76.64,78.2 1 0
github.com/goodrain/rainbond-operator/pkg/controller/rbdcomponent/handler/node.go:80.59,85.2 1 0
github.com/goodrain/rainbond-operator/pkg/controller/rbdcomponent/handler/node.go:87.55,206.25 4 0
github.com/goodrain/rainbond-operator/pkg/controller/rbdcomponent/handler/node.go:213.2,286.11 2 0
github.com/goodrain/rainbond-operator/pkg/controller/rbdcomponent/handler/node.go:206.25,211.3 4 0
github.com/goodrain/rainbond-operator/pkg/controller/rbdcomponent/handler/app-ui.go:40.199,50.2 1 0
github.com/goodrain/rainbond-operator/pkg/controller/rbdcomponent/handler/app-ui.go:52.32,54.16 2 0
github.com/goodrain/rainbond-operator/pkg/controller/rbdcomponent/handler/app-ui.go:57.2,59.86 2 0
github.com/goodrain/rainbond-operator/pkg/controller/rbdcomponent/handler/app-ui.go:63.2,63.61 1 0
github.com/goodrain/rainbond-operator/pkg/controller/rbdcomponent/handler/app-ui.go:54.16,56.3 1 0
github.com/goodrain/rainbond-operator/pkg/controller/rbdcomponent/handler/app-ui.go:59.86,61.3 1 0
github.com/goodrain/rainbond-operator/pkg/controller/rbdcomponent/handler/app-ui.go:66.43,72.2 1 0
github.com/goodrain/rainbond-operator/pkg/controller/rbdcomponent/handler/app-ui.go:74.31,76.2 1 0
github.com/goodrain/rainbond-operator/pkg/controller/rbdcomponent/handler/app-ui.go:78.65,80.2 1 0
github.com/goodrain/rainbond-operator/pkg/controller/rbdcomponent/handler/app-ui.go:82.60,87.2 1 0
github.com/goodrain/rainbond-operator/pkg/controller/rbdcomponent/handler/app-ui.go:89.50,187.34 3 0
github.com/goodrain/rainbond-operator/pkg/controller/rbdcomponent/handler/app-ui.go:193.2,193.15 1 0
github.com/goodrain/rainbond-operator/pkg/controller/rbdcomponent/handler/app-ui.go:187.34,188.69 1 0
github.com/goodrain/rainbond-operator/pkg/controller/rbdcomponent/handler/app-ui.go:188.69,190.4 1 0
github.com/goodrain/rainbond-operator/pkg/controller/rbdcomponent/handler/app-ui.go:196.47,218.2 2 0
github.com/goodrain/rainbond-operator/pkg/controller/rbdcomponent/handler/app-ui.go:220.47,240.2 2 0
github.com/goodrain/rainbond-operator/pkg/controller/rbdcomponent/handler/common.go:30.87,34.2 3 0
github.com/goodrain/rainbond-operator/pkg/controller/rbdcomponent/handler/common.go:36.143,37.36 1 0
[...]
github.com/goodrain/rainbond-operator/pkg/openapi/cluster/usecase/global_config_usecase.go:276.16,278.3 1 0
github.com/goodrain/rainbond-operator/pkg/openapi/cluster/usecase/global_config_usecase.go:280.34,281.44 1 0
github.com/goodrain/rainbond-operator/pkg/openapi/cluster/usecase/global_config_usecase.go:285.3,286.17 2 0
github.com/goodrain/rainbond-operator/pkg/openapi/cluster/usecase/global_config_usecase.go:281.44,283.12 2 0
github.com/goodrain/rainbond-operator/pkg/openapi/cluster/usecase/global_config_usecase.go:286.17,288.4 1 0
github.com/goodrain/rainbond-operator/pkg/openapi/cluster/usecase/global_config_usecase.go:290.25,291.153 1 0
github.com/goodrain/rainbond-operator/pkg/openapi/cluster/usecase/global_config_usecase.go:291.153,293.4 1 0
github.com/goodrain/rainbond-operator/pkg/openapi/cluster/usecase/install_usecase.go:66.71,77.18 11 0
github.com/goodrain/rainbond-operator/pkg/openapi/cluster/usecase/install_usecase.go:81.2,82.18 2 0
github.com/goodrain/rainbond-operator/pkg/openapi/cluster/usecase/install_usecase.go:77.18,80.3 2 0
github.com/goodrain/rainbond-operator/pkg/openapi/cluster/usecase/install_usecase.go:93.139,99.2 1 0
github.com/goodrain/rainbond-operator/pkg/openapi/cluster/usecase/install_usecase.go:102.47,105.49 2 0
github.com/goodrain/rainbond-operator/pkg/openapi/cluster/usecase/install_usecase.go:109.2,109.48 1 0
github.com/goodrain/rainbond-operator/pkg/openapi/cluster/usecase/install_usecase.go:105.49,107.3 1 0
github.com/goodrain/rainbond-operator/pkg/openapi/cluster/usecase/install_usecase.go:112.59,124.16 5 0
github.com/goodrain/rainbond-operator/pkg/openapi/cluster/usecase/install_usecase.go:127.2,128.12 2 0
github.com/goodrain/rainbond-operator/pkg/openapi/cluster/usecase/install_usecase.go:124.16,126.3 1 0
github.com/goodrain/rainbond-operator/pkg/openapi/cluster/usecase/install_usecase.go:131.55,133.49 2 0
github.com/goodrain/rainbond-operator/pkg/openapi/cluster/usecase/install_usecase.go:137.2,137.12 1 0
github.com/goodrain/rainbond-operator/pkg/openapi/cluster/usecase/install_usecase.go:133.49,135.3 1 0
github.com/goodrain/rainbond-operator/pkg/openapi/cluster/usecase/install_usecase.go:140.84,144.16 3 0
github.com/goodrain/rainbond-operator/pkg/openapi/cluster/usecase/install_usecase.go:148.2,161.74 2 0
github.com/goodrain/rainbond-operator/pkg/openapi/cluster/usecase/install_usecase.go:165.2,167.34 3 0
github.com/goodrain/rainbond-operator/pkg/openapi/cluster/usecase/install_usecase.go:174.2,177.36 3 0
github.com/goodrain/rainbond-operator/pkg/openapi/cluster/usecase/install_usecase.go:180.2,180.41 1 0
github.com/goodrain/rainbond-operator/pkg/openapi/cluster/usecase/install_usecase.go:184.2,184.47 1 0
github.com/goodrain/rainbond-operator/pkg/openapi/cluster/usecase/install_usecase.go:192.2,192.12 1 0
github.com/goodrain/rainbond-operator/pkg/openapi/cluster/usecase/install_usecase.go:144.16,146.3 1 0
github.com/goodrain/rainbond-operator/pkg/openapi/cluster/usecase/install_usecase.go:161.74,163.3 1 0
github.com/goodrain/rainbond-operator/pkg/openapi/cluster/usecase/install_usecase.go:167.34,171.3 3 0
github.com/goodrain/rainbond-operator/pkg/openapi/cluster/usecase/install_usecase.go:171.8,173.3 1 0
github.com/goodrain/rainbond-operator/pkg/openapi/cluster/usecase/install_usecase.go:177.36,179.3 1 0
github.com/goodrain/rainbond-operator/pkg/openapi/cluster/usecase/install_usecase.go:180.41,182.3 1 0
github.com/goodrain/rainbond-operator/pkg/openapi/cluster/usecase/install_usecase.go:184.47,188.118 3 0
github.com/goodrain/rainbond-operator/pkg/openapi/cluster/usecase/install_usecase.go:188.118,190.4 1 0
github.com/goodrain/rainbond-operator/pkg/openapi/cluster/usecase/install_usecase.go:196.72,200.16 4 0
github.com/goodrain/rainbond-operator/pkg/openapi/cluster/usecase/install_usecase.go:204.2,205.16 2 0
github.com/goodrain/rainbond-operator/pkg/openapi/cluster/usecase/install_usecase.go:209.2,210.16 2 0
github.com/goodrain/rainbond-operator/pkg/openapi/cluster/usecase/install_usecase.go:214.2,215.24 2 0
github.com/goodrain/rainbond-operator/pkg/openapi/cluster/usecase/install_usecase.go:220.2,220.23 1 0
github.com/goodrain/rainbond-operator/pkg/openapi/cluster/usecase/install_usecase.go:200.16,203.3 2 0
github.com/goodrain/rainbond-operator/pkg/openapi/cluster/usecase/install_usecase.go:205.16,208.3 2 0
github.com/goodrain/rainbond-operator/pkg/openapi/cluster/usecase/install_usecase.go:210.16,213.3 2 0
github.com/goodrain/rainbond-operator/pkg/openapi/cluster/usecase/install_usecase.go:215.25,217.3 0 0
github.com/goodrain/rainbond-operator/pkg/openapi/cluster/usecase/install_usecase.go:217.8,219.3 1 0
github.com/goodrain/rainbond-operator/pkg/openapi/cluster/usecase/install_usecase.go:223.195,234.2 8 0
github.com/goodrain/rainbond-operator/pkg/openapi/cluster/usecase/install_usecase.go:237.65,244.2 2 0
github.com/goodrain/rainbond-operator/pkg/openapi/cluster/usecase/install_usecase.go:246.141,247.38 1 0
github.com/goodrain/rainbond-operator/pkg/openapi/cluster/usecase/install_usecase.go:255.2,261.38 3 0
github.com/goodrain/rainbond-operator/pkg/openapi/cluster/usecase/install_usecase.go:267.2,267.30 1 0
github.com/goodrain/rainbond-operator/pkg/openapi/cluster/usecase/install_usecase.go:273.2,274.36 2 0
github.com/goodrain/rainbond-operator/pkg/openapi/cluster/usecase/install_usecase.go:280.2,280.39 1 0
github.com/goodrain/rainbond-operator/pkg/openapi/cluster/usecase/install_usecase.go:286.2,289.15 3 0
github.com/goodrain/rainbond-operator/pkg/openapi/cluster/usecase/install_usecase.go:247.38,253.3 1 0
github.com/goodrain/rainbond-operator/pkg/openapi/cluster/usecase/install_usecase.go:261.38,262.25 1 0
github.com/goodrain/rainbond-operator/pkg/openapi/cluster/usecase/install_usecase.go:262.25,264.4 1 0
github.com/goodrain/rainbond-operator/pkg/openapi/cluster/usecase/install_usecase.go:267.30,271.3 2 0
github.com/goodrain/rainbond-operator/pkg/openapi/cluster/usecase/install_usecase.go:274.36,275.45 1 0
github.com/goodrain/rainbond-operator/pkg/openapi/cluster/usecase/install_usecase.go:275.45,277.4 1 0
github.com/goodrain/rainbond-operator/pkg/openapi/cluster/usecase/install_usecase.go:280.39,284.3 3 0
github.com/goodrain/rainbond-operator/pkg/openapi/cluster/usecase/install_usecase.go:293.138,295.27 2 0
github.com/goodrain/rainbond-operator/pkg/openapi/cluster/usecase/install_usecase.go:302.2,303.22 2 0
github.com/goodrain/rainbond-operator/pkg/openapi/cluster/usecase/install_usecase.go:309.2,312.26 2 0
github.com/goodrain/rainbond-operator/pkg/openapi/cluster/usecase/install_usecase.go:328.2,328.15 1 0
github.com/goodrain/rainbond-operator/pkg/openapi/cluster/usecase/install_usecase.go:295.27,300.3 1 0
github.com/goodrain/rainbond-operator/pkg/openapi/cluster/usecase/install_usecase.go:303.22,308.3 1 0
github.com/goodrain/rainbond-operator/pkg/openapi/cluster/usecase/install_usecase.go:313.24,315.39 2 0
github.com/goodrain/rainbond-operator/pkg/openapi/cluster/usecase/install_usecase.go:316.26,318.24 2 0
github.com/goodrain/rainbond-operator/pkg/openapi/cluster/usecase/install_usecase.go:319.23,323.35 4 0
github.com/goodrain/rainbond-operator/pkg/openapi/cluster/usecase/install_usecase.go:324.10,325.39 1 0
github.com/goodrain/rainbond-operator/pkg/openapi/cluster/usecase/install_usecase.go:332.136,334.27 2 0
github.com/goodrain/rainbond-operator/pkg/openapi/cluster/usecase/install_usecase.go:340.2,341.22 2 0
github.com/goodrain/rainbond-operator/pkg/openapi/cluster/usecase/install_usecase.go:347.2,350.26 2 0
github.com/goodrain/rainbond-operator/pkg/openapi/cluster/usecase/install_usecase.go:366.2,366.15 1 0
github.com/goodrain/rainbond-operator/pkg/openapi/cluster/usecase/install_usecase.go:334.27,339.3 1 0
github.com/goodrain/rainbond-operator/pkg/openapi/cluster/usecase/install_usecase.go:341.22,346.3 1 0
github.com/goodrain/rainbond-operator/pkg/openapi/cluster/usecase/install_usecase.go:351.24,353.39 2 0
github.com/goodrain/rainbond-operator/pkg/openapi/cluster/usecase/install_usecase.go:354.26,356.24 2 0
github.com/goodrain/rainbond-operator/pkg/openapi/cluster/usecase/install_usecase.go:357.23,361.35 4 0
github.com/goodrain/rainbond-operator/pkg/openapi/cluster/usecase/install_usecase.go:362.10,363.39 1 0
github.com/goodrain/rainbond-operator/pkg/openapi/cluster/usecase/install_usecase.go:370.141,372.27 2 0
github.com/goodrain/rainbond-operator/pkg/openapi/cluster/usecase/install_usecase.go:378.2,379.22 2 0
github.com/goodrain/rainbond-operator/pkg/openapi/cluster/usecase/install_usecase.go:385.2,388.26 2 0
github.com/goodrain/rainbond-operator/pkg/openapi/cluster/usecase/install_usecase.go:404.2,404.15 1 0
github.com/goodrain/rainbond-operator/pkg/openapi/cluster/usecase/install_usecase.go:372.27,377.3 1 0
github.com/goodrain/rainbond-operator/pkg/openapi/cluster/usecase/install_usecase.go:379.22,384.3 1 0
github.com/goodrain/rainbond-operator/pkg/openapi/cluster/usecase/install_usecase.go:389.24,391.39 2 0
github.com/goodrain/rainbond-operator/pkg/openapi/cluster/usecase/install_usecase.go:392.26,394.24 2 0
github.com/goodrain/rainbond-operator/pkg/openapi/cluster/usecase/install_usecase.go:395.23,399.35 4 0
github.com/goodrain/rainbond-operator/pkg/openapi/cluster/usecase/install_usecase.go:400.10,401.39 1 0
github.com/goodrain/rainbond-operator/pkg/openapi/cluster/usecase/install_usecase.go:408.149,415.27 3 0
github.com/goodrain/rainbond-operator/pkg/openapi/cluster/usecase/install_usecase.go:419.2,420.64 2 0
github.com/goodrain/rainbond-operator/pkg/openapi/cluster/usecase/install_usecase.go:425.2,426.38 2 0
github.com/goodrain/rainbond-operator/pkg/openapi/cluster/usecase/install_usecase.go:432.2,432.41 1 0
github.com/goodrain/rainbond-operator/pkg/openapi/cluster/usecase/install_usecase.go:438.2,441.15 3 0
github.com/goodrain/rainbond-operator/pkg/openapi/cluster/usecase/install_usecase.go:415.27,417.3 1 0
github.com/goodrain/rainbond-operator/pkg/openapi/cluster/usecase/install_usecase.go:420.64,423.3 2 0
github.com/goodrain/rainbond-operator/pkg/openapi/cluster/usecase/install_usecase.go:426.38,427.45 1 0
github.com/goodrain/rainbond-operator/pkg/openapi/cluster/usecase/install_usecase.go:427.45,429.4 1 0
github.com/goodrain/rainbond-operator/pkg/openapi/cluster/usecase/install_usecase.go:432.41,436.3 3 0
github.com/goodrain/rainbond-operator/pkg/openapi/cluster/usecase/install_usecase.go:444.171,445.42 1 0
github.com/goodrain/rainbond-operator/pkg/openapi/cluster/usecase/install_usecase.go:450.2,450.12 1 0
github.com/goodrain/rainbond-operator/pkg/openapi/cluster/usecase/install_usecase.go:445.42,446.31 1 0
github.com/goodrain/rainbond-operator/pkg/openapi/cluster/usecase/install_usecase.go:446.31,448.4 1 0
github.com/goodrain/rainbond-operator/pkg/openapi/cluster/usecase/usecase_impl.go:18.129,25.2 6 0
github.com/goodrain/rainbond-operator/pkg/openapi/cluster/usecase/usecase_impl.go:28.58,30.2 1 0
github.com/goodrain/rainbond-operator/pkg/openapi/cluster/usecase/usecase_impl.go:33.64,35.2 1 0
github.com/goodrain/rainbond-operator/pkg/openapi/cluster/usecase/usecase_impl.go:38.53,40.2 1 0
github.com/goodrain/rainbond-operator/pkg/openapi/cluster/usecase/usecase_impl.go:43.46,45.2 1 0
github.com/goodrain/rainbond-operator/pkg/openapi/upload/upload.go:17.57,18.48 1 0
github.com/goodrain/rainbond-operator/pkg/openapi/upload/upload.go:18.48,21.3 2 0
github.com/goodrain/rainbond-operator/pkg/openapi/upload/upload.go:25.65,28.2 2 0
github.com/goodrain/rainbond-operator/pkg/openapi/upload/upload.go:31.45,34.16 2 0
github.com/goodrain/rainbond-operator/pkg/openapi/upload/upload.go:38.2,41.78 2 0
github.com/goodrain/rainbond-operator/pkg/openapi/upload/upload.go:47.2,47.68 1 0
github.com/goodrain/rainbond-operator/pkg/openapi/upload/upload.go:52.2,52.71 1 0
github.com/goodrain/rainbond-operator/pkg/openapi/upload/upload.go:34.16,37.3 2 0
github.com/goodrain/rainbond-operator/pkg/openapi/upload/upload.go:41.78,44.3 2 0
github.com/goodrain/rainbond-operator/pkg/openapi/upload/upload.go:47.68,50.3 2 0
github.com/goodrain/rainbond-operator/pkg/openapi/user/usecase/user_ucase.go:24.78,31.2 2 3
github.com/goodrain/rainbond-operator/pkg/openapi/user/usecase/user_ucase.go:33.72,35.16 2 3
github.com/goodrain/rainbond-operator/pkg/openapi/user/usecase/user_ucase.go:42.2,42.31 1 2
github.com/goodrain/rainbond-operator/pkg/openapi/user/usecase/user_ucase.go:46.2,47.16 2 1
github.com/goodrain/rainbond-operator/pkg/openapi/user/usecase/user_ucase.go:51.2,51.19 1 1
github.com/goodrain/rainbond-operator/pkg/openapi/user/usecase/user_ucase.go:35.16,36.36 1 1
github.com/goodrain/rainbond-operator/pkg/openapi/user/usecase/user_ucase.go:39.3,39.17 1 1
github.com/goodrain/rainbond-operator/pkg/openapi/user/usecase/user_ucase.go:36.36,38.4 1 0
github.com/goodrain/rainbond-operator/pkg/openapi/user/usecase/user_ucase.go:42.31,44.3 1 1
github.com/goodrain/rainbond-operator/pkg/openapi/user/usecase/user_ucase.go:47.16,49.3 1 0
github.com/goodrain/rainbond-operator/pkg/openapi/user/usecase/user_ucase.go:55.72,63.16 3 1
github.com/goodrain/rainbond-operator/pkg/openapi/user/usecase/user_ucase.go:67.2,67.22 1 1
github.com/goodrain/rainbond-operator/pkg/openapi/user/usecase/user_ucase.go:63.16,65.3 1 0
github.com/goodrain/rainbond-operator/pkg/util/downloadutil/downloadutil.go:29.56,32.16 2 0
github.com/goodrain/rainbond-operator/pkg/util/downloadutil/downloadutil.go:35.2,35.15 1 0
github.com/goodrain/rainbond-operator/pkg/util/downloadutil/downloadutil.go:36.2,38.24 3 0
github.com/goodrain/rainbond-operator/pkg/util/downloadutil/downloadutil.go:42.2,43.15 2 0
github.com/goodrain/rainbond-operator/pkg/util/downloadutil/downloadutil.go:48.2,48.16 1 0
github.com/goodrain/rainbond-operator/pkg/util/downloadutil/downloadutil.go:51.2,55.15 4 0
github.com/goodrain/rainbond-operator/pkg/util/downloadutil/downloadutil.go:56.2,56.47 1 0
github.com/goodrain/rainbond-operator/pkg/util/downloadutil/downloadutil.go:59.2,61.16 3 0
github.com/goodrain/rainbond-operator/pkg/util/downloadutil/downloadutil.go:64.2,65.50 2 0
github.com/goodrain/rainbond-operator/pkg/util/downloadutil/downloadutil.go:68.2,70.54 3 0
github.com/goodrain/rainbond-operator/pkg/util/downloadutil/downloadutil.go:73.2,73.62 1 0
github.com/goodrain/rainbond-operator/pkg/util/downloadutil/downloadutil.go:76.2,76.12 1 0
github.com/goodrain/rainbond-operator/pkg/util/downloadutil/downloadutil.go:32.16,34.3 1 0
github.com/goodrain/rainbond-operator/pkg/util/downloadutil/downloadutil.go:35.15,35.40 1 0
github.com/goodrain/rainbond-operator/pkg/util/downloadutil/downloadutil.go:38.24,40.3 1 0
github.com/goodrain/rainbond-operator/pkg/util/downloadutil/downloadutil.go:43.15,47.3 2 0
github.com/goodrain/rainbond-operator/pkg/util/downloadutil/downloadutil.go:48.16,50.3 1 0
github.com/goodrain/rainbond-operator/pkg/util/downloadutil/downloadutil.go:55.15,55.37 1 0
github.com/goodrain/rainbond-operator/pkg/util/downloadutil/downloadutil.go:56.47,58.3 1 0
github.com/goodrain/rainbond-operator/pkg/util/downloadutil/downloadutil.go:61.16,63.3 1 0
github.com/goodrain/rainbond-operator/pkg/util/downloadutil/downloadutil.go:65.50,67.3 1 0
github.com/goodrain/rainbond-operator/pkg/util/downloadutil/downloadutil.go:70.54,72.3 1 0
github.com/goodrain/rainbond-operator/pkg/util/downloadutil/downloadutil.go:73.62,75.3 1 0
github.com/goodrain/rainbond-operator/pkg/util/downloadutil/downloadutil.go:80.81,81.25 1 0
github.com/goodrain/rainbond-operator/pkg/util/downloadutil/downloadutil.go:82.32,83.38 1 0
github.com/goodrain/rainbond-operator/pkg/util/downloadutil/downloadutil.go:84.29,86.33 2 0
github.com/goodrain/rainbond-operator/pkg/util/downloadutil/downloadutil.go:89.3,89.123 1 0
github.com/goodrain/rainbond-operator/pkg/util/downloadutil/downloadutil.go:90.34,92.91 2 0
github.com/goodrain/rainbond-operator/pkg/util/downloadutil/downloadutil.go:93.31,94.88 1 0
github.com/goodrain/rainbond-operator/pkg/util/downloadutil/downloadutil.go:95.10,95.10 0 0
github.com/goodrain/rainbond-operator/pkg/util/downloadutil/downloadutil.go:86.33,88.4 1 0
github.com/goodrain/rainbond-operator/pkg/util/downloadutil/downloadutil.go:100.71,102.52 2 0
github.com/goodrain/rainbond-operator/pkg/util/downloadutil/downloadutil.go:106.2,108.22 3 0
github.com/goodrain/rainbond-operator/pkg/util/downloadutil/downloadutil.go:111.2,111.12 1 0
github.com/goodrain/rainbond-operator/pkg/util/downloadutil/downloadutil.go:102.52,105.3 2 0
github.com/goodrain/rainbond-operator/pkg/util/downloadutil/downloadutil.go:108.22,110.3 1 0
github.com/goodrain/rainbond-operator/pkg/util/downloadutil/downloadutil.go:114.58,116.2 1 0
github.com/goodrain/rainbond-operator/pkg/util/downloadutil/downloadutil.go:124.40,126.16 2 0
github.com/goodrain/rainbond-operator/pkg/util/downloadutil/downloadutil.go:130.2,132.16 3 0
github.com/goodrain/rainbond-operator/pkg/util/downloadutil/downloadutil.go:136.2,137.17 2 0
github.com/goodrain/rainbond-operator/pkg/util/downloadutil/downloadutil.go:126.16,129.3 2 0
github.com/goodrain/rainbond-operator/pkg/util/downloadutil/downloadutil.go:132.16,135.3 2 0
github.com/goodrain/rainbond-operator/pkg/util/tarutil/tarutil.go:18.57,20.16 2 0
github.com/goodrain/rainbond-operator/pkg/util/tarutil/tarutil.go:23.2,23.15 1 0
github.com/goodrain/rainbond-operator/pkg/util/tarutil/tarutil.go:27.2,28.16 2 0
github.com/goodrain/rainbond-operator/pkg/util/tarutil/tarutil.go:33.2,34.116 2 0
github.com/goodrain/rainbond-operator/pkg/util/tarutil/tarutil.go:39.2,42.29 2 0
github.com/goodrain/rainbond-operator/pkg/util/tarutil/tarutil.go:106.2,106.12 1 0
github.com/goodrain/rainbond-operator/pkg/util/tarutil/tarutil.go:20.16,22.3 1 0
github.com/goodrain/rainbond-operator/pkg/util/tarutil/tarutil.go:23.15,25.3 1 0
github.com/goodrain/rainbond-operator/pkg/util/tarutil/tarutil.go:28.16,30.3 1 0
github.com/goodrain/rainbond-operator/pkg/util/tarutil/tarutil.go:34.116,38.3 3 0
github.com/goodrain/rainbond-operator/pkg/util/tarutil/tarutil.go:42.29,46.17 3 0
github.com/goodrain/rainbond-operator/pkg/util/tarutil/tarutil.go:50.3,50.24 1 0
github.com/goodrain/rainbond-operator/pkg/util/tarutil/tarutil.go:54.3,54.38 1 0
github.com/goodrain/rainbond-operator/pkg/util/tarutil/tarutil.go:59.3,59.67 1 0
github.com/goodrain/rainbond-operator/pkg/util/tarutil/tarutil.go:102.3,102.53 1 0
github.com/goodrain/rainbond-operator/pkg/util/tarutil/tarutil.go:46.17,48.12 2 0
github.com/goodrain/rainbond-operator/pkg/util/tarutil/tarutil.go:50.24,52.12 2 0
github.com/goodrain/rainbond-operator/pkg/util/tarutil/tarutil.go:54.38,56.12 2 0
github.com/goodrain/rainbond-operator/pkg/util/tarutil/tarutil.go:59.67,60.18 1 0
github.com/goodrain/rainbond-operator/pkg/util/tarutil/tarutil.go:65.4,66.18 2 0
github.com/goodrain/rainbond-operator/pkg/util/tarutil/tarutil.go:70.4,71.28 2 0
github.com/goodrain/rainbond-operator/pkg/util/tarutil/tarutil.go:78.4,80.46 2 0
github.com/goodrain/rainbond-operator/pkg/util/tarutil/tarutil.go:84.4,84.28 1 0
github.com/goodrain/rainbond-operator/pkg/util/tarutil/tarutil.go:89.4,90.18 2 0
github.com/goodrain/rainbond-operator/pkg/util/tarutil/tarutil.go:93.4,95.18 3 0
github.com/goodrain/rainbond-operator/pkg/util/tarutil/tarutil.go:98.4,98.14 1 0
github.com/goodrain/rainbond-operator/pkg/util/tarutil/tarutil.go:60.18,62.5 1 0
github.com/goodrain/rainbond-operator/pkg/util/tarutil/tarutil.go:66.18,68.5 1 0
github.com/goodrain/rainbond-operator/pkg/util/tarutil/tarutil.go:71.28,73.19 2 0
github.com/goodrain/rainbond-operator/pkg/util/tarutil/tarutil.go:73.19,75.6 1 0
github.com/goodrain/rainbond-operator/pkg/util/tarutil/tarutil.go:80.46,82.5 1 0
github.com/goodrain/rainbond-operator/pkg/util/tarutil/tarutil.go:84.28,86.5 1 0
github.com/goodrain/rainbond-operator/pkg/util/tarutil/tarutil.go:90.18,92.5 1 0
github.com/goodrain/rainbond-operator/pkg/util/tarutil/tarutil.go:95.18,97.5 1 0
github.com/goodrain/rainbond-operator/pkg/util/tarutil/tarutil.go:102.53,104.4 1 0
github.com/goodrain/rainbond-operator/pkg/util/tarutil/tarutil.go:110.50,115.2 4 0
