mode: atomic
github.com/goodrain/rainbond-operator/pkg/controller/rainbondcluster/rainbondcluster_controller.go:34.37,36.2 1 0
github.com/goodrain/rainbond-operator/pkg/controller/rainbondcluster/rainbondcluster_controller.go:39.62,41.2 1 0
github.com/goodrain/rainbond-operator/pkg/controller/rainbondcluster/rainbondcluster_controller.go:44.61,47.16 2 0
github.com/goodrain/rainbond-operator/pkg/controller/rainbondcluster/rainbondcluster_controller.go:53.2,59.16 2 0
github.com/goodrain/rainbond-operator/pkg/controller/rainbondcluster/rainbondcluster_controller.go:63.2,63.12 1 0
github.com/goodrain/rainbond-operator/pkg/controller/rainbondcluster/rainbondcluster_controller.go:47.16,49.3 1 0
github.com/goodrain/rainbond-operator/pkg/controller/rainbondcluster/rainbondcluster_controller.go:59.16,61.3 1 0
github.com/goodrain/rainbond-operator/pkg/controller/rainbondcluster/rainbondcluster_controller.go:82.99,92.16 7 0
github.com/goodrain/rainbond-operator/pkg/controller/rainbondcluster/rainbondcluster_controller.go:103.2,103.75 1 0
github.com/goodrain/rainbond-operator/pkg/controller/rainbondcluster/rainbondcluster_controller.go:107.2,108.16 2 0
github.com/goodrain/rainbond-operator/pkg/controller/rainbondcluster/rainbondcluster_controller.go:112.2,113.71 2 0
github.com/goodrain/rainbond-operator/pkg/controller/rainbondcluster/rainbondcluster_controller.go:118.2,118.42 1 0
github.com/goodrain/rainbond-operator/pkg/controller/rainbondcluster/rainbondcluster_controller.go:133.2,133.46 1 0
github.com/goodrain/rainbond-operator/pkg/controller/rainbondcluster/rainbondcluster_controller.go:92.16,93.29 1 0
github.com/goodrain/rainbond-operator/pkg/controller/rainbondcluster/rainbondcluster_controller.go:100.3,100.33 1 0
github.com/goodrain/rainbond-operator/pkg/controller/rainbondcluster/rainbondcluster_controller.go:93.29,98.4 1 0
github.com/goodrain/rainbond-operator/pkg/controller/rainbondcluster/rainbondcluster_controller.go:103.75,105.3 1 0
github.com/goodrain/rainbond-operator/pkg/controller/rainbondcluster/rainbondcluster_controller.go:108.16,111.3 2 0
github.com/goodrain/rainbond-operator/pkg/controller/rainbondcluster/rainbondcluster_controller.go:113.71,116.3 2 0
github.com/goodrain/rainbond-operator/pkg/controller/rainbondcluster/rainbondcluster_controller.go:118.42,122.17 3 0
github.com/goodrain/rainbond-operator/pkg/controller/rainbondcluster/rainbondcluster_controller.go:126.3,127.62 2 0
github.com/goodrain/rainbond-operator/pkg/controller/rainbondcluster/rainbondcluster_controller.go:122.17,125.4 2 0
github.com/goodrain/rainbond-operator/pkg/controller/rainbondcluster/rainbondcluster_controller.go:127.62,130.4 2 0
github.com/goodrain/rainbond-operator/pkg/controller/rainbondcluster/rainbondcluster_controller.go:136.95,141.81 4 0
github.com/goodrain/rainbond-operator/pkg/controller/rainbondcluster/rainbondcluster_controller.go:146.2,147.44 2 0
github.com/goodrain/rainbond-operator/pkg/controller/rainbondcluster/rainbondcluster_controller.go:155.2,155.23 1 0
github.com/goodrain/rainbond-operator/pkg/controller/rainbondcluster/rainbondcluster_controller.go:141.81,144.3 2 0
github.com/goodrain/rainbond-operator/pkg/controller/rainbondcluster/rainbondcluster_controller.go:147.44,153.3 2 0
github.com/goodrain/rainbond-operator/pkg/controller/rainbondcluster/rainbondcluster_controller.go:158.42,160.16 2 0
github.com/goodrain/rainbond-operator/pkg/controller/rainbondcluster/rainbondcluster_controller.go:163.2,163.15 1 0
github.com/goodrain/rainbond-operator/pkg/controller/rainbondcluster/rainbondcluster_controller.go:164.2,164.13 1 0
github.com/goodrain/rainbond-operator/pkg/controller/rainbondcluster/rainbondcluster_controller.go:160.16,162.3 1 0
github.com/goodrain/rainbond-operator/pkg/controller/rainbondcluster/rainbondcluster_controller.go:163.15,163.32 1 0
github.com/goodrain/rainbond-operator/pkg/controller/rainbondcluster/rainbondcluster_controller.go:169.187,174.16 4 0
github.com/goodrain/rainbond-operator/pkg/controller/rainbondcluster/rainbondcluster_controller.go:178.2,191.15 4 0
github.com/goodrain/rainbond-operator/pkg/controller/rainbondcluster/rainbondcluster_controller.go:174.16,176.3 1 0
github.com/goodrain/rainbond-operator/pkg/controller/rainbondcluster/rainbondcluster_controller.go:194.92,196.50 2 0
github.com/goodrain/rainbond-operator/pkg/controller/rainbondcluster/rainbondcluster_controller.go:200.2,201.35 2 0
github.com/goodrain/rainbond-operator/pkg/controller/rainbondcluster/rainbondcluster_controller.go:211.2,211.19 1 0
github.com/goodrain/rainbond-operator/pkg/controller/rainbondcluster/rainbondcluster_controller.go:196.50,199.3 2 0
github.com/goodrain/rainbond-operator/pkg/controller/rainbondcluster/rainbondcluster_controller.go:201.35,202.32 1 0
github.com/goodrain/rainbond-operator/pkg/controller/rainbondcluster/rainbondcluster_controller.go:202.32,203.60 1 0
github.com/goodrain/rainbond-operator/pkg/controller/rainbondcluster/rainbondcluster_controller.go:206.4,206.103 1 0
github.com/goodrain/rainbond-operator/pkg/controller/rainbondcluster/rainbondcluster_controller.go:203.60,205.5 1 0
github.com/goodrain/rainbond-operator/pkg/controller/rainbondcluster/rainbondcluster_controller.go:206.103,208.5 1 0
github.com/goodrain/rainbond-operator/pkg/controller/rainbondcluster/rainbondcluster_controller.go:214.127,215.32 1 0
github.com/goodrain/rainbond-operator/pkg/controller/rainbondcluster/rainbondcluster_controller.go:240.2,240.40 1 0
github.com/goodrain/rainbond-operator/pkg/controller/rainbondcluster/rainbondcluster_controller.go:244.2,246.8 1 0
github.com/goodrain/rainbond-operator/pkg/controller/rainbondcluster/rainbondcluster_controller.go:215.32,227.17 5 0
github.com/goodrain/rainbond-operator/pkg/controller/rainbondcluster/rainbondcluster_controller.go:230.3,232.17 3 0
github.com/goodrain/rainbond-operator/pkg/controller/rainbondcluster/rainbondcluster_controller.go:235.3,235.38 1 0
github.com/goodrain/rainbond-operator/pkg/controller/rainbondcluster/rainbondcluster_controller.go:238.3,238.13 1 0
github.com/goodrain/rainbond-operator/pkg/controller/rainbondcluster/rainbondcluster_controller.go:227.17,229.4 1 0
github.com/goodrain/rainbond-operator/pkg/controller/rainbondcluster/rainbondcluster_controller.go:232.17,234.4 1 0
github.com/goodrain/rainbond-operator/pkg/controller/rainbondcluster/rainbondcluster_controller.go:235.38,237.4 1 0
github.com/goodrain/rainbond-operator/pkg/controller/rainbondcluster/rainbondcluster_controller.go:240.40,242.3 1 0
github.com/goodrain/rainbond-operator/pkg/controller/rainbondcluster/rainbondcluster_controller.go:249.111,256.2 2 0
github.com/goodrain/rainbond-operator/pkg/controller/rainbondcluster/rainbondcluster_controller.go:258.131,263.2 2 0
github.com/goodrain/rainbond-operator/pkg/controller/rainbondcluster/rainbondcluster_controller.go:265.98,268.25 3 0
github.com/goodrain/rainbond-operator/pkg/controller/rainbondcluster/rainbondcluster_controller.go:282.2,282.15 1 0
github.com/goodrain/rainbond-operator/pkg/controller/rainbondcluster/rainbondcluster_controller.go:268.25,271.37 3 0
github.com/goodrain/rainbond-operator/pkg/controller/rainbondcluster/rainbondcluster_controller.go:278.3,278.9 1 0
github.com/goodrain/rainbond-operator/pkg/controller/rainbondcluster/rainbondcluster_controller.go:271.37,272.67 1 0
github.com/goodrain/rainbond-operator/pkg/controller/rainbondcluster/rainbondcluster_controller.go:272.67,275.10 3 0
github.com/goodrain/rainbond-operator/pkg/controller/rainbondcluster/rainbondcluster_controller.go:278.9,280.4 1 0
github.com/goodrain/rainbond-operator/pkg/controller/rainbondcluster/rainbondcluster_controller.go:285.109,289.2 1 0
github.com/goodrain/rainbond-operator/pkg/controller/rainbondcluster/rainbondcluster_controller.go:291.128,294.2 2 0
github.com/goodrain/rainbond-operator/pkg/controller/rainbondcluster/rainbondcluster_controller.go:296.129,301.66 3 0
github.com/goodrain/rainbond-operator/pkg/controller/rainbondcluster/rainbondcluster_controller.go:306.2,306.92 1 0
github.com/goodrain/rainbond-operator/pkg/controller/rainbondcluster/rainbondcluster_controller.go:315.2,316.38 2 0
github.com/goodrain/rainbond-operator/pkg/controller/rainbondcluster/rainbondcluster_controller.go:325.2,325.17 1 0
github.com/goodrain/rainbond-operator/pkg/controller/rainbondcluster/rainbondcluster_controller.go:301.66,304.3 2 0
github.com/goodrain/rainbond-operator/pkg/controller/rainbondcluster/rainbondcluster_controller.go:306.92,307.37 1 0
github.com/goodrain/rainbond-operator/pkg/controller/rainbondcluster/rainbondcluster_controller.go:312.3,312.12 1 0
github.com/goodrain/rainbond-operator/pkg/controller/rainbondcluster/rainbondcluster_controller.go:307.37,308.35 1 0
github.com/goodrain/rainbond-operator/pkg/controller/rainbondcluster/rainbondcluster_controller.go:308.35,310.5 1 0
github.com/goodrain/rainbond-operator/pkg/controller/rainbondcluster/rainbondcluster_controller.go:316.38,323.3 2 0
github.com/goodrain/rainbond-operator/pkg/controller/rainbondpackage/rainbondpackage_controller.go:53.37,55.2 1 0
github.com/goodrain/rainbond-operator/pkg/controller/rainbondpackage/rainbondpackage_controller.go:58.62,60.2 1 0
github.com/goodrain/rainbond-operator/pkg/controller/rainbondpackage/rainbondpackage_controller.go:63.61,66.16 2 0
github.com/goodrain/rainbond-operator/pkg/controller/rainbondpackage/rainbondpackage_controller.go:71.2,77.16 2 0
github.com/goodrain/rainbond-operator/pkg/controller/rainbondpackage/rainbondpackage_controller.go:81.2,81.12 1 0
github.com/goodrain/rainbond-operator/pkg/controller/rainbondpackage/rainbondpackage_controller.go:66.16,68.3 1 0
github.com/goodrain/rainbond-operator/pkg/controller/rainbondpackage/rainbondpackage_controller.go:77.16,79.3 1 0
github.com/goodrain/rainbond-operator/pkg/controller/rainbondpackage/rainbondpackage_controller.go:100.99,110.16 7 0
github.com/goodrain/rainbond-operator/pkg/controller/rainbondpackage/rainbondpackage_controller.go:120.2,121.18 2 0
github.com/goodrain/rainbond-operator/pkg/controller/rainbondpackage/rainbondpackage_controller.go:128.2,128.15 1 0
github.com/goodrain/rainbond-operator/pkg/controller/rainbondpackage/rainbondpackage_controller.go:132.2,133.16 2 0
github.com/goodrain/rainbond-operator/pkg/controller/rainbondpackage/rainbondpackage_controller.go:141.2,141.34 1 0
github.com/goodrain/rainbond-operator/pkg/controller/rainbondpackage/rainbondpackage_controller.go:152.2,152.32 1 0
github.com/goodrain/rainbond-operator/pkg/controller/rainbondpackage/rainbondpackage_controller.go:110.16,111.29 1 0
github.com/goodrain/rainbond-operator/pkg/controller/rainbondpackage/rainbondpackage_controller.go:118.3,118.33 1 0
github.com/goodrain/rainbond-operator/pkg/controller/rainbondpackage/rainbondpackage_controller.go:111.29,116.4 1 0
github.com/goodrain/rainbond-operator/pkg/controller/rainbondpackage/rainbondpackage_controller.go:121.18,122.55 1 0
github.com/goodrain/rainbond-operator/pkg/controller/rainbondpackage/rainbondpackage_controller.go:126.3,126.33 1 0
github.com/goodrain/rainbond-operator/pkg/controller/rainbondpackage/rainbondpackage_controller.go:122.55,125.4 2 0
github.com/goodrain/rainbond-operator/pkg/controller/rainbondpackage/rainbondpackage_controller.go:128.15,130.3 1 0
github.com/goodrain/rainbond-operator/pkg/controller/rainbondpackage/rainbondpackage_controller.go:133.16,139.3 5 0
github.com/goodrain/rainbond-operator/pkg/controller/rainbondpackage/rainbondpackage_controller.go:141.34,142.42 1 0
github.com/goodrain/rainbond-operator/pkg/controller/rainbondpackage/rainbondpackage_controller.go:149.3,149.62 1 0
github.com/goodrain/rainbond-operator/pkg/controller/rainbondpackage/rainbondpackage_controller.go:142.42,144.4 1 0
github.com/goodrain/rainbond-operator/pkg/controller/rainbondpackage/rainbondpackage_controller.go:144.9,144.47 1 0
github.com/goodrain/rainbond-operator/pkg/controller/rainbondpackage/rainbondpackage_controller.go:144.47,146.4 1 0
github.com/goodrain/rainbond-operator/pkg/controller/rainbondpackage/rainbondpackage_controller.go:146.9,148.4 1 0
github.com/goodrain/rainbond-operator/pkg/controller/rainbondpackage/rainbondpackage_controller.go:154.66,190.2 1 1
github.com/goodrain/rainbond-operator/pkg/controller/rainbondpackage/rainbondpackage_controller.go:193.108,194.23 1 0
github.com/goodrain/rainbond-operator/pkg/controller/rainbondpackage/rainbondpackage_controller.go:198.2,199.45 2 0
github.com/goodrain/rainbond-operator/pkg/controller/rainbondpackage/rainbondpackage_controller.go:211.2,211.50 1 0
github.com/goodrain/rainbond-operator/pkg/controller/rainbondpackage/rainbondpackage_controller.go:214.2,214.19 1 0
github.com/goodrain/rainbond-operator/pkg/controller/rainbondpackage/rainbondpackage_controller.go:194.23,197.3 2 0
github.com/goodrain/rainbond-operator/pkg/controller/rainbondpackage/rainbondpackage_controller.go:199.45,200.46 1 0
github.com/goodrain/rainbond-operator/pkg/controller/rainbondpackage/rainbondpackage_controller.go:204.3,204.45 1 0
github.com/goodrain/rainbond-operator/pkg/controller/rainbondpackage/rainbondpackage_controller.go:207.3,207.48 1 0
github.com/goodrain/rainbond-operator/pkg/controller/rainbondpackage/rainbondpackage_controller.go:200.46,202.4 1 0
github.com/goodrain/rainbond-operator/pkg/controller/rainbondpackage/rainbondpackage_controller.go:204.45,206.4 1 0
github.com/goodrain/rainbond-operator/pkg/controller/rainbondpackage/rainbondpackage_controller.go:207.48,209.4 1 0
github.com/goodrain/rainbond-operator/pkg/controller/rainbondpackage/rainbondpackage_controller.go:211.50,213.3 1 0
github.com/goodrain/rainbond-operator/pkg/controller/rainbondpackage/rainbondpackage_controller.go:236.130,238.16 2 1
github.com/goodrain/rainbond-operator/pkg/controller/rainbondpackage/rainbondpackage_controller.go:242.2,243.19 2 1
github.com/goodrain/rainbond-operator/pkg/controller/rainbondpackage/rainbondpackage_controller.go:246.2,256.17 2 0
github.com/goodrain/rainbond-operator/pkg/controller/rainbondpackage/rainbondpackage_controller.go:238.16,241.3 2 0
github.com/goodrain/rainbond-operator/pkg/controller/rainbondpackage/rainbondpackage_controller.go:243.19,245.3 1 1
github.com/goodrain/rainbond-operator/pkg/controller/rainbondpackage/rainbondpackage_controller.go:259.69,260.29 1 1
github.com/goodrain/rainbond-operator/pkg/controller/rainbondpackage/rainbondpackage_controller.go:263.2,263.60 1 1
github.com/goodrain/rainbond-operator/pkg/controller/rainbondpackage/rainbondpackage_controller.go:266.2,266.33 1 0
github.com/goodrain/rainbond-operator/pkg/controller/rainbondpackage/rainbondpackage_controller.go:269.2,299.12 6 0
github.com/goodrain/rainbond-operator/pkg/controller/rainbondpackage/rainbondpackage_controller.go:260.29,262.3 1 0
github.com/goodrain/rainbond-operator/pkg/controller/rainbondpackage/rainbondpackage_controller.go:263.60,265.3 1 1
github.com/goodrain/rainbond-operator/pkg/controller/rainbondpackage/rainbondpackage_controller.go:266.33,268.3 1 0
github.com/goodrain/rainbond-operator/pkg/controller/rainbondpackage/rainbondpackage_controller.go:302.38,303.56 1 0
github.com/goodrain/rainbond-operator/pkg/controller/rainbondpackage/rainbondpackage_controller.go:307.2,307.12 1 0
github.com/goodrain/rainbond-operator/pkg/controller/rainbondpackage/rainbondpackage_controller.go:303.56,306.3 2 0
github.com/goodrain/rainbond-operator/pkg/controller/rainbondpackage/rainbondpackage_controller.go:310.88,314.16 4 0
github.com/goodrain/rainbond-operator/pkg/controller/rainbondpackage/rainbondpackage_controller.go:320.2,320.12 1 0
github.com/goodrain/rainbond-operator/pkg/controller/rainbondpackage/rainbondpackage_controller.go:314.16,316.17 2 0
github.com/goodrain/rainbond-operator/pkg/controller/rainbondpackage/rainbondpackage_controller.go:316.17,318.4 1 0
github.com/goodrain/rainbond-operator/pkg/controller/rainbondpackage/rainbondpackage_controller.go:323.42,327.126 4 0
github.com/goodrain/rainbond-operator/pkg/controller/rainbondpackage/rainbondpackage_controller.go:331.2,331.46 1 0
github.com/goodrain/rainbond-operator/pkg/controller/rainbondpackage/rainbondpackage_controller.go:334.2,334.34 1 0
github.com/goodrain/rainbond-operator/pkg/controller/rainbondpackage/rainbondpackage_controller.go:353.2,353.12 1 0
github.com/goodrain/rainbond-operator/pkg/controller/rainbondpackage/rainbondpackage_controller.go:327.126,330.3 2 0
github.com/goodrain/rainbond-operator/pkg/controller/rainbondpackage/rainbondpackage_controller.go:331.46,333.3 1 0
github.com/goodrain/rainbond-operator/pkg/controller/rainbondpackage/rainbondpackage_controller.go:335.52,336.27 1 0
github.com/goodrain/rainbond-operator/pkg/controller/rainbondpackage/rainbondpackage_controller.go:337.10,340.34 3 0
github.com/goodrain/rainbond-operator/pkg/controller/rainbondpackage/rainbondpackage_controller.go:343.3,343.35 1 0
github.com/goodrain/rainbond-operator/pkg/controller/rainbondpackage/rainbondpackage_controller.go:349.3,349.30 1 0
github.com/goodrain/rainbond-operator/pkg/controller/rainbondpackage/rainbondpackage_controller.go:340.34,342.4 1 0
github.com/goodrain/rainbond-operator/pkg/controller/rainbondpackage/rainbondpackage_controller.go:343.35,345.45 2 0
github.com/goodrain/rainbond-operator/pkg/controller/rainbondpackage/rainbondpackage_controller.go:345.45,347.5 1 0
github.com/goodrain/rainbond-operator/pkg/controller/rainbondpackage/rainbondpackage_controller.go:349.30,351.4 1 0
github.com/goodrain/rainbond-operator/pkg/controller/rainbondpackage/rainbondpackage_controller.go:356.108,357.52 1 0
github.com/goodrain/rainbond-operator/pkg/controller/rainbondpackage/rainbondpackage_controller.go:362.2,362.12 1 0
github.com/goodrain/rainbond-operator/pkg/controller/rainbondpackage/rainbondpackage_controller.go:357.52,358.29 1 0
github.com/goodrain/rainbond-operator/pkg/controller/rainbondpackage/rainbondpackage_controller.go:358.29,360.4 1 0
github.com/goodrain/rainbond-operator/pkg/controller/rainbondpackage/rainbondpackage_controller.go:364.129,365.52 1 0
github.com/goodrain/rainbond-operator/pkg/controller/rainbondpackage/rainbondpackage_controller.go:365.52,366.29 1 0
github.com/goodrain/rainbond-operator/pkg/controller/rainbondpackage/rainbondpackage_controller.go:366.29,367.51 1 0
github.com/goodrain/rainbond-operator/pkg/controller/rainbondpackage/rainbondpackage_controller.go:370.4,372.44 3 0
github.com/goodrain/rainbond-operator/pkg/controller/rainbondpackage/rainbondpackage_controller.go:377.4,377.9 1 0
github.com/goodrain/rainbond-operator/pkg/controller/rainbondpackage/rainbondpackage_controller.go:367.51,369.5 1 0
github.com/goodrain/rainbond-operator/pkg/controller/rainbondpackage/rainbondpackage_controller.go:372.44,376.5 3 0
github.com/goodrain/rainbond-operator/pkg/controller/rainbondpackage/rainbondpackage_controller.go:381.105,382.52 1 0
github.com/goodrain/rainbond-operator/pkg/controller/rainbondpackage/rainbondpackage_controller.go:382.52,383.29 1 0
github.com/goodrain/rainbond-operator/pkg/controller/rainbondpackage/rainbondpackage_controller.go:383.29,387.9 4 0
github.com/goodrain/rainbond-operator/pkg/controller/rainbondpackage/rainbondpackage_controller.go:391.104,392.20 1 0
github.com/goodrain/rainbond-operator/pkg/controller/rainbondpackage/rainbondpackage_controller.go:395.2,395.52 1 0
github.com/goodrain/rainbond-operator/pkg/controller/rainbondpackage/rainbondpackage_controller.go:404.2,404.14 1 0
github.com/goodrain/rainbond-operator/pkg/controller/rainbondpackage/rainbondpackage_controller.go:392.20,394.3 1 0
github.com/goodrain/rainbond-operator/pkg/controller/rainbondpackage/rainbondpackage_controller.go:395.52,396.29 1 0
github.com/goodrain/rainbond-operator/pkg/controller/rainbondpackage/rainbondpackage_controller.go:396.29,398.60 2 0
github.com/goodrain/rainbond-operator/pkg/controller/rainbondpackage/rainbondpackage_controller.go:398.60,401.5 2 0
github.com/goodrain/rainbond-operator/pkg/controller/rainbondpackage/rainbondpackage_controller.go:406.79,407.16 1 0
github.com/goodrain/rainbond-operator/pkg/controller/rainbondpackage/rainbondpackage_controller.go:410.2,411.27 2 0
github.com/goodrain/rainbond-operator/pkg/controller/rainbondpackage/rainbondpackage_controller.go:407.16,409.3 1 0
github.com/goodrain/rainbond-operator/pkg/controller/rainbondpackage/rainbondpackage_controller.go:413.78,414.16 1 0
github.com/goodrain/rainbond-operator/pkg/controller/rainbondpackage/rainbondpackage_controller.go:417.2,418.27 2 0
github.com/goodrain/rainbond-operator/pkg/controller/rainbondpackage/rainbondpackage_controller.go:414.16,416.3 1 0
github.com/goodrain/rainbond-operator/pkg/controller/rainbondpackage/rainbondpackage_controller.go:420.34,421.74 1 0
github.com/goodrain/rainbond-operator/pkg/controller/rainbondpackage/rainbondpackage_controller.go:437.2,437.14 1 0
github.com/goodrain/rainbond-operator/pkg/controller/rainbondpackage/rainbondpackage_controller.go:421.74,422.45 1 0
github.com/goodrain/rainbond-operator/pkg/controller/rainbondpackage/rainbondpackage_controller.go:435.3,435.15 1 0
github.com/goodrain/rainbond-operator/pkg/controller/rainbondpackage/rainbondpackage_controller.go:422.45,423.26 1 0
github.com/goodrain/rainbond-operator/pkg/controller/rainbondpackage/rainbondpackage_controller.go:430.4,430.50 1 0
github.com/goodrain/rainbond-operator/pkg/controller/rainbondpackage/rainbondpackage_controller.go:433.4,433.15 1 0
github.com/goodrain/rainbond-operator/pkg/controller/rainbondpackage/rainbondpackage_controller.go:423.26,425.52 2 0
github.com/goodrain/rainbond-operator/pkg/controller/rainbondpackage/rainbondpackage_controller.go:428.5,428.17 1 0
github.com/goodrain/rainbond-operator/pkg/controller/rainbondpackage/rainbondpackage_controller.go:425.52,427.6 1 0
github.com/goodrain/rainbond-operator/pkg/controller/rainbondpackage/rainbondpackage_controller.go:430.50,432.5 1 0
github.com/goodrain/rainbond-operator/pkg/controller/rainbondpackage/rainbondpackage_controller.go:440.32,441.74 1 0
github.com/goodrain/rainbond-operator/pkg/controller/rainbondpackage/rainbondpackage_controller.go:462.2,462.14 1 0
github.com/goodrain/rainbond-operator/pkg/controller/rainbondpackage/rainbondpackage_controller.go:441.74,443.47 1 0
github.com/goodrain/rainbond-operator/pkg/controller/rainbondpackage/rainbondpackage_controller.go:446.3,446.77 1 0
github.com/goodrain/rainbond-operator/pkg/controller/rainbondpackage/rainbondpackage_controller.go:443.47,445.4 1 0
github.com/goodrain/rainbond-operator/pkg/controller/rainbondpackage/rainbondpackage_controller.go:446.77,448.48 1 0
github.com/goodrain/rainbond-operator/pkg/controller/rainbondpackage/rainbondpackage_controller.go:448.48,449.27 1 0
github.com/goodrain/rainbond-operator/pkg/controller/rainbondpackage/rainbondpackage_controller.go:455.5,455.53 1 0
github.com/goodrain/rainbond-operator/pkg/controller/rainbondpackage/rainbondpackage_controller.go:458.5,458.16 1 0
github.com/goodrain/rainbond-operator/pkg/controller/rainbondpackage/rainbondpackage_controller.go:449.27,450.55 1 0
github.com/goodrain/rainbond-operator/pkg/controller/rainbondpackage/rainbondpackage_controller.go:453.6,453.18 1 0
github.com/goodrain/rainbond-operator/pkg/controller/rainbondpackage/rainbondpackage_controller.go:450.55,452.7 1 0
github.com/goodrain/rainbond-operator/pkg/controller/rainbondpackage/rainbondpackage_controller.go:455.53,457.6 1 0
github.com/goodrain/rainbond-operator/pkg/controller/rainbondpackage/rainbondpackage_controller.go:464.35,465.76 1 0
github.com/goodrain/rainbond-operator/pkg/controller/rainbondpackage/rainbondpackage_controller.go:478.2,478.14 1 0
github.com/goodrain/rainbond-operator/pkg/controller/rainbondpackage/rainbondpackage_controller.go:465.76,466.49 1 0
github.com/goodrain/rainbond-operator/pkg/controller/rainbondpackage/rainbondpackage_controller.go:469.3,469.71 1 0
github.com/goodrain/rainbond-operator/pkg/controller/rainbondpackage/rainbondpackage_controller.go:466.49,468.4 1 0
github.com/goodrain/rainbond-operator/pkg/controller/rainbondpackage/rainbondpackage_controller.go:469.71,470.47 1 0
github.com/goodrain/rainbond-operator/pkg/controller/rainbondpackage/rainbondpackage_controller.go:470.47,471.52 1 0
github.com/goodrain/rainbond-operator/pkg/controller/rainbondpackage/rainbondpackage_controller.go:474.5,474.16 1 0
github.com/goodrain/rainbond-operator/pkg/controller/rainbondpackage/rainbondpackage_controller.go:471.52,473.6 1 0
github.com/goodrain/rainbond-operator/pkg/controller/rainbondpackage/rainbondpackage_controller.go:481.31,482.115 1 0
github.com/goodrain/rainbond-operator/pkg/controller/rainbondpackage/rainbondpackage_controller.go:485.2,485.14 1 0
github.com/goodrain/rainbond-operator/pkg/controller/rainbondpackage/rainbondpackage_controller.go:482.115,484.3 1 0
github.com/goodrain/rainbond-operator/pkg/controller/rainbondpackage/rainbondpackage_controller.go:487.37,488.63 1 0
github.com/goodrain/rainbond-operator/pkg/controller/rainbondpackage/rainbondpackage_controller.go:497.2,497.12 1 0
github.com/goodrain/rainbond-operator/pkg/controller/rainbondpackage/rainbondpackage_controller.go:488.63,489.47 1 0
github.com/goodrain/rainbond-operator/pkg/controller/rainbondpackage/rainbondpackage_controller.go:489.47,491.45 2 0
github.com/goodrain/rainbond-operator/pkg/controller/rainbondpackage/rainbondpackage_controller.go:491.45,494.5 2 0
github.com/goodrain/rainbond-operator/pkg/controller/rainbondpackage/rainbondpackage_controller.go:501.40,510.17 4 0
github.com/goodrain/rainbond-operator/pkg/controller/rainbondpackage/rainbondpackage_controller.go:518.2,520.12 3 0
github.com/goodrain/rainbond-operator/pkg/controller/rainbondpackage/rainbondpackage_controller.go:539.2,539.52 1 0
github.com/goodrain/rainbond-operator/pkg/controller/rainbondpackage/rainbondpackage_controller.go:550.2,552.12 3 0
github.com/goodrain/rainbond-operator/pkg/controller/rainbondpackage/rainbondpackage_controller.go:510.17,513.17 3 0
github.com/goodrain/rainbond-operator/pkg/controller/rainbondpackage/rainbondpackage_controller.go:513.17,516.4 2 0
github.com/goodrain/rainbond-operator/pkg/controller/rainbondpackage/rainbondpackage_controller.go:520.12,522.7 2 0
github.com/goodrain/rainbond-operator/pkg/controller/rainbondpackage/rainbondpackage_controller.go:522.7,523.11 1 0
github.com/goodrain/rainbond-operator/pkg/controller/rainbondpackage/rainbondpackage_controller.go:524.20,528.82 3 0
github.com/goodrain/rainbond-operator/pkg/controller/rainbondpackage/rainbondpackage_controller.go:534.16,535.11 1 0
github.com/goodrain/rainbond-operator/pkg/controller/rainbondpackage/rainbondpackage_controller.go:528.82,529.47 1 0
github.com/goodrain/rainbond-operator/pkg/controller/rainbondpackage/rainbondpackage_controller.go:529.47,532.7 1 0
github.com/goodrain/rainbond-operator/pkg/controller/rainbondpackage/rainbondpackage_controller.go:539.52,544.17 5 0
github.com/goodrain/rainbond-operator/pkg/controller/rainbondpackage/rainbondpackage_controller.go:544.17,547.4 2 0
github.com/goodrain/rainbond-operator/pkg/controller/rainbondpackage/rainbondpackage_controller.go:556.30,559.47 2 0
github.com/goodrain/rainbond-operator/pkg/controller/rainbondpackage/rainbondpackage_controller.go:571.2,571.42 1 0
github.com/goodrain/rainbond-operator/pkg/controller/rainbondpackage/rainbondpackage_controller.go:578.2,578.21 1 0
github.com/goodrain/rainbond-operator/pkg/controller/rainbondpackage/rainbondpackage_controller.go:594.2,594.19 1 0
github.com/goodrain/rainbond-operator/pkg/controller/rainbondpackage/rainbondpackage_controller.go:609.2,609.22 1 0
github.com/goodrain/rainbond-operator/pkg/controller/rainbondpackage/rainbondpackage_controller.go:634.2,634.18 1 0
github.com/goodrain/rainbond-operator/pkg/controller/rainbondpackage/rainbondpackage_controller.go:639.2,639.12 1 0
github.com/goodrain/rainbond-operator/pkg/controller/rainbondpackage/rainbondpackage_controller.go:559.47,562.79 2 0
github.com/goodrain/rainbond-operator/pkg/controller/rainbondpackage/rainbondpackage_controller.go:565.3,568.13 4 0
github.com/goodrain/rainbond-operator/pkg/controller/rainbondpackage/rainbondpackage_controller.go:562.79,564.4 1 0
github.com/goodrain/rainbond-operator/pkg/controller/rainbondpackage/rainbondpackage_controller.go:571.42,577.3 5 0
github.com/goodrain/rainbond-operator/pkg/controller/rainbondpackage/rainbondpackage_controller.go:578.21,582.46 3 0
github.com/goodrain/rainbond-operator/pkg/controller/rainbondpackage/rainbondpackage_controller.go:589.3,591.28 3 0
github.com/goodrain/rainbond-operator/pkg/controller/rainbondpackage/rainbondpackage_controller.go:582.46,588.4 5 0
github.com/goodrain/rainbond-operator/pkg/controller/rainbondpackage/rainbondpackage_controller.go:594.19,598.38 3 0
github.com/goodrain/rainbond-operator/pkg/controller/rainbondpackage/rainbondpackage_controller.go:604.3,606.28 3 0
github.com/goodrain/rainbond-operator/pkg/controller/rainbondpackage/rainbondpackage_controller.go:598.38,603.4 4 0
github.com/goodrain/rainbond-operator/pkg/controller/rainbondpackage/rainbondpackage_controller.go:609.22,612.24 3 0
github.com/goodrain/rainbond-operator/pkg/controller/rainbondpackage/rainbondpackage_controller.go:629.3,631.28 3 0
github.com/goodrain/rainbond-operator/pkg/controller/rainbondpackage/rainbondpackage_controller.go:612.24,614.48 2 0
github.com/goodrain/rainbond-operator/pkg/controller/rainbondpackage/rainbondpackage_controller.go:614.48,619.5 4 0
github.com/goodrain/rainbond-operator/pkg/controller/rainbondpackage/rainbondpackage_controller.go:620.9,622.47 2 0
github.com/goodrain/rainbond-operator/pkg/controller/rainbondpackage/rainbondpackage_controller.go:622.47,627.5 4 0
github.com/goodrain/rainbond-operator/pkg/controller/rainbondpackage/rainbondpackage_controller.go:634.18,637.3 2 0
github.com/goodrain/rainbond-operator/pkg/controller/rainbondpackage/rainbondpackage_controller.go:642.32,645.14 3 0
github.com/goodrain/rainbond-operator/pkg/controller/rainbondpackage/rainbondpackage_controller.go:648.2,648.16 1 0
github.com/goodrain/rainbond-operator/pkg/controller/rainbondpackage/rainbondpackage_controller.go:651.2,652.12 2 0
github.com/goodrain/rainbond-operator/pkg/controller/rainbondpackage/rainbondpackage_controller.go:671.2,672.69 2 0
github.com/goodrain/rainbond-operator/pkg/controller/rainbondpackage/rainbondpackage_controller.go:675.2,676.12 2 0
github.com/goodrain/rainbond-operator/pkg/controller/rainbondpackage/rainbondpackage_controller.go:645.14,647.3 1 0
github.com/goodrain/rainbond-operator/pkg/controller/rainbondpackage/rainbondpackage_controller.go:648.16,650.3 1 0
github.com/goodrain/rainbond-operator/pkg/controller/rainbondpackage/rainbondpackage_controller.go:652.12,655.7 3 0
github.com/goodrain/rainbond-operator/pkg/controller/rainbondpackage/rainbondpackage_controller.go:655.7,656.11 1 0
github.com/goodrain/rainbond-operator/pkg/controller/rainbondpackage/rainbondpackage_controller.go:657.20,660.76 3 0
github.com/goodrain/rainbond-operator/pkg/controller/rainbondpackage/rainbondpackage_controller.go:666.16,667.11 1 0
github.com/goodrain/rainbond-operator/pkg/controller/rainbondpackage/rainbondpackage_controller.go:660.76,661.47 1 0
github.com/goodrain/rainbond-operator/pkg/controller/rainbondpackage/rainbondpackage_controller.go:661.47,664.7 1 0
github.com/goodrain/rainbond-operator/pkg/controller/rainbondpackage/rainbondpackage_controller.go:672.69,674.3 1 0
github.com/goodrain/rainbond-operator/pkg/controller/rainbondpackage/rainbondpackage_controller.go:679.40,683.60 4 0
github.com/goodrain/rainbond-operator/pkg/controller/rainbondpackage/rainbondpackage_controller.go:696.2,696.33 1 0
github.com/goodrain/rainbond-operator/pkg/controller/rainbondpackage/rainbondpackage_controller.go:715.2,715.12 1 0
github.com/goodrain/rainbond-operator/pkg/controller/rainbondpackage/rainbondpackage_controller.go:683.60,684.50 1 0
github.com/goodrain/rainbond-operator/pkg/controller/rainbondpackage/rainbondpackage_controller.go:687.3,687.73 1 0
github.com/goodrain/rainbond-operator/pkg/controller/rainbondpackage/rainbondpackage_controller.go:690.3,690.49 1 0
github.com/goodrain/rainbond-operator/pkg/controller/rainbondpackage/rainbondpackage_controller.go:693.3,693.13 1 0
github.com/goodrain/rainbond-operator/pkg/controller/rainbondpackage/rainbondpackage_controller.go:684.50,686.4 1 0
github.com/goodrain/rainbond-operator/pkg/controller/rainbondpackage/rainbondpackage_controller.go:687.73,689.4 1 0
github.com/goodrain/rainbond-operator/pkg/controller/rainbondpackage/rainbondpackage_controller.go:690.49,692.4 1 0
github.com/goodrain/rainbond-operator/pkg/controller/rainbondpackage/rainbondpackage_controller.go:696.33,699.62 3 0
github.com/goodrain/rainbond-operator/pkg/controller/rainbondpackage/rainbondpackage_controller.go:705.3,708.70 4 0
github.com/goodrain/rainbond-operator/pkg/controller/rainbondpackage/rainbondpackage_controller.go:713.3,713.61 1 0
github.com/goodrain/rainbond-operator/pkg/controller/rainbondpackage/rainbondpackage_controller.go:699.62,701.18 2 0
github.com/goodrain/rainbond-operator/pkg/controller/rainbondpackage/rainbondpackage_controller.go:701.18,703.5 1 0
github.com/goodrain/rainbond-operator/pkg/controller/rainbondpackage/rainbondpackage_controller.go:708.70,709.45 1 0
github.com/goodrain/rainbond-operator/pkg/controller/rainbondpackage/rainbondpackage_controller.go:709.45,711.5 1 0
github.com/goodrain/rainbond-operator/pkg/controller/rainbondpackage/rainbondpackage_controller.go:717.41,721.65 4 0
github.com/goodrain/rainbond-operator/pkg/controller/rainbondpackage/rainbondpackage_controller.go:771.2,771.38 1 0
github.com/goodrain/rainbond-operator/pkg/controller/rainbondpackage/rainbondpackage_controller.go:721.65,723.17 2 0
github.com/goodrain/rainbond-operator/pkg/controller/rainbondpackage/rainbondpackage_controller.go:727.3,727.31 1 0
github.com/goodrain/rainbond-operator/pkg/controller/rainbondpackage/rainbondpackage_controller.go:730.3,730.26 1 0
github.com/goodrain/rainbond-operator/pkg/controller/rainbondpackage/rainbondpackage_controller.go:735.3,735.29 1 0
github.com/goodrain/rainbond-operator/pkg/controller/rainbondpackage/rainbondpackage_controller.go:768.3,768.46 1 0
github.com/goodrain/rainbond-operator/pkg/controller/rainbondpackage/rainbondpackage_controller.go:723.17,726.4 2 0
github.com/goodrain/rainbond-operator/pkg/controller/rainbondpackage/rainbondpackage_controller.go:727.31,729.4 1 0
github.com/goodrain/rainbond-operator/pkg/controller/rainbondpackage/rainbondpackage_controller.go:730.26,733.4 2 0
github.com/goodrain/rainbond-operator/pkg/controller/rainbondpackage/rainbondpackage_controller.go:735.29,737.18 2 0
github.com/goodrain/rainbond-operator/pkg/controller/rainbondpackage/rainbondpackage_controller.go:742.4,743.22 2 0
github.com/goodrain/rainbond-operator/pkg/controller/rainbondpackage/rainbondpackage_controller.go:747.4,747.66 1 0
github.com/goodrain/rainbond-operator/pkg/controller/rainbondpackage/rainbondpackage_controller.go:752.4,752.47 1 0
github.com/goodrain/rainbond-operator/pkg/controller/rainbondpackage/rainbondpackage_controller.go:756.4,759.71 4 0
github.com/goodrain/rainbond-operator/pkg/controller/rainbondpackage/rainbondpackage_controller.go:764.4,765.20 2 0
github.com/goodrain/rainbond-operator/pkg/controller/rainbondpackage/rainbondpackage_controller.go:737.18,740.5 2 0
github.com/goodrain/rainbond-operator/pkg/controller/rainbondpackage/rainbondpackage_controller.go:743.22,745.5 1 0
github.com/goodrain/rainbond-operator/pkg/controller/rainbondpackage/rainbondpackage_controller.go:747.66,750.5 2 0
github.com/goodrain/rainbond-operator/pkg/controller/rainbondpackage/rainbondpackage_controller.go:752.47,755.5 2 0
github.com/goodrain/rainbond-operator/pkg/controller/rainbondpackage/rainbondpackage_controller.go:759.71,760.46 1 0
github.com/goodrain/rainbond-operator/pkg/controller/rainbondpackage/rainbondpackage_controller.go:760.46,762.6 1 0
github.com/goodrain/rainbond-operator/pkg/controller/rainbondpackage/rainbondpackage_controller.go:774.54,777.16 3 0
github.com/goodrain/rainbond-operator/pkg/controller/rainbondpackage/rainbondpackage_controller.go:780.2,782.16 3 0
github.com/goodrain/rainbond-operator/pkg/controller/rainbondpackage/rainbondpackage_controller.go:785.2,786.21 2 0
github.com/goodrain/rainbond-operator/pkg/controller/rainbondpackage/rainbondpackage_controller.go:815.2,815.21 1 0
github.com/goodrain/rainbond-operator/pkg/controller/rainbondpackage/rainbondpackage_controller.go:818.2,819.23 2 0
github.com/goodrain/rainbond-operator/pkg/controller/rainbondpackage/rainbondpackage_controller.go:777.16,779.3 1 0
github.com/goodrain/rainbond-operator/pkg/controller/rainbondpackage/rainbondpackage_controller.go:782.16,784.3 1 0
github.com/goodrain/rainbond-operator/pkg/controller/rainbondpackage/rainbondpackage_controller.go:786.21,789.7 3 0
github.com/goodrain/rainbond-operator/pkg/controller/rainbondpackage/rainbondpackage_controller.go:789.7,790.11 1 0
github.com/goodrain/rainbond-operator/pkg/controller/rainbondpackage/rainbondpackage_controller.go:796.4,797.42 2 0
github.com/goodrain/rainbond-operator/pkg/controller/rainbondpackage/rainbondpackage_controller.go:803.4,803.23 1 0
github.com/goodrain/rainbond-operator/pkg/controller/rainbondpackage/rainbondpackage_controller.go:806.4,809.19 3 0
github.com/goodrain/rainbond-operator/pkg/controller/rainbondpackage/rainbondpackage_controller.go:812.4,812.55 1 0
github.com/goodrain/rainbond-operator/pkg/controller/rainbondpackage/rainbondpackage_controller.go:791.24,793.27 2 0
github.com/goodrain/rainbond-operator/pkg/controller/rainbondpackage/rainbondpackage_controller.go:794.12,794.12 0 0
github.com/goodrain/rainbond-operator/pkg/controller/rainbondpackage/rainbondpackage_controller.go:797.42,798.22 1 0
github.com/goodrain/rainbond-operator/pkg/controller/rainbondpackage/rainbondpackage_controller.go:801.5,801.68 1 0
github.com/goodrain/rainbond-operator/pkg/controller/rainbondpackage/rainbondpackage_controller.go:798.22,799.11 1 0
github.com/goodrain/rainbond-operator/pkg/controller/rainbondpackage/rainbondpackage_controller.go:803.23,805.5 1 0
github.com/goodrain/rainbond-operator/pkg/controller/rainbondpackage/rainbondpackage_controller.go:809.19,811.5 1 0
github.com/goodrain/rainbond-operator/pkg/controller/rainbondpackage/rainbondpackage_controller.go:815.21,817.3 1 0
github.com/goodrain/rainbond-operator/pkg/controller/rainbondpackage/rainbondpackage_controller.go:822.45,832.16 7 0
github.com/goodrain/rainbond-operator/pkg/controller/rainbondpackage/rainbondpackage_controller.go:835.2,839.16 5 0
github.com/goodrain/rainbond-operator/pkg/controller/rainbondpackage/rainbondpackage_controller.go:843.2,843.16 1 0
github.com/goodrain/rainbond-operator/pkg/controller/rainbondpackage/rainbondpackage_controller.go:867.2,868.12 2 0
github.com/goodrain/rainbond-operator/pkg/controller/rainbondpackage/rainbondpackage_controller.go:832.16,834.3 1 0
github.com/goodrain/rainbond-operator/pkg/controller/rainbondpackage/rainbondpackage_controller.go:839.16,842.3 2 0
github.com/goodrain/rainbond-operator/pkg/controller/rainbondpackage/rainbondpackage_controller.go:843.16,847.7 3 0
github.com/goodrain/rainbond-operator/pkg/controller/rainbondpackage/rainbondpackage_controller.go:847.7,848.11 1 0
github.com/goodrain/rainbond-operator/pkg/controller/rainbondpackage/rainbondpackage_controller.go:854.4,855.42 2 0
github.com/goodrain/rainbond-operator/pkg/controller/rainbondpackage/rainbondpackage_controller.go:861.4,861.23 1 0
github.com/goodrain/rainbond-operator/pkg/controller/rainbondpackage/rainbondpackage_controller.go:864.4,864.66 1 0
github.com/goodrain/rainbond-operator/pkg/controller/rainbondpackage/rainbondpackage_controller.go:849.22,851.23 2 0
github.com/goodrain/rainbond-operator/pkg/controller/rainbondpackage/rainbondpackage_controller.go:852.12,852.12 0 0
github.com/goodrain/rainbond-operator/pkg/controller/rainbondpackage/rainbondpackage_controller.go:855.42,856.22 1 0
github.com/goodrain/rainbond-operator/pkg/controller/rainbondpackage/rainbondpackage_controller.go:859.5,859.64 1 0
github.com/goodrain/rainbond-operator/pkg/controller/rainbondpackage/rainbondpackage_controller.go:856.22,857.11 1 0
github.com/goodrain/rainbond-operator/pkg/controller/rainbondpackage/rainbondpackage_controller.go:861.23,863.5 1 0
github.com/goodrain/rainbond-operator/pkg/controller/rainbondpackage/rainbondpackage_controller.go:871.45,876.16 5 0
github.com/goodrain/rainbond-operator/pkg/controller/rainbondpackage/rainbondpackage_controller.go:880.2,881.16 2 0
github.com/goodrain/rainbond-operator/pkg/controller/rainbondpackage/rainbondpackage_controller.go:884.2,884.16 1 0
github.com/goodrain/rainbond-operator/pkg/controller/rainbondpackage/rainbondpackage_controller.go:907.2,908.12 2 0
github.com/goodrain/rainbond-operator/pkg/controller/rainbondpackage/rainbondpackage_controller.go:876.16,879.3 2 0
github.com/goodrain/rainbond-operator/pkg/controller/rainbondpackage/rainbondpackage_controller.go:881.16,883.3 1 0
github.com/goodrain/rainbond-operator/pkg/controller/rainbondpackage/rainbondpackage_controller.go:884.16,887.7 3 0
github.com/goodrain/rainbond-operator/pkg/controller/rainbondpackage/rainbondpackage_controller.go:887.7,888.11 1 0
github.com/goodrain/rainbond-operator/pkg/controller/rainbondpackage/rainbondpackage_controller.go:894.4,895.42 2 0
github.com/goodrain/rainbond-operator/pkg/controller/rainbondpackage/rainbondpackage_controller.go:901.4,901.23 1 0
github.com/goodrain/rainbond-operator/pkg/controller/rainbondpackage/rainbondpackage_controller.go:904.4,904.68 1 0
github.com/goodrain/rainbond-operator/pkg/controller/rainbondpackage/rainbondpackage_controller.go:889.22,891.21 2 0
github.com/goodrain/rainbond-operator/pkg/controller/rainbondpackage/rainbondpackage_controller.go:892.12,892.12 0 0
github.com/goodrain/rainbond-operator/pkg/controller/rainbondpackage/rainbondpackage_controller.go:895.42,896.22 1 0
github.com/goodrain/rainbond-operator/pkg/controller/rainbondpackage/rainbondpackage_controller.go:899.5,899.64 1 0
github.com/goodrain/rainbond-operator/pkg/controller/rainbondpackage/rainbondpackage_controller.go:896.22,897.11 1 0
github.com/goodrain/rainbond-operator/pkg/controller/rainbondpackage/rainbondpackage_controller.go:901.23,903.5 1 0
github.com/goodrain/rainbond-operator/pkg/controller/rainbondpackage/rainbondpackage_controller.go:911.68,913.16 2 1
github.com/goodrain/rainbond-operator/pkg/controller/rainbondpackage/rainbondpackage_controller.go:917.2,919.17 2 1
github.com/goodrain/rainbond-operator/pkg/controller/rainbondpackage/rainbondpackage_controller.go:913.16,916.3 2 0
github.com/goodrain/rainbond-operator/pkg/controller/rainbondpackage/rainbondpackage_controller.go:922.40,923.46 1 1
github.com/goodrain/rainbond-operator/pkg/controller/rainbondpackage/rainbondpackage_controller.go:926.2,929.12 4 1
github.com/goodrain/rainbond-operator/pkg/controller/rainbondpackage/rainbondpackage_controller.go:923.46,925.3 1 0
github.com/goodrain/rainbond-operator/pkg/controller/rainbondpackage/rainbondpackage_controller.go:932.71,934.16 2 0
github.com/goodrain/rainbond-operator/pkg/controller/rainbondpackage/rainbondpackage_controller.go:937.2,937.52 1 0
github.com/goodrain/rainbond-operator/pkg/controller/rainbondpackage/rainbondpackage_controller.go:934.16,936.3 1 0
github.com/goodrain/rainbond-operator/pkg/controller/rainbondpackage/rainbondpackage_controller.go:940.36,941.40 1 1
github.com/goodrain/rainbond-operator/pkg/controller/rainbondpackage/rainbondpackage_controller.go:944.2,944.38 1 0
github.com/goodrain/rainbond-operator/pkg/controller/rainbondpackage/rainbondpackage_controller.go:941.40,943.3 1 1
github.com/goodrain/rainbond-operator/pkg/controller/rainbondpackage/rainbondpackage_controller.go:947.36,950.78 3 0
github.com/goodrain/rainbond-operator/pkg/controller/rainbondpackage/rainbondpackage_controller.go:965.2,965.14 1 0
github.com/goodrain/rainbond-operator/pkg/controller/rainbondpackage/rainbondpackage_controller.go:950.78,951.17 1 0
github.com/goodrain/rainbond-operator/pkg/controller/rainbondpackage/rainbondpackage_controller.go:955.3,955.31 1 0
github.com/goodrain/rainbond-operator/pkg/controller/rainbondpackage/rainbondpackage_controller.go:958.3,958.26 1 0
github.com/goodrain/rainbond-operator/pkg/controller/rainbondpackage/rainbondpackage_controller.go:961.3,962.13 2 0
github.com/goodrain/rainbond-operator/pkg/controller/rainbondpackage/rainbondpackage_controller.go:951.17,954.4 2 0
github.com/goodrain/rainbond-operator/pkg/controller/rainbondpackage/rainbondpackage_controller.go:955.31,957.4 1 0
github.com/goodrain/rainbond-operator/pkg/controller/rainbondpackage/rainbondpackage_controller.go:958.26,960.4 1 0
github.com/goodrain/rainbond-operator/pkg/controller/rainbondpackage/rainbondpackage_controller.go:968.37,970.63 2 0
github.com/goodrain/rainbond-operator/pkg/controller/rainbondpackage/rainbondpackage_controller.go:973.2,973.13 1 0
github.com/goodrain/rainbond-operator/pkg/controller/rainbondpackage/rainbondpackage_controller.go:970.63,972.3 1 0
github.com/goodrain/rainbond-operator/pkg/controller/rainbondpackage/rainbondpackage_controller.go:976.67,978.16 2 0
github.com/goodrain/rainbond-operator/pkg/controller/rainbondpackage/rainbondpackage_controller.go:982.2,985.42 4 0
github.com/goodrain/rainbond-operator/pkg/controller/rainbondpackage/rainbondpackage_controller.go:988.2,988.49 1 0
github.com/goodrain/rainbond-operator/pkg/controller/rainbondpackage/rainbondpackage_controller.go:978.16,981.3 2 0
github.com/goodrain/rainbond-operator/pkg/controller/rainbondpackage/rainbondpackage_controller.go:985.42,987.3 1 0
github.com/goodrain/rainbond-operator/pkg/controller/rainbondvolume/plugin_factory.go:14.126,17.9 3 0
github.com/goodrain/rainbond-operator/pkg/controller/rainbondvolume/plugin_factory.go:25.2,25.14 1 0
github.com/goodrain/rainbond-operator/pkg/controller/rainbondvolume/plugin_factory.go:28.2,28.15 1 0
github.com/goodrain/rainbond-operator/pkg/controller/rainbondvolume/plugin_factory.go:18.33,19.51 1 0
github.com/goodrain/rainbond-operator/pkg/controller/rainbondvolume/plugin_factory.go:20.27,21.45 1 0
github.com/goodrain/rainbond-operator/pkg/controller/rainbondvolume/plugin_factory.go:22.21,23.39 1 0
github.com/goodrain/rainbond-operator/pkg/controller/rainbondvolume/plugin_factory.go:25.14,27.3 1 0
github.com/goodrain/rainbond-operator/pkg/controller/rainbondvolume/rainbondvolume_controller.go:34.37,36.2 1 0
github.com/goodrain/rainbond-operator/pkg/controller/rainbondvolume/rainbondvolume_controller.go:39.62,41.2 1 0
github.com/goodrain/rainbond-operator/pkg/controller/rainbondvolume/rainbondvolume_controller.go:44.61,47.16 2 0
github.com/goodrain/rainbond-operator/pkg/controller/rainbondvolume/rainbondvolume_controller.go:52.2,53.16 2 0
github.com/goodrain/rainbond-operator/pkg/controller/rainbondvolume/rainbondvolume_controller.go:59.2,63.16 2 0
github.com/goodrain/rainbond-operator/pkg/controller/rainbondvolume/rainbondvolume_controller.go:67.2,67.12 1 0
github.com/goodrain/rainbond-operator/pkg/controller/rainbondvolume/rainbondvolume_controller.go:47.16,49.3 1 0
github.com/goodrain/rainbond-operator/pkg/controller/rainbondvolume/rainbondvolume_controller.go:53.16,55.3 1 0
github.com/goodrain/rainbond-operator/pkg/controller/rainbondvolume/rainbondvolume_controller.go:63.16,65.3 1 0
github.com/goodrain/rainbond-operator/pkg/controller/rainbondvolume/rainbondvolume_controller.go:86.98,98.16 7 3
github.com/goodrain/rainbond-operator/pkg/controller/rainbondvolume/rainbondvolume_controller.go:109.2,110.25 2 3
github.com/goodrain/rainbond-operator/pkg/controller/rainbondvolume/rainbondvolume_controller.go:117.2,118.31 2 2
github.com/goodrain/rainbond-operator/pkg/controller/rainbondvolume/rainbondvolume_controller.go:134.2,135.18 2 0
github.com/goodrain/rainbond-operator/pkg/controller/rainbondvolume/rainbondvolume_controller.go:154.2,154.32 1 0
github.com/goodrain/rainbond-operator/pkg/controller/rainbondvolume/rainbondvolume_controller.go:98.16,99.29 1 0
github.com/goodrain/rainbond-operator/pkg/controller/rainbondvolume/rainbondvolume_controller.go:106.3,106.33 1 0
github.com/goodrain/rainbond-operator/pkg/controller/rainbondvolume/rainbondvolume_controller.go:99.29,104.4 1 0
github.com/goodrain/rainbond-operator/pkg/controller/rainbondvolume/rainbondvolume_controller.go:110.25,111.59 1 1
github.com/goodrain/rainbond-operator/pkg/controller/rainbondvolume/rainbondvolume_controller.go:114.3,114.33 1 1
github.com/goodrain/rainbond-operator/pkg/controller/rainbondvolume/rainbondvolume_controller.go:111.59,113.4 1 0
github.com/goodrain/rainbond-operator/pkg/controller/rainbondvolume/rainbondvolume_controller.go:118.31,120.17 2 2
github.com/goodrain/rainbond-operator/pkg/controller/rainbondvolume/rainbondvolume_controller.go:123.3,124.68 2 2
github.com/goodrain/rainbond-operator/pkg/controller/rainbondvolume/rainbondvolume_controller.go:127.3,127.59 1 2
github.com/goodrain/rainbond-operator/pkg/controller/rainbondvolume/rainbondvolume_controller.go:131.3,131.46 1 2
github.com/goodrain/rainbond-operator/pkg/controller/rainbondvolume/rainbondvolume_controller.go:120.17,122.4 1 0
github.com/goodrain/rainbond-operator/pkg/controller/rainbondvolume/rainbondvolume_controller.go:124.68,126.4 1 0
github.com/goodrain/rainbond-operator/pkg/controller/rainbondvolume/rainbondvolume_controller.go:127.59,129.4 1 0
github.com/goodrain/rainbond-operator/pkg/controller/rainbondvolume/rainbondvolume_controller.go:135.18,137.17 2 0
github.com/goodrain/rainbond-operator/pkg/controller/rainbondvolume/rainbondvolume_controller.go:143.3,143.66 1 0
github.com/goodrain/rainbond-operator/pkg/controller/rainbondvolume/rainbondvolume_controller.go:149.3,149.68 1 0
github.com/goodrain/rainbond-operator/pkg/controller/rainbondvolume/rainbondvolume_controller.go:137.17,138.60 1 0
github.com/goodrain/rainbond-operator/pkg/controller/rainbondvolume/rainbondvolume_controller.go:141.4,141.34 1 0
github.com/goodrain/rainbond-operator/pkg/controller/rainbondvolume/rainbondvolume_controller.go:138.60,140.5 1 0
github.com/goodrain/rainbond-operator/pkg/controller/rainbondvolume/rainbondvolume_controller.go:143.66,144.60 1 0
github.com/goodrain/rainbond-operator/pkg/controller/rainbondvolume/rainbondvolume_controller.go:147.4,147.34 1 0
github.com/goodrain/rainbond-operator/pkg/controller/rainbondvolume/rainbondvolume_controller.go:144.60,146.5 1 0
github.com/goodrain/rainbond-operator/pkg/controller/rainbondvolume/rainbondvolume_controller.go:149.68,151.4 1 0
github.com/goodrain/rainbond-operator/pkg/controller/rainbondvolume/rainbondvolume_controller.go:157.143,158.28 1 1
github.com/goodrain/rainbond-operator/pkg/controller/rainbondvolume/rainbondvolume_controller.go:166.2,167.42 2 0
github.com/goodrain/rainbond-operator/pkg/controller/rainbondvolume/rainbondvolume_controller.go:177.2,178.32 2 0
github.com/goodrain/rainbond-operator/pkg/controller/rainbondvolume/rainbondvolume_controller.go:193.2,193.43 1 0
github.com/goodrain/rainbond-operator/pkg/controller/rainbondvolume/rainbondvolume_controller.go:158.28,159.48 1 1
github.com/goodrain/rainbond-operator/pkg/controller/rainbondvolume/rainbondvolume_controller.go:162.3,163.13 2 1
github.com/goodrain/rainbond-operator/pkg/controller/rainbondvolume/rainbondvolume_controller.go:159.48,161.4 1 1
github.com/goodrain/rainbond-operator/pkg/controller/rainbondvolume/rainbondvolume_controller.go:167.42,169.17 2 0
github.com/goodrain/rainbond-operator/pkg/controller/rainbondvolume/rainbondvolume_controller.go:172.3,172.98 1 0
github.com/goodrain/rainbond-operator/pkg/controller/rainbondvolume/rainbondvolume_controller.go:169.17,170.12 1 0
github.com/goodrain/rainbond-operator/pkg/controller/rainbondvolume/rainbondvolume_controller.go:172.98,174.4 1 0
github.com/goodrain/rainbond-operator/pkg/controller/rainbondvolume/rainbondvolume_controller.go:178.32,180.17 2 0
github.com/goodrain/rainbond-operator/pkg/controller/rainbondvolume/rainbondvolume_controller.go:184.3,184.102 1 0
github.com/goodrain/rainbond-operator/pkg/controller/rainbondvolume/rainbondvolume_controller.go:187.3,187.98 1 0
github.com/goodrain/rainbond-operator/pkg/controller/rainbondvolume/rainbondvolume_controller.go:180.17,181.12 1 0
github.com/goodrain/rainbond-operator/pkg/controller/rainbondvolume/rainbondvolume_controller.go:184.102,186.4 1 0
github.com/goodrain/rainbond-operator/pkg/controller/rainbondvolume/rainbondvolume_controller.go:187.98,189.4 1 0
github.com/goodrain/rainbond-operator/pkg/controller/rainbondvolume/rainbondvolume_controller.go:196.125,200.16 3 0
github.com/goodrain/rainbond-operator/pkg/controller/rainbondvolume/rainbondvolume_controller.go:214.2,215.64 2 0
github.com/goodrain/rainbond-operator/pkg/controller/rainbondvolume/rainbondvolume_controller.go:200.16,201.33 1 0
github.com/goodrain/rainbond-operator/pkg/controller/rainbondvolume/rainbondvolume_controller.go:205.3,207.17 3 0
github.com/goodrain/rainbond-operator/pkg/controller/rainbondvolume/rainbondvolume_controller.go:211.3,211.13 1 0
github.com/goodrain/rainbond-operator/pkg/controller/rainbondvolume/rainbondvolume_controller.go:201.33,203.4 1 0
github.com/goodrain/rainbond-operator/pkg/controller/rainbondvolume/rainbondvolume_controller.go:207.17,210.4 2 0
github.com/goodrain/rainbond-operator/pkg/controller/rainbondvolume/rainbondvolume_controller.go:215.64,217.3 1 0
github.com/goodrain/rainbond-operator/pkg/controller/rainbondvolume/rainbondvolume_controller.go:220.122,223.21 3 3
github.com/goodrain/rainbond-operator/pkg/controller/rainbondvolume/rainbondvolume_controller.go:226.2,226.40 1 3
github.com/goodrain/rainbond-operator/pkg/controller/rainbondvolume/rainbondvolume_controller.go:232.2,233.72 2 3
github.com/goodrain/rainbond-operator/pkg/controller/rainbondvolume/rainbondvolume_controller.go:236.2,236.12 1 0
github.com/goodrain/rainbond-operator/pkg/controller/rainbondvolume/rainbondvolume_controller.go:223.21,225.3 1 3
github.com/goodrain/rainbond-operator/pkg/controller/rainbondvolume/rainbondvolume_controller.go:226.40,228.3 1 0
github.com/goodrain/rainbond-operator/pkg/controller/rainbondvolume/rainbondvolume_controller.go:228.8,230.3 1 3
github.com/goodrain/rainbond-operator/pkg/controller/rainbondvolume/rainbondvolume_controller.go:233.72,235.3 1 3
github.com/goodrain/rainbond-operator/pkg/controller/rainbondvolume/rainbondvolume_controller.go:239.137,240.64 1 3
github.com/goodrain/rainbond-operator/pkg/controller/rainbondvolume/rainbondvolume_controller.go:240.64,242.3 1 3
github.com/goodrain/rainbond-operator/pkg/controller/rainbondvolume/rainbondvolume_controller.go:245.131,246.64 1 2
github.com/goodrain/rainbond-operator/pkg/controller/rainbondvolume/rainbondvolume_controller.go:246.64,248.3 1 2
github.com/goodrain/rainbond-operator/pkg/controller/rainbondvolume/rainbondvolume_controller.go:251.142,255.16 3 2
github.com/goodrain/rainbond-operator/pkg/controller/rainbondvolume/rainbondvolume_controller.go:258.2,258.32 1 1
github.com/goodrain/rainbond-operator/pkg/controller/rainbondvolume/rainbondvolume_controller.go:262.2,263.49 2 1
github.com/goodrain/rainbond-operator/pkg/controller/rainbondvolume/rainbondvolume_controller.go:266.2,266.21 1 1
github.com/goodrain/rainbond-operator/pkg/controller/rainbondvolume/rainbondvolume_controller.go:255.16,257.3 1 1
github.com/goodrain/rainbond-operator/pkg/controller/rainbondvolume/rainbondvolume_controller.go:258.32,260.3 1 0
github.com/goodrain/rainbond-operator/pkg/controller/rainbondvolume/rainbondvolume_controller.go:263.49,265.3 1 0
github.com/goodrain/rainbond-operator/pkg/controller/rainbondvolume/rainbondvolume_controller.go:269.101,280.2 2 1
github.com/goodrain/rainbond-operator/pkg/controller/rbdcomponent/handler/db.go:37.157,47.2 1 0
github.com/goodrain/rainbond-operator/pkg/controller/rbdcomponent/handler/db.go:49.29,50.78 1 0
github.com/goodrain/rainbond-operator/pkg/controller/rbdcomponent/handler/db.go:54.2,55.122 2 0
github.com/goodrain/rainbond-operator/pkg/controller/rbdcomponent/handler/db.go:61.2,63.12 2 0
github.com/goodrain/rainbond-operator/pkg/controller/rbdcomponent/handler/db.go:50.78,52.3 1 0
github.com/goodrain/rainbond-operator/pkg/controller/rbdcomponent/handler/db.go:55.122,56.33 1 0
github.com/goodrain/rainbond-operator/pkg/controller/rbdcomponent/handler/db.go:59.3,59.15 1 0
github.com/goodrain/rainbond-operator/pkg/controller/rbdcomponent/handler/db.go:56.33,58.4 1 0
github.com/goodrain/rainbond-operator/pkg/controller/rbdcomponent/handler/db.go:66.40,75.2 1 0
github.com/goodrain/rainbond-operator/pkg/controller/rbdcomponent/handler/db.go:77.28,79.2 1 0
github.com/goodrain/rainbond-operator/pkg/controller/rbdcomponent/handler/db.go:81.45,212.2 2 0
github.com/goodrain/rainbond-operator/pkg/controller/rbdcomponent/handler/db.go:214.41,233.2 2 0
github.com/goodrain/rainbond-operator/pkg/controller/rbdcomponent/handler/db.go:235.47,253.2 1 0
github.com/goodrain/rainbond-operator/pkg/controller/rbdcomponent/handler/db.go:255.43,281.2 2 0
github.com/goodrain/rainbond-operator/pkg/controller/rbdcomponent/handler/db.go:283.42,299.2 2 0
github.com/goodrain/rainbond-operator/pkg/controller/rbdcomponent/handler/db.go:301.40,302.21 1 0
github.com/goodrain/rainbond-operator/pkg/controller/rbdcomponent/handler/db.go:305.2,314.3 1 0
github.com/goodrain/rainbond-operator/pkg/controller/rbdcomponent/handler/db.go:302.21,304.3 1 0
github.com/goodrain/rainbond-operator/pkg/controller/rbdcomponent/handler/etcd.go:25.159,33.2 3 0
github.com/goodrain/rainbond-operator/pkg/controller/rbdcomponent/handler/etcd.go:35.31,36.38 1 0
github.com/goodrain/rainbond-operator/pkg/controller/rbdcomponent/handler/etcd.go:40.2,40.12 1 0
github.com/goodrain/rainbond-operator/pkg/controller/rbdcomponent/handler/etcd.go:36.38,38.3 1 0
github.com/goodrain/rainbond-operator/pkg/controller/rbdcomponent/handler/etcd.go:43.42,48.2 1 0
github.com/goodrain/rainbond-operator/pkg/controller/rbdcomponent/handler/etcd.go:50.30,52.2 1 0
github.com/goodrain/rainbond-operator/pkg/controller/rbdcomponent/handler/etcd.go:54.49,138.2 2 0
github.com/goodrain/rainbond-operator/pkg/controller/rbdcomponent/handler/etcd.go:140.45,164.2 2 0
github.com/goodrain/rainbond-operator/pkg/controller/rbdcomponent/handler/worker.go:37.161,45.2 1 0
github.com/goodrain/rainbond-operator/pkg/controller/rbdcomponent/handler/worker.go:47.33,49.16 2 0
github.com/goodrain/rainbond-operator/pkg/controller/rbdcomponent/handler/worker.go:52.2,55.16 3 0
github.com/goodrain/rainbond-operator/pkg/controller/rbdcomponent/handler/worker.go:58.2,60.86 2 0
github.com/goodrain/rainbond-operator/pkg/controller/rbdcomponent/handler/worker.go:64.2,64.12 1 0
github.com/goodrain/rainbond-operator/pkg/controller/rbdcomponent/handler/worker.go:49.16,51.3 1 0
github.com/goodrain/rainbond-operator/pkg/controller/rbdcomponent/handler/worker.go:55.16,57.3 1 0
github.com/goodrain/rainbond-operator/pkg/controller/rbdcomponent/handler/worker.go:60.86,62.3 1 0
github.com/goodrain/rainbond-operator/pkg/controller/rbdcomponent/handler/worker.go:67.44,71.2 1 0
github.com/goodrain/rainbond-operator/pkg/controller/rbdcomponent/handler/worker.go:73.32,75.2 1 0
github.com/goodrain/rainbond-operator/pkg/controller/rbdcomponent/handler/worker.go:77.66,79.2 1 0
github.com/goodrain/rainbond-operator/pkg/controller/rbdcomponent/handler/worker.go:81.61,86.2 1 0
github.com/goodrain/rainbond-operator/pkg/controller/rbdcomponent/handler/worker.go:88.43,112.25 4 0
github.com/goodrain/rainbond-operator/pkg/controller/rbdcomponent/handler/worker.go:119.2,171.11 2 0
github.com/goodrain/rainbond-operator/pkg/controller/rbdcomponent/handler/worker.go:112.25,117.3 4 0
github.com/goodrain/rainbond-operator/pkg/controller/rbdcomponent/handler/common.go:30.87,34.2 3 0
github.com/goodrain/rainbond-operator/pkg/controller/rbdcomponent/handler/common.go:36.143,37.36 1 0
github.com/goodrain/rainbond-operator/pkg/controller/rbdcomponent/handler/common.go:40.2,47.56 4 0
github.com/goodrain/rainbond-operator/pkg/controller/rbdcomponent/handler/common.go:50.2,50.31 1 0
github.com/goodrain/rainbond-operator/pkg/controller/rbdcomponent/handler/common.go:57.2,57.25 1 0
github.com/goodrain/rainbond-operator/pkg/controller/rbdcomponent/handler/common.go:37.36,39.3 1 0
github.com/goodrain/rainbond-operator/pkg/controller/rbdcomponent/handler/common.go:47.56,49.3 1 0
github.com/goodrain/rainbond-operator/pkg/controller/rbdcomponent/handler/common.go:50.31,51.37 1 0
github.com/goodrain/rainbond-operator/pkg/controller/rbdcomponent/handler/common.go:51.37,52.33 1 0
github.com/goodrain/rainbond-operator/pkg/controller/rbdcomponent/handler/common.go:52.33,54.5 1 0
github.com/goodrain/rainbond-operator/pkg/controller/rbdcomponent/handler/common.go:60.154,61.15 1 1
github.com/goodrain/rainbond-operator/pkg/controller/rbdcomponent/handler/common.go:66.2,67.101 2 1
github.com/goodrain/rainbond-operator/pkg/controller/rbdcomponent/handler/common.go:73.2,81.8 3 1
github.com/goodrain/rainbond-operator/pkg/controller/rbdcomponent/handler/common.go:61.15,64.3 1 0
github.com/goodrain/rainbond-operator/pkg/controller/rbdcomponent/handler/common.go:67.101,68.33 1 0
github.com/goodrain/rainbond-operator/pkg/controller/rbdcomponent/handler/common.go:71.3,71.94 1 0
github.com/goodrain/rainbond-operator/pkg/controller/rbdcomponent/handler/common.go:68.33,70.4 1 0
github.com/goodrain/rainbond-operator/pkg/controller/rbdcomponent/handler/common.go:84.124,85.80 1 0
github.com/goodrain/rainbond-operator/pkg/controller/rbdcomponent/handler/common.go:89.2,90.139 2 0
github.com/goodrain/rainbond-operator/pkg/controller/rbdcomponent/handler/common.go:93.2,93.20 1 0
github.com/goodrain/rainbond-operator/pkg/controller/rbdcomponent/handler/common.go:85.80,88.3 1 0
github.com/goodrain/rainbond-operator/pkg/controller/rbdcomponent/handler/common.go:90.139,92.3 1 0
github.com/goodrain/rainbond-operator/pkg/controller/rbdcomponent/handler/common.go:95.107,97.104 2 0
github.com/goodrain/rainbond-operator/pkg/controller/rbdcomponent/handler/common.go:100.2,100.20 1 0
github.com/goodrain/rainbond-operator/pkg/controller/rbdcomponent/handler/common.go:97.104,99.3 1 0
github.com/goodrain/rainbond-operator/pkg/controller/rbdcomponent/handler/common.go:103.72,104.36 1 0
github.com/goodrain/rainbond-operator/pkg/controller/rbdcomponent/handler/common.go:107.2,107.42 1 0
github.com/goodrain/rainbond-operator/pkg/controller/rbdcomponent/handler/common.go:104.36,106.3 1 0
github.com/goodrain/rainbond-operator/pkg/controller/rbdcomponent/handler/common.go:110.82,123.2 3 0
github.com/goodrain/rainbond-operator/pkg/controller/rbdcomponent/handler/common.go:125.92,138.2 3 0
github.com/goodrain/rainbond-operator/pkg/controller/rbdcomponent/handler/common.go:140.29,146.2 1 0
github.com/goodrain/rainbond-operator/pkg/controller/rbdcomponent/handler/common.go:148.111,150.2 1 7
github.com/goodrain/rainbond-operator/pkg/controller/rbdcomponent/handler/common.go:152.111,154.16 2 5
github.com/goodrain/rainbond-operator/pkg/controller/rbdcomponent/handler/common.go:160.2,160.30 1 3
github.com/goodrain/rainbond-operator/pkg/controller/rbdcomponent/handler/common.go:154.16,155.37 1 2
github.com/goodrain/rainbond-operator/pkg/controller/rbdcomponent/handler/common.go:158.3,158.61 1 2
github.com/goodrain/rainbond-operator/pkg/controller/rbdcomponent/handler/common.go:155.37,157.4 1 0
github.com/goodrain/rainbond-operator/pkg/controller/rbdcomponent/handler/common.go:163.134,168.59 5 12
github.com/goodrain/rainbond-operator/pkg/controller/rbdcomponent/handler/common.go:172.2,172.32 1 12
github.com/goodrain/rainbond-operator/pkg/controller/rbdcomponent/handler/common.go:176.2,177.40 2 8
github.com/goodrain/rainbond-operator/pkg/controller/rbdcomponent/handler/common.go:180.2,180.42 1 7
github.com/goodrain/rainbond-operator/pkg/controller/rbdcomponent/handler/common.go:168.59,170.3 1 0
github.com/goodrain/rainbond-operator/pkg/controller/rbdcomponent/handler/common.go:172.32,174.3 1 4
github.com/goodrain/rainbond-operator/pkg/controller/rbdcomponent/handler/common.go:177.40,179.3 1 1
github.com/goodrain/rainbond-operator/pkg/controller/rbdcomponent/handler/common.go:183.99,185.8 2 3
github.com/goodrain/rainbond-operator/pkg/controller/rbdcomponent/handler/common.go:193.2,194.8 2 3
github.com/goodrain/rainbond-operator/pkg/controller/rbdcomponent/handler/common.go:202.2,202.12 1 3
github.com/goodrain/rainbond-operator/pkg/controller/rbdcomponent/handler/common.go:185.8,187.17 2 2
github.com/goodrain/rainbond-operator/pkg/controller/rbdcomponent/handler/common.go:190.3,190.47 1 2
github.com/goodrain/rainbond-operator/pkg/controller/rbdcomponent/handler/common.go:187.17,189.4 1 0
github.com/goodrain/rainbond-operator/pkg/controller/rbdcomponent/handler/common.go:194.8,196.17 2 2
github.com/goodrain/rainbond-operator/pkg/controller/rbdcomponent/handler/common.go:199.3,199.47 1 2
github.com/goodrain/rainbond-operator/pkg/controller/rbdcomponent/handler/common.go:196.17,198.4 1 0
github.com/goodrain/rainbond-operator/pkg/controller/rbdcomponent/handler/common.go:205.100,210.2 2 0
github.com/goodrain/rainbond-operator/pkg/controller/rbdcomponent/handler/common.go:212.100,217.2 2 0
github.com/goodrain/rainbond-operator/pkg/controller/rbdcomponent/handler/common.go:219.146,221.66 2 0
github.com/goodrain/rainbond-operator/pkg/controller/rbdcomponent/handler/common.go:224.2,240.12 2 0
github.com/goodrain/rainbond-operator/pkg/controller/rbdcomponent/handler/common.go:221.66,223.3 1 0
github.com/goodrain/rainbond-operator/pkg/controller/rbdcomponent/handler/dns.go:28.158,34.2 1 0
github.com/goodrain/rainbond-operator/pkg/controller/rbdcomponent/handler/dns.go:36.30,38.2 1 0
github.com/goodrain/rainbond-operator/pkg/controller/rbdcomponent/handler/dns.go:40.41,45.2 1 0
github.com/goodrain/rainbond-operator/pkg/controller/rbdcomponent/handler/dns.go:47.29,49.2 1 0
github.com/goodrain/rainbond-operator/pkg/controller/rbdcomponent/handler/dns.go:51.40,115.2 2 0
github.com/goodrain/rainbond-operator/pkg/controller/rbdcomponent/handler/dns.go:117.43,139.2 2 0
github.com/goodrain/rainbond-operator/pkg/controller/rbdcomponent/handler/errors.go:14.46,16.2 1 5
github.com/goodrain/rainbond-operator/pkg/controller/rbdcomponent/handler/errors.go:18.38,20.2 1 3
github.com/goodrain/rainbond-operator/pkg/controller/rbdcomponent/handler/errors.go:23.36,26.2 2 1
github.com/goodrain/rainbond-operator/pkg/controller/rbdcomponent/handler/errors.go:29.45,31.9 2 4
github.com/goodrain/rainbond-operator/pkg/controller/rbdcomponent/handler/errors.go:34.2,34.42 1 4
github.com/goodrain/rainbond-operator/pkg/controller/rbdcomponent/handler/errors.go:31.9,33.3 1 0
github.com/goodrain/rainbond-operator/pkg/controller/rbdcomponent/handler/gateway.go:32.162,40.2 1 0
github.com/goodrain/rainbond-operator/pkg/controller/rbdcomponent/handler/gateway.go:42.34,44.16 2 0
github.com/goodrain/rainbond-operator/pkg/controller/rbdcomponent/handler/gateway.go:47.2,49.12 2 0
github.com/goodrain/rainbond-operator/pkg/controller/rbdcomponent/handler/gateway.go:44.16,46.3 1 0
github.com/goodrain/rainbond-operator/pkg/controller/rbdcomponent/handler/gateway.go:52.45,56.2 1 0
github.com/goodrain/rainbond-operator/pkg/controller/rbdcomponent/handler/gateway.go:58.33,60.2 1 0
github.com/goodrain/rainbond-operator/pkg/controller/rbdcomponent/handler/gateway.go:62.44,71.25 4 0
github.com/goodrain/rainbond-operator/pkg/controller/rbdcomponent/handler/gateway.go:78.2,79.54 2 0
github.com/goodrain/rainbond-operator/pkg/controller/rbdcomponent/handler/gateway.go:83.2,141.11 2 0
github.com/goodrain/rainbond-operator/pkg/controller/rbdcomponent/handler/gateway.go:71.25,76.3 4 0
github.com/goodrain/rainbond-operator/pkg/controller/rbdcomponent/handler/gateway.go:79.54,81.3 1 0
github.com/goodrain/rainbond-operator/pkg/controller/rbdcomponent/handler/metrics_server.go:40.168,48.2 1 0
github.com/goodrain/rainbond-operator/pkg/controller/rbdcomponent/handler/metrics_server.go:50.40,52.100 2 0
github.com/goodrain/rainbond-operator/pkg/controller/rbdcomponent/handler/metrics_server.go:58.2,59.24 2 0
github.com/goodrain/rainbond-operator/pkg/controller/rbdcomponent/handler/metrics_server.go:62.2,62.12 1 0
github.com/goodrain/rainbond-operator/pkg/controller/rbdcomponent/handler/metrics_server.go:52.100,53.33 1 0
github.com/goodrain/rainbond-operator/pkg/controller/rbdcomponent/handler/metrics_server.go:56.3,56.13 1 0
github.com/goodrain/rainbond-operator/pkg/controller/rbdcomponent/handler/metrics_server.go:53.33,55.4 1 0
github.com/goodrain/rainbond-operator/pkg/controller/rbdcomponent/handler/metrics_server.go:59.24,61.3 1 0
github.com/goodrain/rainbond-operator/pkg/controller/rbdcomponent/handler/metrics_server.go:65.51,70.2 1 0
github.com/goodrain/rainbond-operator/pkg/controller/rbdcomponent/handler/metrics_server.go:72.39,75.100 3 0
github.com/goodrain/rainbond-operator/pkg/controller/rbdcomponent/handler/metrics_server.go:85.2,87.62 3 0
github.com/goodrain/rainbond-operator/pkg/controller/rbdcomponent/handler/metrics_server.go:90.2,90.12 1 0
github.com/goodrain/rainbond-operator/pkg/controller/rbdcomponent/handler/metrics_server.go:75.100,76.33 1 0
github.com/goodrain/rainbond-operator/pkg/controller/rbdcomponent/handler/metrics_server.go:79.3,79.63 1 0
github.com/goodrain/rainbond-operator/pkg/controller/rbdcomponent/handler/metrics_server.go:82.3,82.13 1 0
github.com/goodrain/rainbond-operator/pkg/controller/rbdcomponent/handler/metrics_server.go:76.33,78.4 1 0
github.com/goodrain/rainbond-operator/pkg/controller/rbdcomponent/handler/metrics_server.go:79.63,81.4 1 0
github.com/goodrain/rainbond-operator/pkg/controller/rbdcomponent/handler/metrics_server.go:87.62,89.3 1 0
github.com/goodrain/rainbond-operator/pkg/controller/rbdcomponent/handler/metrics_server.go:93.50,161.2 2 0
github.com/goodrain/rainbond-operator/pkg/controller/rbdcomponent/handler/metrics_server.go:163.63,187.2 5 0
github.com/goodrain/rainbond-operator/pkg/controller/rbdcomponent/handler/metrics_server.go:189.88,206.2 1 0
github.com/goodrain/rainbond-operator/pkg/controller/rbdcomponent/handler/mq.go:31.157,39.2 1 0
github.com/goodrain/rainbond-operator/pkg/controller/rbdcomponent/handler/mq.go:41.29,43.16 2 0
github.com/goodrain/rainbond-operator/pkg/controller/rbdcomponent/handler/mq.go:46.2,47.12 2 0
github.com/goodrain/rainbond-operator/pkg/controller/rbdcomponent/handler/mq.go:43.16,45.3 1 0
github.com/goodrain/rainbond-operator/pkg/controller/rbdcomponent/handler/mq.go:50.40,54.2 1 0
github.com/goodrain/rainbond-operator/pkg/controller/rbdcomponent/handler/mq.go:56.28,58.2 1 0
github.com/goodrain/rainbond-operator/pkg/controller/rbdcomponent/handler/mq.go:60.39,68.25 4 0
github.com/goodrain/rainbond-operator/pkg/controller/rbdcomponent/handler/mq.go:75.2,118.11 2 0
github.com/goodrain/rainbond-operator/pkg/controller/rbdcomponent/handler/mq.go:68.25,73.3 4 0
github.com/goodrain/rainbond-operator/pkg/controller/rbdcomponent/handler/repo.go:30.159,38.2 1 0
github.com/goodrain/rainbond-operator/pkg/controller/rbdcomponent/handler/repo.go:40.31,41.86 1 0
github.com/goodrain/rainbond-operator/pkg/controller/rbdcomponent/handler/repo.go:44.2,44.12 1 0
github.com/goodrain/rainbond-operator/pkg/controller/rbdcomponent/handler/repo.go:41.86,43.3 1 0
github.com/goodrain/rainbond-operator/pkg/controller/rbdcomponent/handler/repo.go:47.42,52.2 1 0
github.com/goodrain/rainbond-operator/pkg/controller/rbdcomponent/handler/repo.go:54.30,56.2 1 0
github.com/goodrain/rainbond-operator/pkg/controller/rbdcomponent/handler/repo.go:58.64,60.2 1 0
github.com/goodrain/rainbond-operator/pkg/controller/rbdcomponent/handler/repo.go:62.42,106.2 4 0
github.com/goodrain/rainbond-operator/pkg/controller/rbdcomponent/handler/repo.go:108.45,126.2 2 0
github.com/goodrain/rainbond-operator/pkg/controller/rbdcomponent/handler/api.go:47.158,56.2 1 0
github.com/goodrain/rainbond-operator/pkg/controller/rbdcomponent/handler/api.go:58.30,60.16 2 0
github.com/goodrain/rainbond-operator/pkg/controller/rbdcomponent/handler/api.go:63.2,66.16 3 0
github.com/goodrain/rainbond-operator/pkg/controller/rbdcomponent/handler/api.go:69.2,71.86 2 0
github.com/goodrain/rainbond-operator/pkg/controller/rbdcomponent/handler/api.go:75.2,75.12 1 0
github.com/goodrain/rainbond-operator/pkg/controller/rbdcomponent/handler/api.go:60.16,62.3 1 0
github.com/goodrain/rainbond-operator/pkg/controller/rbdcomponent/handler/api.go:66.16,68.3 1 0
github.com/goodrain/rainbond-operator/pkg/controller/rbdcomponent/handler/api.go:71.86,73.3 1 0
github.com/goodrain/rainbond-operator/pkg/controller/rbdcomponent/handler/api.go:78.41,85.2 6 0
github.com/goodrain/rainbond-operator/pkg/controller/rbdcomponent/handler/api.go:87.29,89.2 1 0
github.com/goodrain/rainbond-operator/pkg/controller/rbdcomponent/handler/api.go:91.63,93.2 1 0
github.com/goodrain/rainbond-operator/pkg/controller/rbdcomponent/handler/api.go:95.63,97.2 1 0
github.com/goodrain/rainbond-operator/pkg/controller/rbdcomponent/handler/api.go:99.58,105.2 1 0
github.com/goodrain/rainbond-operator/pkg/controller/rbdcomponent/handler/api.go:107.40,143.25 4 0
github.com/goodrain/rainbond-operator/pkg/controller/rbdcomponent/handler/api.go:149.2,149.27 1 0
github.com/goodrain/rainbond-operator/pkg/controller/rbdcomponent/handler/api.go:160.2,208.11 3 0
github.com/goodrain/rainbond-operator/pkg/controller/rbdcomponent/handler/api.go:143.25,148.3 4 0
github.com/goodrain/rainbond-operator/pkg/controller/rbdcomponent/handler/api.go:149.27,159.3 4 0
github.com/goodrain/rainbond-operator/pkg/controller/rbdcomponent/handler/api.go:211.45,253.2 3 0
github.com/goodrain/rainbond-operator/pkg/controller/rbdcomponent/handler/api.go:255.62,257.2 1 0
github.com/goodrain/rainbond-operator/pkg/controller/rbdcomponent/handler/api.go:258.44,263.25 5 0
github.com/goodrain/rainbond-operator/pkg/controller/rbdcomponent/handler/api.go:278.2,278.15 1 0
github.com/goodrain/rainbond-operator/pkg/controller/rbdcomponent/handler/api.go:286.2,287.16 2 0
github.com/goodrain/rainbond-operator/pkg/controller/rbdcomponent/handler/api.go:291.2,292.16 2 0
github.com/goodrain/rainbond-operator/pkg/controller/rbdcomponent/handler/api.go:296.2,297.16 2 0
github.com/goodrain/rainbond-operator/pkg/controller/rbdcomponent/handler/api.go:301.2,330.11 8 0
github.com/goodrain/rainbond-operator/pkg/controller/rbdcomponent/handler/api.go:263.25,266.89 2 0
github.com/goodrain/rainbond-operator/pkg/controller/rbdcomponent/handler/api.go:269.3,270.22 2 0
github.com/goodrain/rainbond-operator/pkg/controller/rbdcomponent/handler/api.go:266.89,268.4 1 0
github.com/goodrain/rainbond-operator/pkg/controller/rbdcomponent/handler/api.go:270.22,272.18 2 0
github.com/goodrain/rainbond-operator/pkg/controller/rbdcomponent/handler/api.go:272.18,275.5 2 0
github.com/goodrain/rainbond-operator/pkg/controller/rbdcomponent/handler/api.go:278.15,280.17 2 0
github.com/goodrain/rainbond-operator/pkg/controller/rbdcomponent/handler/api.go:280.17,283.4 2 0
github.com/goodrain/rainbond-operator/pkg/controller/rbdcomponent/handler/api.go:287.16,290.3 2 0
github.com/goodrain/rainbond-operator/pkg/controller/rbdcomponent/handler/api.go:292.16,295.3 2 0
github.com/goodrain/rainbond-operator/pkg/controller/rbdcomponent/handler/api.go:297.16,300.3 2 0
github.com/goodrain/rainbond-operator/pkg/controller/rbdcomponent/handler/api.go:333.43,354.2 2 0
github.com/goodrain/rainbond-operator/pkg/controller/rbdcomponent/handler/api.go:356.49,376.2 2 0
github.com/goodrain/rainbond-operator/pkg/controller/rbdcomponent/handler/app-ui.go:39.160,48.2 1 0
github.com/goodrain/rainbond-operator/pkg/controller/rbdcomponent/handler/app-ui.go:50.32,52.16 2 0
github.com/goodrain/rainbond-operator/pkg/controller/rbdcomponent/handler/app-ui.go:55.2,57.86 2 0
github.com/goodrain/rainbond-operator/pkg/controller/rbdcomponent/handler/app-ui.go:61.2,61.61 1 0
github.com/goodrain/rainbond-operator/pkg/controller/rbdcomponent/handler/app-ui.go:52.16,54.3 1 0
github.com/goodrain/rainbond-operator/pkg/controller/rbdcomponent/handler/app-ui.go:57.86,59.3 1 0
github.com/goodrain/rainbond-operator/pkg/controller/rbdcomponent/handler/app-ui.go:64.43,70.2 1 0
github.com/goodrain/rainbond-operator/pkg/controller/rbdcomponent/handler/app-ui.go:72.31,74.2 1 0
github.com/goodrain/rainbond-operator/pkg/controller/rbdcomponent/handler/app-ui.go:76.65,78.2 1 0
github.com/goodrain/rainbond-operator/pkg/controller/rbdcomponent/handler/app-ui.go:80.60,85.2 1 0
github.com/goodrain/rainbond-operator/pkg/controller/rbdcomponent/handler/app-ui.go:87.50,185.34 3 0
github.com/goodrain/rainbond-operator/pkg/controller/rbdcomponent/handler/app-ui.go:191.2,191.15 1 0
github.com/goodrain/rainbond-operator/pkg/controller/rbdcomponent/handler/app-ui.go:185.34,186.69 1 0
github.com/goodrain/rainbond-operator/pkg/controller/rbdcomponent/handler/app-ui.go:186.69,188.4 1 0
github.com/goodrain/rainbond-operator/pkg/controller/rbdcomponent/handler/app-ui.go:194.47,216.2 2 0
github.com/goodrain/rainbond-operator/pkg/controller/rbdcomponent/handler/app-ui.go:218.47,238.2 2 0
github.com/goodrain/rainbond-operator/pkg/controller/rbdcomponent/handler/chaos.go:40.160,48.2 1 0
github.com/goodrain/rainbond-operator/pkg/controller/rbdcomponent/handler/chaos.go:50.32,52.16 2 0
github.com/goodrain/rainbond-operator/pkg/controller/rbdcomponent/handler/chaos.go:55.2,58.16 3 0
github.com/goodrain/rainbond-operator/pkg/controller/rbdcomponent/handler/chaos.go:61.2,63.86 2 0
github.com/goodrain/rainbond-operator/pkg/controller/rbdcomponent/handler/chaos.go:67.2,67.12 1 0
github.com/goodrain/rainbond-operator/pkg/controller/rbdcomponent/handler/chaos.go:52.16,54.3 1 0
github.com/goodrain/rainbond-operator/pkg/controller/rbdcomponent/handler/chaos.go:58.16,60.3 1 0
github.com/goodrain/rainbond-operator/pkg/controller/rbdcomponent/handler/chaos.go:63.86,65.3 1 0
github.com/goodrain/rainbond-operator/pkg/controller/rbdcomponent/handler/chaos.go:70.43,74.2 1 0
github.com/goodrain/rainbond-operator/pkg/controller/rbdcomponent/handler/chaos.go:76.31,78.2 1 0
github.com/goodrain/rainbond-operator/pkg/controller/rbdcomponent/handler/chaos.go:80.65,82.2 1 0
github.com/goodrain/rainbond-operator/pkg/controller/rbdcomponent/handler/chaos.go:84.60,89.2 1 0
github.com/goodrain/rainbond-operator/pkg/controller/rbdcomponent/handler/chaos.go:91.42,139.25 4 0
github.com/goodrain/rainbond-operator/pkg/controller/rbdcomponent/handler/chaos.go:146.2,147.52 2 0
github.com/goodrain/rainbond-operator/pkg/controller/rbdcomponent/handler/chaos.go:151.2,231.11 2 0
github.com/goodrain/rainbond-operator/pkg/controller/rbdcomponent/handler/chaos.go:139.25,144.3 4 0
github.com/goodrain/rainbond-operator/pkg/controller/rbdcomponent/handler/chaos.go:147.52,149.3 1 0
github.com/goodrain/rainbond-operator/pkg/controller/rbdcomponent/handler/monitor.go:36.162,45.2 1 0
github.com/goodrain/rainbond-operator/pkg/controller/rbdcomponent/handler/monitor.go:47.34,49.16 2 0
github.com/goodrain/rainbond-operator/pkg/controller/rbdcomponent/handler/monitor.go:52.2,54.86 2 0
github.com/goodrain/rainbond-operator/pkg/controller/rbdcomponent/handler/monitor.go:58.2,58.12 1 0
github.com/goodrain/rainbond-operator/pkg/controller/rbdcomponent/handler/monitor.go:49.16,51.3 1 0
github.com/goodrain/rainbond-operator/pkg/controller/rbdcomponent/handler/monitor.go:54.86,56.3 1 0
github.com/goodrain/rainbond-operator/pkg/controller/rbdcomponent/handler/monitor.go:61.45,66.2 1 0
github.com/goodrain/rainbond-operator/pkg/controller/rbdcomponent/handler/monitor.go:68.33,70.2 1 0
github.com/goodrain/rainbond-operator/pkg/controller/rbdcomponent/handler/monitor.go:72.53,74.2 1 0
github.com/goodrain/rainbond-operator/pkg/controller/rbdcomponent/handler/monitor.go:76.45,96.25 6 0
github.com/goodrain/rainbond-operator/pkg/controller/rbdcomponent/handler/monitor.go:103.2,148.11 2 0
[...]
github.com/goodrain/rainbond-operator/pkg/openapi/cluster/usecase/install_usecase.go:145.2,145.12 1 1
github.com/goodrain/rainbond-operator/pkg/openapi/cluster/usecase/install_usecase.go:137.16,138.34 1 0
github.com/goodrain/rainbond-operator/pkg/openapi/cluster/usecase/install_usecase.go:142.3,143.39 2 0
github.com/goodrain/rainbond-operator/pkg/openapi/cluster/usecase/install_usecase.go:138.34,141.4 2 0
github.com/goodrain/rainbond-operator/pkg/openapi/cluster/usecase/install_usecase.go:148.122,152.38 2 1
github.com/goodrain/rainbond-operator/pkg/openapi/cluster/usecase/install_usecase.go:159.2,159.25 1 1
github.com/goodrain/rainbond-operator/pkg/openapi/cluster/usecase/install_usecase.go:179.2,188.15 2 1
github.com/goodrain/rainbond-operator/pkg/openapi/cluster/usecase/install_usecase.go:152.38,157.3 1 1
github.com/goodrain/rainbond-operator/pkg/openapi/cluster/usecase/install_usecase.go:159.25,161.10 2 1
github.com/goodrain/rainbond-operator/pkg/openapi/cluster/usecase/install_usecase.go:176.3,176.29 1 1
github.com/goodrain/rainbond-operator/pkg/openapi/cluster/usecase/install_usecase.go:162.44,167.5 1 0
github.com/goodrain/rainbond-operator/pkg/openapi/cluster/usecase/install_usecase.go:168.38,172.5 1 1
github.com/goodrain/rainbond-operator/pkg/openapi/cluster/usecase/install_usecase.go:173.32,174.50 1 0
github.com/goodrain/rainbond-operator/pkg/openapi/cluster/usecase/install_usecase.go:191.59,201.16 4 0
github.com/goodrain/rainbond-operator/pkg/openapi/cluster/usecase/install_usecase.go:209.2,210.12 2 0
github.com/goodrain/rainbond-operator/pkg/openapi/cluster/usecase/install_usecase.go:201.16,202.34 1 0
github.com/goodrain/rainbond-operator/pkg/openapi/cluster/usecase/install_usecase.go:206.3,207.40 2 0
github.com/goodrain/rainbond-operator/pkg/openapi/cluster/usecase/install_usecase.go:202.34,205.4 2 0
github.com/goodrain/rainbond-operator/pkg/openapi/cluster/usecase/install_usecase.go:213.84,215.16 2 0
github.com/goodrain/rainbond-operator/pkg/openapi/cluster/usecase/install_usecase.go:219.2,232.74 2 0
github.com/goodrain/rainbond-operator/pkg/openapi/cluster/usecase/install_usecase.go:236.2,238.34 3 0
github.com/goodrain/rainbond-operator/pkg/openapi/cluster/usecase/install_usecase.go:245.2,248.36 3 0
github.com/goodrain/rainbond-operator/pkg/openapi/cluster/usecase/install_usecase.go:251.2,251.41 1 0
github.com/goodrain/rainbond-operator/pkg/openapi/cluster/usecase/install_usecase.go:255.2,255.47 1 0
github.com/goodrain/rainbond-operator/pkg/openapi/cluster/usecase/install_usecase.go:269.2,269.12 1 0
github.com/goodrain/rainbond-operator/pkg/openapi/cluster/usecase/install_usecase.go:215.16,217.3 1 0
github.com/goodrain/rainbond-operator/pkg/openapi/cluster/usecase/install_usecase.go:232.74,234.3 1 0
github.com/goodrain/rainbond-operator/pkg/openapi/cluster/usecase/install_usecase.go:238.34,242.3 3 0
github.com/goodrain/rainbond-operator/pkg/openapi/cluster/usecase/install_usecase.go:242.8,244.3 1 0
github.com/goodrain/rainbond-operator/pkg/openapi/cluster/usecase/install_usecase.go:248.36,250.3 1 0
github.com/goodrain/rainbond-operator/pkg/openapi/cluster/usecase/install_usecase.go:251.41,253.3 1 0
github.com/goodrain/rainbond-operator/pkg/openapi/cluster/usecase/install_usecase.go:255.47,260.118 4 0
github.com/goodrain/rainbond-operator/pkg/openapi/cluster/usecase/install_usecase.go:260.118,261.35 1 0
github.com/goodrain/rainbond-operator/pkg/openapi/cluster/usecase/install_usecase.go:265.4,266.38 2 0
github.com/goodrain/rainbond-operator/pkg/openapi/cluster/usecase/install_usecase.go:261.35,263.13 2 0
github.com/goodrain/rainbond-operator/pkg/openapi/cluster/usecase/install_usecase.go:273.72,277.16 4 0
github.com/goodrain/rainbond-operator/pkg/openapi/cluster/usecase/install_usecase.go:281.2,282.16 2 0
github.com/goodrain/rainbond-operator/pkg/openapi/cluster/usecase/install_usecase.go:286.2,287.16 2 0
github.com/goodrain/rainbond-operator/pkg/openapi/cluster/usecase/install_usecase.go:291.2,292.24 2 0
github.com/goodrain/rainbond-operator/pkg/openapi/cluster/usecase/install_usecase.go:297.2,297.23 1 0
github.com/goodrain/rainbond-operator/pkg/openapi/cluster/usecase/install_usecase.go:277.16,280.3 2 0
github.com/goodrain/rainbond-operator/pkg/openapi/cluster/usecase/install_usecase.go:282.16,285.3 2 0
github.com/goodrain/rainbond-operator/pkg/openapi/cluster/usecase/install_usecase.go:287.16,290.3 2 0
github.com/goodrain/rainbond-operator/pkg/openapi/cluster/usecase/install_usecase.go:292.25,294.3 0 0
github.com/goodrain/rainbond-operator/pkg/openapi/cluster/usecase/install_usecase.go:294.8,296.3 1 0
github.com/goodrain/rainbond-operator/pkg/openapi/cluster/usecase/install_usecase.go:300.195,311.2 8 0
github.com/goodrain/rainbond-operator/pkg/openapi/cluster/usecase/install_usecase.go:314.65,321.2 2 0
github.com/goodrain/rainbond-operator/pkg/openapi/cluster/usecase/install_usecase.go:323.141,324.38 1 0
github.com/goodrain/rainbond-operator/pkg/openapi/cluster/usecase/install_usecase.go:332.2,338.38 3 0
github.com/goodrain/rainbond-operator/pkg/openapi/cluster/usecase/install_usecase.go:344.2,344.30 1 0
github.com/goodrain/rainbond-operator/pkg/openapi/cluster/usecase/install_usecase.go:350.2,351.36 2 0
github.com/goodrain/rainbond-operator/pkg/openapi/cluster/usecase/install_usecase.go:357.2,357.39 1 0
github.com/goodrain/rainbond-operator/pkg/openapi/cluster/usecase/install_usecase.go:363.2,366.15 3 0
github.com/goodrain/rainbond-operator/pkg/openapi/cluster/usecase/install_usecase.go:324.38,330.3 1 0
github.com/goodrain/rainbond-operator/pkg/openapi/cluster/usecase/install_usecase.go:338.38,339.25 1 0
github.com/goodrain/rainbond-operator/pkg/openapi/cluster/usecase/install_usecase.go:339.25,341.4 1 0
github.com/goodrain/rainbond-operator/pkg/openapi/cluster/usecase/install_usecase.go:344.30,348.3 2 0
github.com/goodrain/rainbond-operator/pkg/openapi/cluster/usecase/install_usecase.go:351.36,352.45 1 0
github.com/goodrain/rainbond-operator/pkg/openapi/cluster/usecase/install_usecase.go:352.45,354.4 1 0
github.com/goodrain/rainbond-operator/pkg/openapi/cluster/usecase/install_usecase.go:357.39,361.3 3 0
github.com/goodrain/rainbond-operator/pkg/openapi/cluster/usecase/install_usecase.go:370.138,372.27 2 0
github.com/goodrain/rainbond-operator/pkg/openapi/cluster/usecase/install_usecase.go:379.2,380.22 2 0
github.com/goodrain/rainbond-operator/pkg/openapi/cluster/usecase/install_usecase.go:386.2,389.26 2 0
github.com/goodrain/rainbond-operator/pkg/openapi/cluster/usecase/install_usecase.go:405.2,405.15 1 0
github.com/goodrain/rainbond-operator/pkg/openapi/cluster/usecase/install_usecase.go:372.27,377.3 1 0
github.com/goodrain/rainbond-operator/pkg/openapi/cluster/usecase/install_usecase.go:380.22,385.3 1 0
github.com/goodrain/rainbond-operator/pkg/openapi/cluster/usecase/install_usecase.go:390.24,392.39 2 0
github.com/goodrain/rainbond-operator/pkg/openapi/cluster/usecase/install_usecase.go:393.26,395.24 2 0
github.com/goodrain/rainbond-operator/pkg/openapi/cluster/usecase/install_usecase.go:396.23,400.35 4 0
github.com/goodrain/rainbond-operator/pkg/openapi/cluster/usecase/install_usecase.go:401.10,402.39 1 0
github.com/goodrain/rainbond-operator/pkg/openapi/cluster/usecase/install_usecase.go:409.136,411.27 2 0
github.com/goodrain/rainbond-operator/pkg/openapi/cluster/usecase/install_usecase.go:417.2,418.22 2 0
github.com/goodrain/rainbond-operator/pkg/openapi/cluster/usecase/install_usecase.go:424.2,427.26 2 0
github.com/goodrain/rainbond-operator/pkg/openapi/cluster/usecase/install_usecase.go:443.2,443.15 1 0
github.com/goodrain/rainbond-operator/pkg/openapi/cluster/usecase/install_usecase.go:411.27,416.3 1 0
github.com/goodrain/rainbond-operator/pkg/openapi/cluster/usecase/install_usecase.go:418.22,423.3 1 0
github.com/goodrain/rainbond-operator/pkg/openapi/cluster/usecase/install_usecase.go:428.24,430.39 2 0
github.com/goodrain/rainbond-operator/pkg/openapi/cluster/usecase/install_usecase.go:431.26,433.24 2 0
github.com/goodrain/rainbond-operator/pkg/openapi/cluster/usecase/install_usecase.go:434.23,438.35 4 0
github.com/goodrain/rainbond-operator/pkg/openapi/cluster/usecase/install_usecase.go:439.10,440.39 1 0
github.com/goodrain/rainbond-operator/pkg/openapi/cluster/usecase/install_usecase.go:447.141,449.27 2 0
github.com/goodrain/rainbond-operator/pkg/openapi/cluster/usecase/install_usecase.go:455.2,456.22 2 0
github.com/goodrain/rainbond-operator/pkg/openapi/cluster/usecase/install_usecase.go:462.2,465.26 2 0
github.com/goodrain/rainbond-operator/pkg/openapi/cluster/usecase/install_usecase.go:481.2,481.15 1 0
github.com/goodrain/rainbond-operator/pkg/openapi/cluster/usecase/install_usecase.go:449.27,454.3 1 0
github.com/goodrain/rainbond-operator/pkg/openapi/cluster/usecase/install_usecase.go:456.22,461.3 1 0
github.com/goodrain/rainbond-operator/pkg/openapi/cluster/usecase/install_usecase.go:466.24,468.39 2 0
github.com/goodrain/rainbond-operator/pkg/openapi/cluster/usecase/install_usecase.go:469.26,471.24 2 0
github.com/goodrain/rainbond-operator/pkg/openapi/cluster/usecase/install_usecase.go:472.23,476.35 4 0
github.com/goodrain/rainbond-operator/pkg/openapi/cluster/usecase/install_usecase.go:477.10,478.39 1 0
github.com/goodrain/rainbond-operator/pkg/openapi/cluster/usecase/install_usecase.go:485.149,492.27 3 0
github.com/goodrain/rainbond-operator/pkg/openapi/cluster/usecase/install_usecase.go:496.2,497.64 2 0
github.com/goodrain/rainbond-operator/pkg/openapi/cluster/usecase/install_usecase.go:502.2,503.38 2 0
github.com/goodrain/rainbond-operator/pkg/openapi/cluster/usecase/install_usecase.go:509.2,509.41 1 0
github.com/goodrain/rainbond-operator/pkg/openapi/cluster/usecase/install_usecase.go:515.2,518.15 3 0
github.com/goodrain/rainbond-operator/pkg/openapi/cluster/usecase/install_usecase.go:492.27,494.3 1 0
github.com/goodrain/rainbond-operator/pkg/openapi/cluster/usecase/install_usecase.go:497.64,500.3 2 0
github.com/goodrain/rainbond-operator/pkg/openapi/cluster/usecase/install_usecase.go:503.38,504.45 1 0
github.com/goodrain/rainbond-operator/pkg/openapi/cluster/usecase/install_usecase.go:504.45,506.4 1 0
github.com/goodrain/rainbond-operator/pkg/openapi/cluster/usecase/install_usecase.go:509.41,513.3 3 0
github.com/goodrain/rainbond-operator/pkg/openapi/cluster/usecase/install_usecase.go:521.171,522.42 1 0
github.com/goodrain/rainbond-operator/pkg/openapi/cluster/usecase/install_usecase.go:527.2,527.12 1 0
github.com/goodrain/rainbond-operator/pkg/openapi/cluster/usecase/install_usecase.go:522.42,523.31 1 0
github.com/goodrain/rainbond-operator/pkg/openapi/cluster/usecase/install_usecase.go:523.31,525.4 1 0
github.com/goodrain/rainbond-operator/pkg/openapi/cluster/usecase/usecase_impl.go:18.129,25.2 6 0
github.com/goodrain/rainbond-operator/pkg/openapi/cluster/usecase/usecase_impl.go:28.58,30.2 1 0
github.com/goodrain/rainbond-operator/pkg/openapi/cluster/usecase/usecase_impl.go:33.64,35.2 1 0
github.com/goodrain/rainbond-operator/pkg/openapi/cluster/usecase/usecase_impl.go:38.53,40.2 1 0
github.com/goodrain/rainbond-operator/pkg/openapi/cluster/usecase/usecase_impl.go:43.46,45.2 1 0
github.com/goodrain/rainbond-operator/pkg/openapi/upload/upload.go:17.57,18.48 1 0
github.com/goodrain/rainbond-operator/pkg/openapi/upload/upload.go:18.48,21.3 2 0
github.com/goodrain/rainbond-operator/pkg/openapi/upload/upload.go:25.65,28.2 2 0
github.com/goodrain/rainbond-operator/pkg/openapi/upload/upload.go:31.45,34.16 2 0
github.com/goodrain/rainbond-operator/pkg/openapi/upload/upload.go:38.2,41.78 2 0
github.com/goodrain/rainbond-operator/pkg/openapi/upload/upload.go:47.2,47.68 1 0
github.com/goodrain/rainbond-operator/pkg/openapi/upload/upload.go:52.2,52.71 1 0
github.com/goodrain/rainbond-operator/pkg/openapi/upload/upload.go:34.16,37.3 2 0
github.com/goodrain/rainbond-operator/pkg/openapi/upload/upload.go:41.78,44.3 2 0
github.com/goodrain/rainbond-operator/pkg/openapi/upload/upload.go:47.68,50.3 2 0
github.com/goodrain/rainbond-operator/pkg/openapi/user/usecase/user_ucase.go:24.78,31.2 2 3
github.com/goodrain/rainbond-operator/pkg/openapi/user/usecase/user_ucase.go:33.72,35.16 2 3
github.com/goodrain/rainbond-operator/pkg/openapi/user/usecase/user_ucase.go:42.2,42.31 1 2
github.com/goodrain/rainbond-operator/pkg/openapi/user/usecase/user_ucase.go:46.2,47.16 2 1
github.com/goodrain/rainbond-operator/pkg/openapi/user/usecase/user_ucase.go:51.2,51.19 1 1
github.com/goodrain/rainbond-operator/pkg/openapi/user/usecase/user_ucase.go:35.16,36.36 1 1
github.com/goodrain/rainbond-operator/pkg/openapi/user/usecase/user_ucase.go:39.3,39.17 1 1
github.com/goodrain/rainbond-operator/pkg/openapi/user/usecase/user_ucase.go:36.36,38.4 1 0
github.com/goodrain/rainbond-operator/pkg/openapi/user/usecase/user_ucase.go:42.31,44.3 1 1
github.com/goodrain/rainbond-operator/pkg/openapi/user/usecase/user_ucase.go:47.16,49.3 1 0
github.com/goodrain/rainbond-operator/pkg/openapi/user/usecase/user_ucase.go:55.72,63.16 3 1
github.com/goodrain/rainbond-operator/pkg/openapi/user/usecase/user_ucase.go:67.2,67.22 1 1
github.com/goodrain/rainbond-operator/pkg/openapi/user/usecase/user_ucase.go:63.16,65.3 1 0
github.com/goodrain/rainbond-operator/pkg/util/downloadutil/downloadutil.go:29.56,32.16 2 0
github.com/goodrain/rainbond-operator/pkg/util/downloadutil/downloadutil.go:35.2,35.15 1 0
github.com/goodrain/rainbond-operator/pkg/util/downloadutil/downloadutil.go:36.2,38.24 3 0
github.com/goodrain/rainbond-operator/pkg/util/downloadutil/downloadutil.go:42.2,43.15 2 0
github.com/goodrain/rainbond-operator/pkg/util/downloadutil/downloadutil.go:48.2,48.16 1 0
github.com/goodrain/rainbond-operator/pkg/util/downloadutil/downloadutil.go:51.2,55.15 4 0
github.com/goodrain/rainbond-operator/pkg/util/downloadutil/downloadutil.go:56.2,56.47 1 0
github.com/goodrain/rainbond-operator/pkg/util/downloadutil/downloadutil.go:59.2,61.16 3 0
github.com/goodrain/rainbond-operator/pkg/util/downloadutil/downloadutil.go:64.2,65.50 2 0
github.com/goodrain/rainbond-operator/pkg/util/downloadutil/downloadutil.go:68.2,70.54 3 0
github.com/goodrain/rainbond-operator/pkg/util/downloadutil/downloadutil.go:73.2,73.62 1 0
github.com/goodrain/rainbond-operator/pkg/util/downloadutil/downloadutil.go:76.2,76.12 1 0
github.com/goodrain/rainbond-operator/pkg/util/downloadutil/downloadutil.go:32.16,34.3 1 0
github.com/goodrain/rainbond-operator/pkg/util/downloadutil/downloadutil.go:35.15,35.40 1 0
github.com/goodrain/rainbond-operator/pkg/util/downloadutil/downloadutil.go:38.24,40.3 1 0
github.com/goodrain/rainbond-operator/pkg/util/downloadutil/downloadutil.go:43.15,47.3 2 0
github.com/goodrain/rainbond-operator/pkg/util/downloadutil/downloadutil.go:48.16,50.3 1 0
github.com/goodrain/rainbond-operator/pkg/util/downloadutil/downloadutil.go:55.15,55.37 1 0
github.com/goodrain/rainbond-operator/pkg/util/downloadutil/downloadutil.go:56.47,58.3 1 0
github.com/goodrain/rainbond-operator/pkg/util/downloadutil/downloadutil.go:61.16,63.3 1 0
github.com/goodrain/rainbond-operator/pkg/util/downloadutil/downloadutil.go:65.50,67.3 1 0
github.com/goodrain/rainbond-operator/pkg/util/downloadutil/downloadutil.go:70.54,72.3 1 0
github.com/goodrain/rainbond-operator/pkg/util/downloadutil/downloadutil.go:73.62,75.3 1 0
github.com/goodrain/rainbond-operator/pkg/util/downloadutil/downloadutil.go:80.81,81.25 1 0
github.com/goodrain/rainbond-operator/pkg/util/downloadutil/downloadutil.go:82.32,83.38 1 0
github.com/goodrain/rainbond-operator/pkg/util/downloadutil/downloadutil.go:84.29,86.33 2 0
github.com/goodrain/rainbond-operator/pkg/util/downloadutil/downloadutil.go:89.3,89.123 1 0
github.com/goodrain/rainbond-operator/pkg/util/downloadutil/downloadutil.go:90.34,92.91 2 0
github.com/goodrain/rainbond-operator/pkg/util/downloadutil/downloadutil.go:93.31,94.88 1 0
github.com/goodrain/rainbond-operator/pkg/util/downloadutil/downloadutil.go:95.10,95.10 0 0
github.com/goodrain/rainbond-operator/pkg/util/downloadutil/downloadutil.go:86.33,88.4 1 0
github.com/goodrain/rainbond-operator/pkg/util/downloadutil/downloadutil.go:100.71,102.52 2 0
github.com/goodrain/rainbond-operator/pkg/util/downloadutil/downloadutil.go:106.2,108.22 3 0
github.com/goodrain/rainbond-operator/pkg/util/downloadutil/downloadutil.go:111.2,111.12 1 0
github.com/goodrain/rainbond-operator/pkg/util/downloadutil/downloadutil.go:102.52,105.3 2 0
github.com/goodrain/rainbond-operator/pkg/util/downloadutil/downloadutil.go:108.22,110.3 1 0
github.com/goodrain/rainbond-operator/pkg/util/downloadutil/downloadutil.go:114.58,116.2 1 0
github.com/goodrain/rainbond-operator/pkg/util/downloadutil/downloadutil.go:124.40,126.16 2 0
github.com/goodrain/rainbond-operator/pkg/util/downloadutil/downloadutil.go:130.2,132.16 3 0
github.com/goodrain/rainbond-operator/pkg/util/downloadutil/downloadutil.go:136.2,137.17 2 0
github.com/goodrain/rainbond-operator/pkg/util/downloadutil/downloadutil.go:126.16,129.3 2 0
github.com/goodrain/rainbond-operator/pkg/util/downloadutil/downloadutil.go:132.16,135.3 2 0
github.com/goodrain/rainbond-operator/pkg/util/tarutil/tarutil.go:18.57,20.16 2 0
github.com/goodrain/rainbond-operator/pkg/util/tarutil/tarutil.go:23.2,23.15 1 0
github.com/goodrain/rainbond-operator/pkg/util/tarutil/tarutil.go:27.2,28.16 2 0
github.com/goodrain/rainbond-operator/pkg/util/tarutil/tarutil.go:33.2,34.116 2 0
github.com/goodrain/rainbond-operator/pkg/util/tarutil/tarutil.go:39.2,42.29 2 0
github.com/goodrain/rainbond-operator/pkg/util/tarutil/tarutil.go:106.2,106.12 1 0
github.com/goodrain/rainbond-operator/pkg/util/tarutil/tarutil.go:20.16,22.3 1 0
github.com/goodrain/rainbond-operator/pkg/util/tarutil/tarutil.go:23.15,25.3 1 0
github.com/goodrain/rainbond-operator/pkg/util/tarutil/tarutil.go:28.16,30.3 1 0
github.com/goodrain/rainbond-operator/pkg/util/tarutil/tarutil.go:34.116,38.3 3 0
github.com/goodrain/rainbond-operator/pkg/util/tarutil/tarutil.go:42.29,46.17 3 0
github.com/goodrain/rainbond-operator/pkg/util/tarutil/tarutil.go:50.3,50.24 1 0
github.com/goodrain/rainbond-operator/pkg/util/tarutil/tarutil.go:54.3,54.38 1 0
github.com/goodrain/rainbond-operator/pkg/util/tarutil/tarutil.go:59.3,59.67 1 0
github.com/goodrain/rainbond-operator/pkg/util/tarutil/tarutil.go:102.3,102.53 1 0
github.com/goodrain/rainbond-operator/pkg/util/tarutil/tarutil.go:46.17,48.12 2 0
github.com/goodrain/rainbond-operator/pkg/util/tarutil/tarutil.go:50.24,52.12 2 0
github.com/goodrain/rainbond-operator/pkg/util/tarutil/tarutil.go:54.38,56.12 2 0
github.com/goodrain/rainbond-operator/pkg/util/tarutil/tarutil.go:59.67,60.18 1 0
github.com/goodrain/rainbond-operator/pkg/util/tarutil/tarutil.go:65.4,66.18 2 0
github.com/goodrain/rainbond-operator/pkg/util/tarutil/tarutil.go:70.4,71.28 2 0
github.com/goodrain/rainbond-operator/pkg/util/tarutil/tarutil.go:78.4,80.46 2 0
github.com/goodrain/rainbond-operator/pkg/util/tarutil/tarutil.go:84.4,84.28 1 0
github.com/goodrain/rainbond-operator/pkg/util/tarutil/tarutil.go:89.4,90.18 2 0
github.com/goodrain/rainbond-operator/pkg/util/tarutil/tarutil.go:93.4,95.18 3 0
github.com/goodrain/rainbond-operator/pkg/util/tarutil/tarutil.go:98.4,98.14 1 0
github.com/goodrain/rainbond-operator/pkg/util/tarutil/tarutil.go:60.18,62.5 1 0
github.com/goodrain/rainbond-operator/pkg/util/tarutil/tarutil.go:66.18,68.5 1 0
github.com/goodrain/rainbond-operator/pkg/util/tarutil/tarutil.go:71.28,73.19 2 0
github.com/goodrain/rainbond-operator/pkg/util/tarutil/tarutil.go:73.19,75.6 1 0
github.com/goodrain/rainbond-operator/pkg/util/tarutil/tarutil.go:80.46,82.5 1 0
github.com/goodrain/rainbond-operator/pkg/util/tarutil/tarutil.go:84.28,86.5 1 0
github.com/goodrain/rainbond-operator/pkg/util/tarutil/tarutil.go:90.18,92.5 1 0
github.com/goodrain/rainbond-operator/pkg/util/tarutil/tarutil.go:95.18,97.5 1 0
github.com/goodrain/rainbond-operator/pkg/util/tarutil/tarutil.go:102.53,104.4 1 0
github.com/goodrain/rainbond-operator/pkg/util/tarutil/tarutil.go:110.50,115.2 4 0
